$ bunx tsc --noEmit
src/components/accessibility/hooks/usePortugueseVoiceAccessibility.ts(76,33): error TS2749: 'SpeechRecognition' refers to a value, but is being used as a type here. Did you mean 'typeof SpeechRecognition'?
src/components/bank-accounts/BankAccountForm.tsx(60,5): error TS2322: Type 'Resolver<{ account_type: "savings" | "cash" | "checking" | "investment"; balance: unknown; institution_name: string; currency?: string | undefined; is_active?: boolean | undefined; is_primary?: boolean | undefined; }, any, { ...; }>' is not assignable to type 'Resolver<{ account_type: "savings" | "cash" | "checking" | "investment"; balance: number; currency: string; institution_name: string; is_active: boolean; is_primary: boolean; }, any, { account_type: "savings" | ... 2 more ... | "investment"; ... 4 more ...; is_primary: boolean; }>'.
  Types of parameters 'options' and 'options' are incompatible.
    Type 'ResolverOptions<{ account_type: "savings" | "cash" | "checking" | "investment"; balance: number; currency: string; institution_name: string; is_active: boolean; is_primary: boolean; }>' is not assignable to type 'ResolverOptions<{ account_type: "savings" | "cash" | "checking" | "investment"; balance: unknown; institution_name: string; currency?: string | undefined; is_active?: boolean | undefined; is_primary?: boolean | undefined; }>'.
      Type 'unknown' is not assignable to type 'number'.
src/components/bank-accounts/BankAccountForm.tsx(99,41): error TS2345: Argument of type '(values: BankAccountFormValues) => void' is not assignable to parameter of type 'SubmitHandler<TFieldValues>'.
  Types of parameters 'values' and 'data' are incompatible.
    Type 'TFieldValues' is not assignable to type '{ account_type: "savings" | "cash" | "checking" | "investment"; balance: number; currency: string; institution_name: string; is_active: boolean; is_primary: boolean; }'.
      Type 'FieldValues' is missing the following properties from type '{ account_type: "savings" | "cash" | "checking" | "investment"; balance: number; currency: string; institution_name: string; is_active: boolean; is_primary: boolean; }': account_type, balance, currency, institution_name, and 2 more.
src/components/bank-accounts/BankAccountForm.tsx(101,11): error TS2322: Type 'Control<{ account_type: "savings" | "cash" | "checking" | "investment"; balance: number; currency: string; institution_name: string; is_active: boolean; is_primary: boolean; }, any, TFieldValues>' is not assignable to type 'Control<{ account_type: "savings" | "cash" | "checking" | "investment"; balance: number; currency: string; institution_name: string; is_active: boolean; is_primary: boolean; }, any, { account_type: "savings" | ... 2 more ... | "investment"; ... 4 more ...; is_primary: boolean; }>'.
  The types of '_options.resolver' are incompatible between these types.
    Type 'Resolver<{ account_type: "savings" | "cash" | "checking" | "investment"; balance: number; currency: string; institution_name: string; is_active: boolean; is_primary: boolean; }, any, TFieldValues> | undefined' is not assignable to type 'Resolver<{ account_type: "savings" | "cash" | "checking" | "investment"; balance: number; currency: string; institution_name: string; is_active: boolean; is_primary: boolean; }, any, { account_type: "savings" | ... 2 more ... | "investment"; ... 4 more ...; is_primary: boolean; }> | undefined'.
      Type 'Resolver<{ account_type: "savings" | "cash" | "checking" | "investment"; balance: number; currency: string; institution_name: string; is_active: boolean; is_primary: boolean; }, any, TFieldValues>' is not assignable to type 'Resolver<{ account_type: "savings" | "cash" | "checking" | "investment"; balance: number; currency: string; institution_name: string; is_active: boolean; is_primary: boolean; }, any, { account_type: "savings" | ... 2 more ... | "investment"; ... 4 more ...; is_primary: boolean; }>'.
        Type 'ResolverResult<{ account_type: "savings" | "cash" | "checking" | "investment"; balance: number; currency: string; institution_name: string; is_active: boolean; is_primary: boolean; }, TFieldValues> | Promise<...>' is not assignable to type 'ResolverResult<{ account_type: "savings" | "cash" | "checking" | "investment"; balance: number; currency: string; institution_name: string; is_active: boolean; is_primary: boolean; }, { account_type: "savings" | ... 2 more ... | "investment"; ... 4 more ...; is_primary: boolean; }> | Promise<...>'.
          Type 'ResolverSuccess<TFieldValues>' is not assignable to type 'ResolverResult<{ account_type: "savings" | "cash" | "checking" | "investment"; balance: number; currency: string; institution_name: string; is_active: boolean; is_primary: boolean; }, { account_type: "savings" | ... 2 more ... | "investment"; ... 4 more ...; is_primary: boolean; }> | Promise<...>'.
            Type 'ResolverSuccess<TFieldValues>' is not assignable to type 'ResolverSuccess<{ account_type: "savings" | "cash" | "checking" | "investment"; balance: number; currency: string; institution_name: string; is_active: boolean; is_primary: boolean; }>'.
              Type 'TFieldValues' is not assignable to type '{ account_type: "savings" | "cash" | "checking" | "investment"; balance: number; currency: string; institution_name: string; is_active: boolean; is_primary: boolean; }'.
                Type 'FieldValues' is missing the following properties from type '{ account_type: "savings" | "cash" | "checking" | "investment"; balance: number; currency: string; institution_name: string; is_active: boolean; is_primary: boolean; }': account_type, balance, currency, institution_name, and 2 more.
src/components/bank-accounts/BankAccountForm.tsx(116,13): error TS2322: Type 'Control<{ account_type: "savings" | "cash" | "checking" | "investment"; balance: number; currency: string; institution_name: string; is_active: boolean; is_primary: boolean; }, any, TFieldValues>' is not assignable to type 'Control<{ account_type: "savings" | "cash" | "checking" | "investment"; balance: number; currency: string; institution_name: string; is_active: boolean; is_primary: boolean; }, any, { account_type: "savings" | ... 2 more ... | "investment"; ... 4 more ...; is_primary: boolean; }>'.
  The types of '_options.resolver' are incompatible between these types.
    Type 'Resolver<{ account_type: "savings" | "cash" | "checking" | "investment"; balance: number; currency: string; institution_name: string; is_active: boolean; is_primary: boolean; }, any, TFieldValues> | undefined' is not assignable to type 'Resolver<{ account_type: "savings" | "cash" | "checking" | "investment"; balance: number; currency: string; institution_name: string; is_active: boolean; is_primary: boolean; }, any, { account_type: "savings" | ... 2 more ... | "investment"; ... 4 more ...; is_primary: boolean; }> | undefined'.
      Type 'Resolver<{ account_type: "savings" | "cash" | "checking" | "investment"; balance: number; currency: string; institution_name: string; is_active: boolean; is_primary: boolean; }, any, TFieldValues>' is not assignable to type 'Resolver<{ account_type: "savings" | "cash" | "checking" | "investment"; balance: number; currency: string; institution_name: string; is_active: boolean; is_primary: boolean; }, any, { account_type: "savings" | ... 2 more ... | "investment"; ... 4 more ...; is_primary: boolean; }>'.
        Type 'ResolverResult<{ account_type: "savings" | "cash" | "checking" | "investment"; balance: number; currency: string; institution_name: string; is_active: boolean; is_primary: boolean; }, TFieldValues> | Promise<...>' is not assignable to type 'ResolverResult<{ account_type: "savings" | "cash" | "checking" | "investment"; balance: number; currency: string; institution_name: string; is_active: boolean; is_primary: boolean; }, { account_type: "savings" | ... 2 more ... | "investment"; ... 4 more ...; is_primary: boolean; }> | Promise<...>'.
          Type 'ResolverSuccess<TFieldValues>' is not assignable to type 'ResolverResult<{ account_type: "savings" | "cash" | "checking" | "investment"; balance: number; currency: string; institution_name: string; is_active: boolean; is_primary: boolean; }, { account_type: "savings" | ... 2 more ... | "investment"; ... 4 more ...; is_primary: boolean; }> | Promise<...>'.
            Type 'ResolverSuccess<TFieldValues>' is not assignable to type 'ResolverSuccess<{ account_type: "savings" | "cash" | "checking" | "investment"; balance: number; currency: string; institution_name: string; is_active: boolean; is_primary: boolean; }>'.
              Type 'TFieldValues' is not assignable to type '{ account_type: "savings" | "cash" | "checking" | "investment"; balance: number; currency: string; institution_name: string; is_active: boolean; is_primary: boolean; }'.
                Type 'FieldValues' is missing the following properties from type '{ account_type: "savings" | "cash" | "checking" | "investment"; balance: number; currency: string; institution_name: string; is_active: boolean; is_primary: boolean; }': account_type, balance, currency, institution_name, and 2 more.
src/components/bank-accounts/BankAccountForm.tsx(144,13): error TS2322: Type 'Control<{ account_type: "savings" | "cash" | "checking" | "investment"; balance: number; currency: string; institution_name: string; is_active: boolean; is_primary: boolean; }, any, TFieldValues>' is not assignable to type 'Control<{ account_type: "savings" | "cash" | "checking" | "investment"; balance: number; currency: string; institution_name: string; is_active: boolean; is_primary: boolean; }, any, { account_type: "savings" | ... 2 more ... | "investment"; ... 4 more ...; is_primary: boolean; }>'.
  The types of '_options.resolver' are incompatible between these types.
    Type 'Resolver<{ account_type: "savings" | "cash" | "checking" | "investment"; balance: number; currency: string; institution_name: string; is_active: boolean; is_primary: boolean; }, any, TFieldValues> | undefined' is not assignable to type 'Resolver<{ account_type: "savings" | "cash" | "checking" | "investment"; balance: number; currency: string; institution_name: string; is_active: boolean; is_primary: boolean; }, any, { account_type: "savings" | ... 2 more ... | "investment"; ... 4 more ...; is_primary: boolean; }> | undefined'.
      Type 'Resolver<{ account_type: "savings" | "cash" | "checking" | "investment"; balance: number; currency: string; institution_name: string; is_active: boolean; is_primary: boolean; }, any, TFieldValues>' is not assignable to type 'Resolver<{ account_type: "savings" | "cash" | "checking" | "investment"; balance: number; currency: string; institution_name: string; is_active: boolean; is_primary: boolean; }, any, { account_type: "savings" | ... 2 more ... | "investment"; ... 4 more ...; is_primary: boolean; }>'.
        Type 'ResolverResult<{ account_type: "savings" | "cash" | "checking" | "investment"; balance: number; currency: string; institution_name: string; is_active: boolean; is_primary: boolean; }, TFieldValues> | Promise<...>' is not assignable to type 'ResolverResult<{ account_type: "savings" | "cash" | "checking" | "investment"; balance: number; currency: string; institution_name: string; is_active: boolean; is_primary: boolean; }, { account_type: "savings" | ... 2 more ... | "investment"; ... 4 more ...; is_primary: boolean; }> | Promise<...>'.
          Type 'ResolverSuccess<TFieldValues>' is not assignable to type 'ResolverResult<{ account_type: "savings" | "cash" | "checking" | "investment"; balance: number; currency: string; institution_name: string; is_active: boolean; is_primary: boolean; }, { account_type: "savings" | ... 2 more ... | "investment"; ... 4 more ...; is_primary: boolean; }> | Promise<...>'.
            Type 'ResolverSuccess<TFieldValues>' is not assignable to type 'ResolverSuccess<{ account_type: "savings" | "cash" | "checking" | "investment"; balance: number; currency: string; institution_name: string; is_active: boolean; is_primary: boolean; }>'.
              Type 'TFieldValues' is not assignable to type '{ account_type: "savings" | "cash" | "checking" | "investment"; balance: number; currency: string; institution_name: string; is_active: boolean; is_primary: boolean; }'.
                Type 'FieldValues' is missing the following properties from type '{ account_type: "savings" | "cash" | "checking" | "investment"; balance: number; currency: string; institution_name: string; is_active: boolean; is_primary: boolean; }': account_type, balance, currency, institution_name, and 2 more.
src/components/bank-accounts/BankAccountForm.tsx(172,11): error TS2322: Type 'Control<{ account_type: "savings" | "cash" | "checking" | "investment"; balance: number; currency: string; institution_name: string; is_active: boolean; is_primary: boolean; }, any, TFieldValues>' is not assignable to type 'Control<{ account_type: "savings" | "cash" | "checking" | "investment"; balance: number; currency: string; institution_name: string; is_active: boolean; is_primary: boolean; }, any, { account_type: "savings" | ... 2 more ... | "investment"; ... 4 more ...; is_primary: boolean; }>'.
  The types of '_options.resolver' are incompatible between these types.
    Type 'Resolver<{ account_type: "savings" | "cash" | "checking" | "investment"; balance: number; currency: string; institution_name: string; is_active: boolean; is_primary: boolean; }, any, TFieldValues> | undefined' is not assignable to type 'Resolver<{ account_type: "savings" | "cash" | "checking" | "investment"; balance: number; currency: string; institution_name: string; is_active: boolean; is_primary: boolean; }, any, { account_type: "savings" | ... 2 more ... | "investment"; ... 4 more ...; is_primary: boolean; }> | undefined'.
      Type 'Resolver<{ account_type: "savings" | "cash" | "checking" | "investment"; balance: number; currency: string; institution_name: string; is_active: boolean; is_primary: boolean; }, any, TFieldValues>' is not assignable to type 'Resolver<{ account_type: "savings" | "cash" | "checking" | "investment"; balance: number; currency: string; institution_name: string; is_active: boolean; is_primary: boolean; }, any, { account_type: "savings" | ... 2 more ... | "investment"; ... 4 more ...; is_primary: boolean; }>'.
        Type 'ResolverResult<{ account_type: "savings" | "cash" | "checking" | "investment"; balance: number; currency: string; institution_name: string; is_active: boolean; is_primary: boolean; }, TFieldValues> | Promise<...>' is not assignable to type 'ResolverResult<{ account_type: "savings" | "cash" | "checking" | "investment"; balance: number; currency: string; institution_name: string; is_active: boolean; is_primary: boolean; }, { account_type: "savings" | ... 2 more ... | "investment"; ... 4 more ...; is_primary: boolean; }> | Promise<...>'.
          Type 'ResolverSuccess<TFieldValues>' is not assignable to type 'ResolverResult<{ account_type: "savings" | "cash" | "checking" | "investment"; balance: number; currency: string; institution_name: string; is_active: boolean; is_primary: boolean; }, { account_type: "savings" | ... 2 more ... | "investment"; ... 4 more ...; is_primary: boolean; }> | Promise<...>'.
            Type 'ResolverSuccess<TFieldValues>' is not assignable to type 'ResolverSuccess<{ account_type: "savings" | "cash" | "checking" | "investment"; balance: number; currency: string; institution_name: string; is_active: boolean; is_primary: boolean; }>'.
              Type 'TFieldValues' is not assignable to type '{ account_type: "savings" | "cash" | "checking" | "investment"; balance: number; currency: string; institution_name: string; is_active: boolean; is_primary: boolean; }'.
                Type 'FieldValues' is missing the following properties from type '{ account_type: "savings" | "cash" | "checking" | "investment"; balance: number; currency: string; institution_name: string; is_active: boolean; is_primary: boolean; }': account_type, balance, currency, institution_name, and 2 more.
src/components/bank-accounts/BankAccountForm.tsx(187,13): error TS2322: Type 'Control<{ account_type: "savings" | "cash" | "checking" | "investment"; balance: number; currency: string; institution_name: string; is_active: boolean; is_primary: boolean; }, any, TFieldValues>' is not assignable to type 'Control<{ account_type: "savings" | "cash" | "checking" | "investment"; balance: number; currency: string; institution_name: string; is_active: boolean; is_primary: boolean; }, any, { account_type: "savings" | ... 2 more ... | "investment"; ... 4 more ...; is_primary: boolean; }>'.
  The types of '_options.resolver' are incompatible between these types.
    Type 'Resolver<{ account_type: "savings" | "cash" | "checking" | "investment"; balance: number; currency: string; institution_name: string; is_active: boolean; is_primary: boolean; }, any, TFieldValues> | undefined' is not assignable to type 'Resolver<{ account_type: "savings" | "cash" | "checking" | "investment"; balance: number; currency: string; institution_name: string; is_active: boolean; is_primary: boolean; }, any, { account_type: "savings" | ... 2 more ... | "investment"; ... 4 more ...; is_primary: boolean; }> | undefined'.
      Type 'Resolver<{ account_type: "savings" | "cash" | "checking" | "investment"; balance: number; currency: string; institution_name: string; is_active: boolean; is_primary: boolean; }, any, TFieldValues>' is not assignable to type 'Resolver<{ account_type: "savings" | "cash" | "checking" | "investment"; balance: number; currency: string; institution_name: string; is_active: boolean; is_primary: boolean; }, any, { account_type: "savings" | ... 2 more ... | "investment"; ... 4 more ...; is_primary: boolean; }>'.
        Type 'ResolverResult<{ account_type: "savings" | "cash" | "checking" | "investment"; balance: number; currency: string; institution_name: string; is_active: boolean; is_primary: boolean; }, TFieldValues> | Promise<...>' is not assignable to type 'ResolverResult<{ account_type: "savings" | "cash" | "checking" | "investment"; balance: number; currency: string; institution_name: string; is_active: boolean; is_primary: boolean; }, { account_type: "savings" | ... 2 more ... | "investment"; ... 4 more ...; is_primary: boolean; }> | Promise<...>'.
          Type 'ResolverSuccess<TFieldValues>' is not assignable to type 'ResolverResult<{ account_type: "savings" | "cash" | "checking" | "investment"; balance: number; currency: string; institution_name: string; is_active: boolean; is_primary: boolean; }, { account_type: "savings" | ... 2 more ... | "investment"; ... 4 more ...; is_primary: boolean; }> | Promise<...>'.
            Type 'ResolverSuccess<TFieldValues>' is not assignable to type 'ResolverSuccess<{ account_type: "savings" | "cash" | "checking" | "investment"; balance: number; currency: string; institution_name: string; is_active: boolean; is_primary: boolean; }>'.
              Type 'TFieldValues' is not assignable to type '{ account_type: "savings" | "cash" | "checking" | "investment"; balance: number; currency: string; institution_name: string; is_active: boolean; is_primary: boolean; }'.
                Type 'FieldValues' is missing the following properties from type '{ account_type: "savings" | "cash" | "checking" | "investment"; balance: number; currency: string; institution_name: string; is_active: boolean; is_primary: boolean; }': account_type, balance, currency, institution_name, and 2 more.
src/components/bank-accounts/BankAccountForm.tsx(203,13): error TS2322: Type 'Control<{ account_type: "savings" | "cash" | "checking" | "investment"; balance: number; currency: string; institution_name: string; is_active: boolean; is_primary: boolean; }, any, TFieldValues>' is not assignable to type 'Control<{ account_type: "savings" | "cash" | "checking" | "investment"; balance: number; currency: string; institution_name: string; is_active: boolean; is_primary: boolean; }, any, { account_type: "savings" | ... 2 more ... | "investment"; ... 4 more ...; is_primary: boolean; }>'.
  The types of '_options.resolver' are incompatible between these types.
    Type 'Resolver<{ account_type: "savings" | "cash" | "checking" | "investment"; balance: number; currency: string; institution_name: string; is_active: boolean; is_primary: boolean; }, any, TFieldValues> | undefined' is not assignable to type 'Resolver<{ account_type: "savings" | "cash" | "checking" | "investment"; balance: number; currency: string; institution_name: string; is_active: boolean; is_primary: boolean; }, any, { account_type: "savings" | ... 2 more ... | "investment"; ... 4 more ...; is_primary: boolean; }> | undefined'.
      Type 'Resolver<{ account_type: "savings" | "cash" | "checking" | "investment"; balance: number; currency: string; institution_name: string; is_active: boolean; is_primary: boolean; }, any, TFieldValues>' is not assignable to type 'Resolver<{ account_type: "savings" | "cash" | "checking" | "investment"; balance: number; currency: string; institution_name: string; is_active: boolean; is_primary: boolean; }, any, { account_type: "savings" | ... 2 more ... | "investment"; ... 4 more ...; is_primary: boolean; }>'.
        Type 'ResolverResult<{ account_type: "savings" | "cash" | "checking" | "investment"; balance: number; currency: string; institution_name: string; is_active: boolean; is_primary: boolean; }, TFieldValues> | Promise<...>' is not assignable to type 'ResolverResult<{ account_type: "savings" | "cash" | "checking" | "investment"; balance: number; currency: string; institution_name: string; is_active: boolean; is_primary: boolean; }, { account_type: "savings" | ... 2 more ... | "investment"; ... 4 more ...; is_primary: boolean; }> | Promise<...>'.
          Type 'ResolverSuccess<TFieldValues>' is not assignable to type 'ResolverResult<{ account_type: "savings" | "cash" | "checking" | "investment"; balance: number; currency: string; institution_name: string; is_active: boolean; is_primary: boolean; }, { account_type: "savings" | ... 2 more ... | "investment"; ... 4 more ...; is_primary: boolean; }> | Promise<...>'.
            Type 'ResolverSuccess<TFieldValues>' is not assignable to type 'ResolverSuccess<{ account_type: "savings" | "cash" | "checking" | "investment"; balance: number; currency: string; institution_name: string; is_active: boolean; is_primary: boolean; }>'.
              Type 'TFieldValues' is not assignable to type '{ account_type: "savings" | "cash" | "checking" | "investment"; balance: number; currency: string; institution_name: string; is_active: boolean; is_primary: boolean; }'.
                Type 'FieldValues' is missing the following properties from type '{ account_type: "savings" | "cash" | "checking" | "investment"; balance: number; currency: string; institution_name: string; is_active: boolean; is_primary: boolean; }': account_type, balance, currency, institution_name, and 2 more.
src/components/calendar/financial-calendar.tsx(47,38): error TS2503: Cannot find namespace 'JSX'.
src/components/calendar/financial-calendar.tsx(125,39): error TS2551: Property 'recurring' does not exist on type 'CalendarFinancialEvent'. Did you mean 'isRecurring'?
src/components/calendar/financial-calendar.tsx(289,30): error TS2551: Property 'recurring' does not exist on type 'CalendarFinancialEvent'. Did you mean 'isRecurring'?
src/components/calendar/google-calendar-settings.tsx(53,78): error TS2339: Property 'email' does not exist on type '{ isConnected: boolean; isEnabled: any; lastSyncAt: any; googleEmail: any; }'.
src/components/calendar/google-calendar-settings.tsx(147,32): error TS2551: Property 'lastSync' does not exist on type '{ isConnected: boolean; isEnabled: any; lastSyncAt: any; googleEmail: any; }'. Did you mean 'lastSyncAt'?
src/components/calendar/google-calendar-settings.tsx(148,50): error TS2551: Property 'lastSync' does not exist on type '{ isConnected: boolean; isEnabled: any; lastSyncAt: any; googleEmail: any; }'. Did you mean 'lastSyncAt'?
src/components/financial/FinancialEventForm.tsx(166,5): error TS2322: Type 'Resolver<{ amount: string; category: string; startDate: Date; title: string; accountId?: string | undefined; allDay?: boolean | undefined; attachments?: string[] | undefined; brazilianEventType?: string | undefined; ... 11 more ...; tags?: string[] | undefined; }, any, { ...; }>' is not assignable to type 'Resolver<{ allDay: boolean; amount: string; category: string; color: "blue" | "cyan" | "green" | "indigo" | "orange" | "pink" | "purple" | "red" | "teal" | "violet" | "yellow" | "emerald" | "rose" | "amber"; ... 15 more ...; tags?: string[] | undefined; }, any, { ...; }>'.
  Types of parameters 'options' and 'options' are incompatible.
    Type 'ResolverOptions<{ allDay: boolean; amount: string; category: string; color: "blue" | "cyan" | "green" | "indigo" | "orange" | "pink" | "purple" | "red" | "teal" | "violet" | "yellow" | "emerald" | "rose" | "amber"; ... 15 more ...; tags?: string[] | undefined; }>' is not assignable to type 'ResolverOptions<{ amount: string; category: string; startDate: Date; title: string; accountId?: string | undefined; allDay?: boolean | undefined; attachments?: string[] | undefined; brazilianEventType?: string | undefined; ... 11 more ...; tags?: string[] | undefined; }>'.
      Type 'boolean | undefined' is not assignable to type 'boolean'.
        Type 'undefined' is not assignable to type 'boolean'.
src/components/financial/FinancialEventForm.tsx(247,37): error TS2769: No overload matches this call.
  Overload 1 of 4, '(names: readonly ("priority" | "title" | "color" | "icon" | "location" | "amount" | "notes" | "description" | "attachments" | "category" | "tags" | "allDay" | "brazilianEventType" | "dueDate" | ... 7 more ... | `tags.${number}`)[], defaultValue?: { ...; } | undefined): readonly (string | ... 3 more ... | undefined)[]', gave the following error.
    Argument of type 'string' is not assignable to parameter of type 'readonly ("priority" | "title" | "color" | "icon" | "location" | "amount" | "notes" | "description" | "attachments" | "category" | "tags" | "allDay" | "brazilianEventType" | "dueDate" | ... 7 more ... | `tags.${number}`)[]'.
  Overload 2 of 4, '(name: "priority" | "title" | "color" | "icon" | "location" | "amount" | "notes" | "description" | "attachments" | "category" | "tags" | "allDay" | "brazilianEventType" | "dueDate" | ... 7 more ... | `tags.${number}`, defaultValue?: string | ... 3 more ... | undefined): string | ... 3 more ... | undefined', gave the following error.
    Argument of type '"recurring"' is not assignable to parameter of type '"priority" | "title" | "color" | "icon" | "location" | "amount" | "notes" | "description" | "attachments" | "category" | "tags" | "allDay" | "brazilianEventType" | "dueDate" | ... 7 more ... | `tags.${number}`'.
  Overload 3 of 4, '(callback: WatchObserver<{ allDay: boolean; amount: string; category: string; color: "blue" | "cyan" | "green" | "indigo" | "orange" | "pink" | "purple" | "red" | "teal" | "violet" | "yellow" | "emerald" | "rose" | "amber"; ... 15 more ...; tags?: string[] | undefined; }>, defaultValues?: { ...; } | undefined): Subscription', gave the following error.
    Argument of type 'string' is not assignable to parameter of type 'WatchObserver<{ allDay: boolean; amount: string; category: string; color: "blue" | "cyan" | "green" | "indigo" | "orange" | "pink" | "purple" | "red" | "teal" | "violet" | "yellow" | "emerald" | "rose" | "amber"; ... 15 more ...; tags?: string[] | undefined; }>'.
src/components/financial/FinancialEventForm.tsx(251,41): error TS2345: Argument of type '(values: FinancialEventFormValues) => Promise<void>' is not assignable to parameter of type 'SubmitHandler<TFieldValues>'.
  Types of parameters 'values' and 'data' are incompatible.
    Type 'TFieldValues' is not assignable to type '{ allDay: boolean; amount: string; category: string; color: "blue" | "cyan" | "green" | "indigo" | "orange" | "pink" | "purple" | "red" | "teal" | "violet" | "yellow" | "emerald" | "rose" | "amber"; ... 15 more ...; tags?: string[] | undefined; }'.
      Type 'FieldValues' is missing the following properties from type '{ allDay: boolean; amount: string; category: string; color: "blue" | "cyan" | "green" | "indigo" | "orange" | "pink" | "purple" | "red" | "teal" | "violet" | "yellow" | "emerald" | "rose" | "amber"; ... 15 more ...; tags?: string[] | undefined; }': allDay, amount, category, color, and 5 more.
src/components/financial/FinancialEventForm.tsx(255,13): error TS2322: Type 'Control<{ allDay: boolean; amount: string; category: string; color: "blue" | "cyan" | "green" | "indigo" | "orange" | "pink" | "purple" | "red" | "teal" | "violet" | "yellow" | "emerald" | "rose" | "amber"; ... 15 more ...; tags?: string[] | undefined; }, any, TFieldValues>' is not assignable to type 'Control<{ allDay: boolean; amount: string; category: string; color: "blue" | "cyan" | "green" | "indigo" | "orange" | "pink" | "purple" | "red" | "teal" | "violet" | "yellow" | "emerald" | "rose" | "amber"; ... 15 more ...; tags?: string[] | undefined; }, any, { ...; }>'.
  The types of '_options.resolver' are incompatible between these types.
    Type 'Resolver<{ allDay: boolean; amount: string; category: string; color: "blue" | "cyan" | "green" | "indigo" | "orange" | "pink" | "purple" | "red" | "teal" | "violet" | "yellow" | "emerald" | "rose" | "amber"; ... 15 more ...; tags?: string[] | undefined; }, any, TFieldValues> | undefined' is not assignable to type 'Resolver<{ allDay: boolean; amount: string; category: string; color: "blue" | "cyan" | "green" | "indigo" | "orange" | "pink" | "purple" | "red" | "teal" | "violet" | "yellow" | "emerald" | "rose" | "amber"; ... 15 more ...; tags?: string[] | undefined; }, any, { ...; }> | undefined'.
      Type 'Resolver<{ allDay: boolean; amount: string; category: string; color: "blue" | "cyan" | "green" | "indigo" | "orange" | "pink" | "purple" | "red" | "teal" | "violet" | "yellow" | "emerald" | "rose" | "amber"; ... 15 more ...; tags?: string[] | undefined; }, any, TFieldValues>' is not assignable to type 'Resolver<{ allDay: boolean; amount: string; category: string; color: "blue" | "cyan" | "green" | "indigo" | "orange" | "pink" | "purple" | "red" | "teal" | "violet" | "yellow" | "emerald" | "rose" | "amber"; ... 15 more ...; tags?: string[] | undefined; }, any, { ...; }>'.
        Type 'ResolverResult<{ allDay: boolean; amount: string; category: string; color: "blue" | "cyan" | "green" | "indigo" | "orange" | "pink" | "purple" | "red" | "teal" | "violet" | "yellow" | "emerald" | "rose" | "amber"; ... 15 more ...; tags?: string[] | undefined; }, TFieldValues> | Promise<...>' is not assignable to type 'ResolverResult<{ allDay: boolean; amount: string; category: string; color: "blue" | "cyan" | "green" | "indigo" | "orange" | "pink" | "purple" | "red" | "teal" | "violet" | "yellow" | "emerald" | "rose" | "amber"; ... 15 more ...; tags?: string[] | undefined; }, { ...; }> | Promise<...>'.
          Type 'ResolverSuccess<TFieldValues>' is not assignable to type 'ResolverResult<{ allDay: boolean; amount: string; category: string; color: "blue" | "cyan" | "green" | "indigo" | "orange" | "pink" | "purple" | "red" | "teal" | "violet" | "yellow" | "emerald" | "rose" | "amber"; ... 15 more ...; tags?: string[] | undefined; }, { ...; }> | Promise<...>'.
            Type 'ResolverSuccess<TFieldValues>' is not assignable to type 'ResolverSuccess<{ allDay: boolean; amount: string; category: string; color: "blue" | "cyan" | "green" | "indigo" | "orange" | "pink" | "purple" | "red" | "teal" | "violet" | "yellow" | "emerald" | "rose" | "amber"; ... 15 more ...; tags?: string[] | undefined; }>'.
              Type 'TFieldValues' is not assignable to type '{ allDay: boolean; amount: string; category: string; color: "blue" | "cyan" | "green" | "indigo" | "orange" | "pink" | "purple" | "red" | "teal" | "violet" | "yellow" | "emerald" | "rose" | "amber"; ... 15 more ...; tags?: string[] | undefined; }'.
                Type 'FieldValues' is missing the following properties from type '{ allDay: boolean; amount: string; category: string; color: "blue" | "cyan" | "green" | "indigo" | "orange" | "pink" | "purple" | "red" | "teal" | "violet" | "yellow" | "emerald" | "rose" | "amber"; ... 15 more ...; tags?: string[] | undefined; }': allDay, amount, category, color, and 5 more.
src/components/financial/FinancialEventForm.tsx(270,13): error TS2322: Type 'Control<{ allDay: boolean; amount: string; category: string; color: "blue" | "cyan" | "green" | "indigo" | "orange" | "pink" | "purple" | "red" | "teal" | "violet" | "yellow" | "emerald" | "rose" | "amber"; ... 15 more ...; tags?: string[] | undefined; }, any, TFieldValues>' is not assignable to type 'Control<{ allDay: boolean; amount: string; category: string; color: "blue" | "cyan" | "green" | "indigo" | "orange" | "pink" | "purple" | "red" | "teal" | "violet" | "yellow" | "emerald" | "rose" | "amber"; ... 15 more ...; tags?: string[] | undefined; }, any, { ...; }>'.
  The types of '_options.resolver' are incompatible between these types.
    Type 'Resolver<{ allDay: boolean; amount: string; category: string; color: "blue" | "cyan" | "green" | "indigo" | "orange" | "pink" | "purple" | "red" | "teal" | "violet" | "yellow" | "emerald" | "rose" | "amber"; ... 15 more ...; tags?: string[] | undefined; }, any, TFieldValues> | undefined' is not assignable to type 'Resolver<{ allDay: boolean; amount: string; category: string; color: "blue" | "cyan" | "green" | "indigo" | "orange" | "pink" | "purple" | "red" | "teal" | "violet" | "yellow" | "emerald" | "rose" | "amber"; ... 15 more ...; tags?: string[] | undefined; }, any, { ...; }> | undefined'.
      Type 'Resolver<{ allDay: boolean; amount: string; category: string; color: "blue" | "cyan" | "green" | "indigo" | "orange" | "pink" | "purple" | "red" | "teal" | "violet" | "yellow" | "emerald" | "rose" | "amber"; ... 15 more ...; tags?: string[] | undefined; }, any, TFieldValues>' is not assignable to type 'Resolver<{ allDay: boolean; amount: string; category: string; color: "blue" | "cyan" | "green" | "indigo" | "orange" | "pink" | "purple" | "red" | "teal" | "violet" | "yellow" | "emerald" | "rose" | "amber"; ... 15 more ...; tags?: string[] | undefined; }, any, { ...; }>'.
        Type 'ResolverResult<{ allDay: boolean; amount: string; category: string; color: "blue" | "cyan" | "green" | "indigo" | "orange" | "pink" | "purple" | "red" | "teal" | "violet" | "yellow" | "emerald" | "rose" | "amber"; ... 15 more ...; tags?: string[] | undefined; }, TFieldValues> | Promise<...>' is not assignable to type 'ResolverResult<{ allDay: boolean; amount: string; category: string; color: "blue" | "cyan" | "green" | "indigo" | "orange" | "pink" | "purple" | "red" | "teal" | "violet" | "yellow" | "emerald" | "rose" | "amber"; ... 15 more ...; tags?: string[] | undefined; }, { ...; }> | Promise<...>'.
          Type 'ResolverSuccess<TFieldValues>' is not assignable to type 'ResolverResult<{ allDay: boolean; amount: string; category: string; color: "blue" | "cyan" | "green" | "indigo" | "orange" | "pink" | "purple" | "red" | "teal" | "violet" | "yellow" | "emerald" | "rose" | "amber"; ... 15 more ...; tags?: string[] | undefined; }, { ...; }> | Promise<...>'.
            Type 'ResolverSuccess<TFieldValues>' is not assignable to type 'ResolverSuccess<{ allDay: boolean; amount: string; category: string; color: "blue" | "cyan" | "green" | "indigo" | "orange" | "pink" | "purple" | "red" | "teal" | "violet" | "yellow" | "emerald" | "rose" | "amber"; ... 15 more ...; tags?: string[] | undefined; }>'.
              Type 'TFieldValues' is not assignable to type '{ allDay: boolean; amount: string; category: string; color: "blue" | "cyan" | "green" | "indigo" | "orange" | "pink" | "purple" | "red" | "teal" | "violet" | "yellow" | "emerald" | "rose" | "amber"; ... 15 more ...; tags?: string[] | undefined; }'.
                Type 'FieldValues' is missing the following properties from type '{ allDay: boolean; amount: string; category: string; color: "blue" | "cyan" | "green" | "indigo" | "orange" | "pink" | "purple" | "red" | "teal" | "violet" | "yellow" | "emerald" | "rose" | "amber"; ... 15 more ...; tags?: string[] | undefined; }': allDay, amount, category, color, and 5 more.
src/components/financial/FinancialEventForm.tsx(285,13): error TS2322: Type 'Control<{ allDay: boolean; amount: string; category: string; color: "blue" | "cyan" | "green" | "indigo" | "orange" | "pink" | "purple" | "red" | "teal" | "violet" | "yellow" | "emerald" | "rose" | "amber"; ... 15 more ...; tags?: string[] | undefined; }, any, TFieldValues>' is not assignable to type 'Control<{ allDay: boolean; amount: string; category: string; color: "blue" | "cyan" | "green" | "indigo" | "orange" | "pink" | "purple" | "red" | "teal" | "violet" | "yellow" | "emerald" | "rose" | "amber"; ... 15 more ...; tags?: string[] | undefined; }, any, { ...; }>'.
  The types of '_options.resolver' are incompatible between these types.
    Type 'Resolver<{ allDay: boolean; amount: string; category: string; color: "blue" | "cyan" | "green" | "indigo" | "orange" | "pink" | "purple" | "red" | "teal" | "violet" | "yellow" | "emerald" | "rose" | "amber"; ... 15 more ...; tags?: string[] | undefined; }, any, TFieldValues> | undefined' is not assignable to type 'Resolver<{ allDay: boolean; amount: string; category: string; color: "blue" | "cyan" | "green" | "indigo" | "orange" | "pink" | "purple" | "red" | "teal" | "violet" | "yellow" | "emerald" | "rose" | "amber"; ... 15 more ...; tags?: string[] | undefined; }, any, { ...; }> | undefined'.
      Type 'Resolver<{ allDay: boolean; amount: string; category: string; color: "blue" | "cyan" | "green" | "indigo" | "orange" | "pink" | "purple" | "red" | "teal" | "violet" | "yellow" | "emerald" | "rose" | "amber"; ... 15 more ...; tags?: string[] | undefined; }, any, TFieldValues>' is not assignable to type 'Resolver<{ allDay: boolean; amount: string; category: string; color: "blue" | "cyan" | "green" | "indigo" | "orange" | "pink" | "purple" | "red" | "teal" | "violet" | "yellow" | "emerald" | "rose" | "amber"; ... 15 more ...; tags?: string[] | undefined; }, any, { ...; }>'.
        Type 'ResolverResult<{ allDay: boolean; amount: string; category: string; color: "blue" | "cyan" | "green" | "indigo" | "orange" | "pink" | "purple" | "red" | "teal" | "violet" | "yellow" | "emerald" | "rose" | "amber"; ... 15 more ...; tags?: string[] | undefined; }, TFieldValues> | Promise<...>' is not assignable to type 'ResolverResult<{ allDay: boolean; amount: string; category: string; color: "blue" | "cyan" | "green" | "indigo" | "orange" | "pink" | "purple" | "red" | "teal" | "violet" | "yellow" | "emerald" | "rose" | "amber"; ... 15 more ...; tags?: string[] | undefined; }, { ...; }> | Promise<...>'.
          Type 'ResolverSuccess<TFieldValues>' is not assignable to type 'ResolverResult<{ allDay: boolean; amount: string; category: string; color: "blue" | "cyan" | "green" | "indigo" | "orange" | "pink" | "purple" | "red" | "teal" | "violet" | "yellow" | "emerald" | "rose" | "amber"; ... 15 more ...; tags?: string[] | undefined; }, { ...; }> | Promise<...>'.
            Type 'ResolverSuccess<TFieldValues>' is not assignable to type 'ResolverSuccess<{ allDay: boolean; amount: string; category: string; color: "blue" | "cyan" | "green" | "indigo" | "orange" | "pink" | "purple" | "red" | "teal" | "violet" | "yellow" | "emerald" | "rose" | "amber"; ... 15 more ...; tags?: string[] | undefined; }>'.
              Type 'TFieldValues' is not assignable to type '{ allDay: boolean; amount: string; category: string; color: "blue" | "cyan" | "green" | "indigo" | "orange" | "pink" | "purple" | "red" | "teal" | "violet" | "yellow" | "emerald" | "rose" | "amber"; ... 15 more ...; tags?: string[] | undefined; }'.
                Type 'FieldValues' is missing the following properties from type '{ allDay: boolean; amount: string; category: string; color: "blue" | "cyan" | "green" | "indigo" | "orange" | "pink" | "purple" | "red" | "teal" | "violet" | "yellow" | "emerald" | "rose" | "amber"; ... 15 more ...; tags?: string[] | undefined; }': allDay, amount, category, color, and 5 more.
src/components/financial/FinancialEventForm.tsx(326,13): error TS2322: Type 'Control<{ allDay: boolean; amount: string; category: string; color: "blue" | "cyan" | "green" | "indigo" | "orange" | "pink" | "purple" | "red" | "teal" | "violet" | "yellow" | "emerald" | "rose" | "amber"; ... 15 more ...; tags?: string[] | undefined; }, any, TFieldValues>' is not assignable to type 'Control<{ allDay: boolean; amount: string; category: string; color: "blue" | "cyan" | "green" | "indigo" | "orange" | "pink" | "purple" | "red" | "teal" | "violet" | "yellow" | "emerald" | "rose" | "amber"; ... 15 more ...; tags?: string[] | undefined; }, any, { ...; }>'.
  The types of '_options.resolver' are incompatible between these types.
    Type 'Resolver<{ allDay: boolean; amount: string; category: string; color: "blue" | "cyan" | "green" | "indigo" | "orange" | "pink" | "purple" | "red" | "teal" | "violet" | "yellow" | "emerald" | "rose" | "amber"; ... 15 more ...; tags?: string[] | undefined; }, any, TFieldValues> | undefined' is not assignable to type 'Resolver<{ allDay: boolean; amount: string; category: string; color: "blue" | "cyan" | "green" | "indigo" | "orange" | "pink" | "purple" | "red" | "teal" | "violet" | "yellow" | "emerald" | "rose" | "amber"; ... 15 more ...; tags?: string[] | undefined; }, any, { ...; }> | undefined'.
      Type 'Resolver<{ allDay: boolean; amount: string; category: string; color: "blue" | "cyan" | "green" | "indigo" | "orange" | "pink" | "purple" | "red" | "teal" | "violet" | "yellow" | "emerald" | "rose" | "amber"; ... 15 more ...; tags?: string[] | undefined; }, any, TFieldValues>' is not assignable to type 'Resolver<{ allDay: boolean; amount: string; category: string; color: "blue" | "cyan" | "green" | "indigo" | "orange" | "pink" | "purple" | "red" | "teal" | "violet" | "yellow" | "emerald" | "rose" | "amber"; ... 15 more ...; tags?: string[] | undefined; }, any, { ...; }>'.
        Type 'ResolverResult<{ allDay: boolean; amount: string; category: string; color: "blue" | "cyan" | "green" | "indigo" | "orange" | "pink" | "purple" | "red" | "teal" | "violet" | "yellow" | "emerald" | "rose" | "amber"; ... 15 more ...; tags?: string[] | undefined; }, TFieldValues> | Promise<...>' is not assignable to type 'ResolverResult<{ allDay: boolean; amount: string; category: string; color: "blue" | "cyan" | "green" | "indigo" | "orange" | "pink" | "purple" | "red" | "teal" | "violet" | "yellow" | "emerald" | "rose" | "amber"; ... 15 more ...; tags?: string[] | undefined; }, { ...; }> | Promise<...>'.
          Type 'ResolverSuccess<TFieldValues>' is not assignable to type 'ResolverResult<{ allDay: boolean; amount: string; category: string; color: "blue" | "cyan" | "green" | "indigo" | "orange" | "pink" | "purple" | "red" | "teal" | "violet" | "yellow" | "emerald" | "rose" | "amber"; ... 15 more ...; tags?: string[] | undefined; }, { ...; }> | Promise<...>'.
            Type 'ResolverSuccess<TFieldValues>' is not assignable to type 'ResolverSuccess<{ allDay: boolean; amount: string; category: string; color: "blue" | "cyan" | "green" | "indigo" | "orange" | "pink" | "purple" | "red" | "teal" | "violet" | "yellow" | "emerald" | "rose" | "amber"; ... 15 more ...; tags?: string[] | undefined; }>'.
              Type 'TFieldValues' is not assignable to type '{ allDay: boolean; amount: string; category: string; color: "blue" | "cyan" | "green" | "indigo" | "orange" | "pink" | "purple" | "red" | "teal" | "violet" | "yellow" | "emerald" | "rose" | "amber"; ... 15 more ...; tags?: string[] | undefined; }'.
                Type 'FieldValues' is missing the following properties from type '{ allDay: boolean; amount: string; category: string; color: "blue" | "cyan" | "green" | "indigo" | "orange" | "pink" | "purple" | "red" | "teal" | "violet" | "yellow" | "emerald" | "rose" | "amber"; ... 15 more ...; tags?: string[] | undefined; }': allDay, amount, category, color, and 5 more.
src/components/financial/FinancialEventForm.tsx(352,13): error TS2322: Type 'Control<{ allDay: boolean; amount: string; category: string; color: "blue" | "cyan" | "green" | "indigo" | "orange" | "pink" | "purple" | "red" | "teal" | "violet" | "yellow" | "emerald" | "rose" | "amber"; ... 15 more ...; tags?: string[] | undefined; }, any, TFieldValues>' is not assignable to type 'Control<{ allDay: boolean; amount: string; category: string; color: "blue" | "cyan" | "green" | "indigo" | "orange" | "pink" | "purple" | "red" | "teal" | "violet" | "yellow" | "emerald" | "rose" | "amber"; ... 15 more ...; tags?: string[] | undefined; }, any, { ...; }>'.
  The types of '_options.resolver' are incompatible between these types.
    Type 'Resolver<{ allDay: boolean; amount: string; category: string; color: "blue" | "cyan" | "green" | "indigo" | "orange" | "pink" | "purple" | "red" | "teal" | "violet" | "yellow" | "emerald" | "rose" | "amber"; ... 15 more ...; tags?: string[] | undefined; }, any, TFieldValues> | undefined' is not assignable to type 'Resolver<{ allDay: boolean; amount: string; category: string; color: "blue" | "cyan" | "green" | "indigo" | "orange" | "pink" | "purple" | "red" | "teal" | "violet" | "yellow" | "emerald" | "rose" | "amber"; ... 15 more ...; tags?: string[] | undefined; }, any, { ...; }> | undefined'.
      Type 'Resolver<{ allDay: boolean; amount: string; category: string; color: "blue" | "cyan" | "green" | "indigo" | "orange" | "pink" | "purple" | "red" | "teal" | "violet" | "yellow" | "emerald" | "rose" | "amber"; ... 15 more ...; tags?: string[] | undefined; }, any, TFieldValues>' is not assignable to type 'Resolver<{ allDay: boolean; amount: string; category: string; color: "blue" | "cyan" | "green" | "indigo" | "orange" | "pink" | "purple" | "red" | "teal" | "violet" | "yellow" | "emerald" | "rose" | "amber"; ... 15 more ...; tags?: string[] | undefined; }, any, { ...; }>'.
        Type 'ResolverResult<{ allDay: boolean; amount: string; category: string; color: "blue" | "cyan" | "green" | "indigo" | "orange" | "pink" | "purple" | "red" | "teal" | "violet" | "yellow" | "emerald" | "rose" | "amber"; ... 15 more ...; tags?: string[] | undefined; }, TFieldValues> | Promise<...>' is not assignable to type 'ResolverResult<{ allDay: boolean; amount: string; category: string; color: "blue" | "cyan" | "green" | "indigo" | "orange" | "pink" | "purple" | "red" | "teal" | "violet" | "yellow" | "emerald" | "rose" | "amber"; ... 15 more ...; tags?: string[] | undefined; }, { ...; }> | Promise<...>'.
          Type 'ResolverSuccess<TFieldValues>' is not assignable to type 'ResolverResult<{ allDay: boolean; amount: string; category: string; color: "blue" | "cyan" | "green" | "indigo" | "orange" | "pink" | "purple" | "red" | "teal" | "violet" | "yellow" | "emerald" | "rose" | "amber"; ... 15 more ...; tags?: string[] | undefined; }, { ...; }> | Promise<...>'.
            Type 'ResolverSuccess<TFieldValues>' is not assignable to type 'ResolverSuccess<{ allDay: boolean; amount: string; category: string; color: "blue" | "cyan" | "green" | "indigo" | "orange" | "pink" | "purple" | "red" | "teal" | "violet" | "yellow" | "emerald" | "rose" | "amber"; ... 15 more ...; tags?: string[] | undefined; }>'.
              Type 'TFieldValues' is not assignable to type '{ allDay: boolean; amount: string; category: string; color: "blue" | "cyan" | "green" | "indigo" | "orange" | "pink" | "purple" | "red" | "teal" | "violet" | "yellow" | "emerald" | "rose" | "amber"; ... 15 more ...; tags?: string[] | undefined; }'.
                Type 'FieldValues' is missing the following properties from type '{ allDay: boolean; amount: string; category: string; color: "blue" | "cyan" | "green" | "indigo" | "orange" | "pink" | "purple" | "red" | "teal" | "violet" | "yellow" | "emerald" | "rose" | "amber"; ... 15 more ...; tags?: string[] | undefined; }': allDay, amount, category, color, and 5 more.
src/components/financial/FinancialEventForm.tsx(393,13): error TS2322: Type 'Control<{ allDay: boolean; amount: string; category: string; color: "blue" | "cyan" | "green" | "indigo" | "orange" | "pink" | "purple" | "red" | "teal" | "violet" | "yellow" | "emerald" | "rose" | "amber"; ... 15 more ...; tags?: string[] | undefined; }, any, TFieldValues>' is not assignable to type 'Control<{ allDay: boolean; amount: string; category: string; color: "blue" | "cyan" | "green" | "indigo" | "orange" | "pink" | "purple" | "red" | "teal" | "violet" | "yellow" | "emerald" | "rose" | "amber"; ... 15 more ...; tags?: string[] | undefined; }, any, { ...; }>'.
  The types of '_options.resolver' are incompatible between these types.
    Type 'Resolver<{ allDay: boolean; amount: string; category: string; color: "blue" | "cyan" | "green" | "indigo" | "orange" | "pink" | "purple" | "red" | "teal" | "violet" | "yellow" | "emerald" | "rose" | "amber"; ... 15 more ...; tags?: string[] | undefined; }, any, TFieldValues> | undefined' is not assignable to type 'Resolver<{ allDay: boolean; amount: string; category: string; color: "blue" | "cyan" | "green" | "indigo" | "orange" | "pink" | "purple" | "red" | "teal" | "violet" | "yellow" | "emerald" | "rose" | "amber"; ... 15 more ...; tags?: string[] | undefined; }, any, { ...; }> | undefined'.
      Type 'Resolver<{ allDay: boolean; amount: string; category: string; color: "blue" | "cyan" | "green" | "indigo" | "orange" | "pink" | "purple" | "red" | "teal" | "violet" | "yellow" | "emerald" | "rose" | "amber"; ... 15 more ...; tags?: string[] | undefined; }, any, TFieldValues>' is not assignable to type 'Resolver<{ allDay: boolean; amount: string; category: string; color: "blue" | "cyan" | "green" | "indigo" | "orange" | "pink" | "purple" | "red" | "teal" | "violet" | "yellow" | "emerald" | "rose" | "amber"; ... 15 more ...; tags?: string[] | undefined; }, any, { ...; }>'.
        Type 'ResolverResult<{ allDay: boolean; amount: string; category: string; color: "blue" | "cyan" | "green" | "indigo" | "orange" | "pink" | "purple" | "red" | "teal" | "violet" | "yellow" | "emerald" | "rose" | "amber"; ... 15 more ...; tags?: string[] | undefined; }, TFieldValues> | Promise<...>' is not assignable to type 'ResolverResult<{ allDay: boolean; amount: string; category: string; color: "blue" | "cyan" | "green" | "indigo" | "orange" | "pink" | "purple" | "red" | "teal" | "violet" | "yellow" | "emerald" | "rose" | "amber"; ... 15 more ...; tags?: string[] | undefined; }, { ...; }> | Promise<...>'.
          Type 'ResolverSuccess<TFieldValues>' is not assignable to type 'ResolverResult<{ allDay: boolean; amount: string; category: string; color: "blue" | "cyan" | "green" | "indigo" | "orange" | "pink" | "purple" | "red" | "teal" | "violet" | "yellow" | "emerald" | "rose" | "amber"; ... 15 more ...; tags?: string[] | undefined; }, { ...; }> | Promise<...>'.
            Type 'ResolverSuccess<TFieldValues>' is not assignable to type 'ResolverSuccess<{ allDay: boolean; amount: string; category: string; color: "blue" | "cyan" | "green" | "indigo" | "orange" | "pink" | "purple" | "red" | "teal" | "violet" | "yellow" | "emerald" | "rose" | "amber"; ... 15 more ...; tags?: string[] | undefined; }>'.
              Type 'TFieldValues' is not assignable to type '{ allDay: boolean; amount: string; category: string; color: "blue" | "cyan" | "green" | "indigo" | "orange" | "pink" | "purple" | "red" | "teal" | "violet" | "yellow" | "emerald" | "rose" | "amber"; ... 15 more ...; tags?: string[] | undefined; }'.
                Type 'FieldValues' is missing the following properties from type '{ allDay: boolean; amount: string; category: string; color: "blue" | "cyan" | "green" | "indigo" | "orange" | "pink" | "purple" | "red" | "teal" | "violet" | "yellow" | "emerald" | "rose" | "amber"; ... 15 more ...; tags?: string[] | undefined; }': allDay, amount, category, color, and 5 more.
src/components/financial/FinancialEventForm.tsx(419,13): error TS2322: Type 'Control<{ allDay: boolean; amount: string; category: string; color: "blue" | "cyan" | "green" | "indigo" | "orange" | "pink" | "purple" | "red" | "teal" | "violet" | "yellow" | "emerald" | "rose" | "amber"; ... 15 more ...; tags?: string[] | undefined; }, any, TFieldValues>' is not assignable to type 'Control<{ allDay: boolean; amount: string; category: string; color: "blue" | "cyan" | "green" | "indigo" | "orange" | "pink" | "purple" | "red" | "teal" | "violet" | "yellow" | "emerald" | "rose" | "amber"; ... 15 more ...; tags?: string[] | undefined; }, any, { ...; }>'.
  The types of '_options.resolver' are incompatible between these types.
    Type 'Resolver<{ allDay: boolean; amount: string; category: string; color: "blue" | "cyan" | "green" | "indigo" | "orange" | "pink" | "purple" | "red" | "teal" | "violet" | "yellow" | "emerald" | "rose" | "amber"; ... 15 more ...; tags?: string[] | undefined; }, any, TFieldValues> | undefined' is not assignable to type 'Resolver<{ allDay: boolean; amount: string; category: string; color: "blue" | "cyan" | "green" | "indigo" | "orange" | "pink" | "purple" | "red" | "teal" | "violet" | "yellow" | "emerald" | "rose" | "amber"; ... 15 more ...; tags?: string[] | undefined; }, any, { ...; }> | undefined'.
      Type 'Resolver<{ allDay: boolean; amount: string; category: string; color: "blue" | "cyan" | "green" | "indigo" | "orange" | "pink" | "purple" | "red" | "teal" | "violet" | "yellow" | "emerald" | "rose" | "amber"; ... 15 more ...; tags?: string[] | undefined; }, any, TFieldValues>' is not assignable to type 'Resolver<{ allDay: boolean; amount: string; category: string; color: "blue" | "cyan" | "green" | "indigo" | "orange" | "pink" | "purple" | "red" | "teal" | "violet" | "yellow" | "emerald" | "rose" | "amber"; ... 15 more ...; tags?: string[] | undefined; }, any, { ...; }>'.
        Type 'ResolverResult<{ allDay: boolean; amount: string; category: string; color: "blue" | "cyan" | "green" | "indigo" | "orange" | "pink" | "purple" | "red" | "teal" | "violet" | "yellow" | "emerald" | "rose" | "amber"; ... 15 more ...; tags?: string[] | undefined; }, TFieldValues> | Promise<...>' is not assignable to type 'ResolverResult<{ allDay: boolean; amount: string; category: string; color: "blue" | "cyan" | "green" | "indigo" | "orange" | "pink" | "purple" | "red" | "teal" | "violet" | "yellow" | "emerald" | "rose" | "amber"; ... 15 more ...; tags?: string[] | undefined; }, { ...; }> | Promise<...>'.
          Type 'ResolverSuccess<TFieldValues>' is not assignable to type 'ResolverResult<{ allDay: boolean; amount: string; category: string; color: "blue" | "cyan" | "green" | "indigo" | "orange" | "pink" | "purple" | "red" | "teal" | "violet" | "yellow" | "emerald" | "rose" | "amber"; ... 15 more ...; tags?: string[] | undefined; }, { ...; }> | Promise<...>'.
            Type 'ResolverSuccess<TFieldValues>' is not assignable to type 'ResolverSuccess<{ allDay: boolean; amount: string; category: string; color: "blue" | "cyan" | "green" | "indigo" | "orange" | "pink" | "purple" | "red" | "teal" | "violet" | "yellow" | "emerald" | "rose" | "amber"; ... 15 more ...; tags?: string[] | undefined; }>'.
              Type 'TFieldValues' is not assignable to type '{ allDay: boolean; amount: string; category: string; color: "blue" | "cyan" | "green" | "indigo" | "orange" | "pink" | "purple" | "red" | "teal" | "violet" | "yellow" | "emerald" | "rose" | "amber"; ... 15 more ...; tags?: string[] | undefined; }'.
                Type 'FieldValues' is missing the following properties from type '{ allDay: boolean; amount: string; category: string; color: "blue" | "cyan" | "green" | "indigo" | "orange" | "pink" | "purple" | "red" | "teal" | "violet" | "yellow" | "emerald" | "rose" | "amber"; ... 15 more ...; tags?: string[] | undefined; }': allDay, amount, category, color, and 5 more.
src/components/financial/FinancialEventForm.tsx(445,13): error TS2322: Type 'Control<{ allDay: boolean; amount: string; category: string; color: "blue" | "cyan" | "green" | "indigo" | "orange" | "pink" | "purple" | "red" | "teal" | "violet" | "yellow" | "emerald" | "rose" | "amber"; ... 15 more ...; tags?: string[] | undefined; }, any, TFieldValues>' is not assignable to type 'Control<{ allDay: boolean; amount: string; category: string; color: "blue" | "cyan" | "green" | "indigo" | "orange" | "pink" | "purple" | "red" | "teal" | "violet" | "yellow" | "emerald" | "rose" | "amber"; ... 15 more ...; tags?: string[] | undefined; }, any, { ...; }>'.
  The types of '_options.resolver' are incompatible between these types.
    Type 'Resolver<{ allDay: boolean; amount: string; category: string; color: "blue" | "cyan" | "green" | "indigo" | "orange" | "pink" | "purple" | "red" | "teal" | "violet" | "yellow" | "emerald" | "rose" | "amber"; ... 15 more ...; tags?: string[] | undefined; }, any, TFieldValues> | undefined' is not assignable to type 'Resolver<{ allDay: boolean; amount: string; category: string; color: "blue" | "cyan" | "green" | "indigo" | "orange" | "pink" | "purple" | "red" | "teal" | "violet" | "yellow" | "emerald" | "rose" | "amber"; ... 15 more ...; tags?: string[] | undefined; }, any, { ...; }> | undefined'.
      Type 'Resolver<{ allDay: boolean; amount: string; category: string; color: "blue" | "cyan" | "green" | "indigo" | "orange" | "pink" | "purple" | "red" | "teal" | "violet" | "yellow" | "emerald" | "rose" | "amber"; ... 15 more ...; tags?: string[] | undefined; }, any, TFieldValues>' is not assignable to type 'Resolver<{ allDay: boolean; amount: string; category: string; color: "blue" | "cyan" | "green" | "indigo" | "orange" | "pink" | "purple" | "red" | "teal" | "violet" | "yellow" | "emerald" | "rose" | "amber"; ... 15 more ...; tags?: string[] | undefined; }, any, { ...; }>'.
        Type 'ResolverResult<{ allDay: boolean; amount: string; category: string; color: "blue" | "cyan" | "green" | "indigo" | "orange" | "pink" | "purple" | "red" | "teal" | "violet" | "yellow" | "emerald" | "rose" | "amber"; ... 15 more ...; tags?: string[] | undefined; }, TFieldValues> | Promise<...>' is not assignable to type 'ResolverResult<{ allDay: boolean; amount: string; category: string; color: "blue" | "cyan" | "green" | "indigo" | "orange" | "pink" | "purple" | "red" | "teal" | "violet" | "yellow" | "emerald" | "rose" | "amber"; ... 15 more ...; tags?: string[] | undefined; }, { ...; }> | Promise<...>'.
          Type 'ResolverSuccess<TFieldValues>' is not assignable to type 'ResolverResult<{ allDay: boolean; amount: string; category: string; color: "blue" | "cyan" | "green" | "indigo" | "orange" | "pink" | "purple" | "red" | "teal" | "violet" | "yellow" | "emerald" | "rose" | "amber"; ... 15 more ...; tags?: string[] | undefined; }, { ...; }> | Promise<...>'.
            Type 'ResolverSuccess<TFieldValues>' is not assignable to type 'ResolverSuccess<{ allDay: boolean; amount: string; category: string; color: "blue" | "cyan" | "green" | "indigo" | "orange" | "pink" | "purple" | "red" | "teal" | "violet" | "yellow" | "emerald" | "rose" | "amber"; ... 15 more ...; tags?: string[] | undefined; }>'.
              Type 'TFieldValues' is not assignable to type '{ allDay: boolean; amount: string; category: string; color: "blue" | "cyan" | "green" | "indigo" | "orange" | "pink" | "purple" | "red" | "teal" | "violet" | "yellow" | "emerald" | "rose" | "amber"; ... 15 more ...; tags?: string[] | undefined; }'.
                Type 'FieldValues' is missing the following properties from type '{ allDay: boolean; amount: string; category: string; color: "blue" | "cyan" | "green" | "indigo" | "orange" | "pink" | "purple" | "red" | "teal" | "violet" | "yellow" | "emerald" | "rose" | "amber"; ... 15 more ...; tags?: string[] | undefined; }': allDay, amount, category, color, and 5 more.
src/components/financial/FinancialEventForm.tsx(475,15): error TS2322: Type 'Control<{ allDay: boolean; amount: string; category: string; color: "blue" | "cyan" | "green" | "indigo" | "orange" | "pink" | "purple" | "red" | "teal" | "violet" | "yellow" | "emerald" | "rose" | "amber"; ... 15 more ...; tags?: string[] | undefined; }, any, TFieldValues>' is not assignable to type 'Control<{ allDay: boolean; amount: string; category: string; color: "blue" | "cyan" | "green" | "indigo" | "orange" | "pink" | "purple" | "red" | "teal" | "violet" | "yellow" | "emerald" | "rose" | "amber"; ... 15 more ...; tags?: string[] | undefined; }, any, { ...; }>'.
  The types of '_options.resolver' are incompatible between these types.
    Type 'Resolver<{ allDay: boolean; amount: string; category: string; color: "blue" | "cyan" | "green" | "indigo" | "orange" | "pink" | "purple" | "red" | "teal" | "violet" | "yellow" | "emerald" | "rose" | "amber"; ... 15 more ...; tags?: string[] | undefined; }, any, TFieldValues> | undefined' is not assignable to type 'Resolver<{ allDay: boolean; amount: string; category: string; color: "blue" | "cyan" | "green" | "indigo" | "orange" | "pink" | "purple" | "red" | "teal" | "violet" | "yellow" | "emerald" | "rose" | "amber"; ... 15 more ...; tags?: string[] | undefined; }, any, { ...; }> | undefined'.
      Type 'Resolver<{ allDay: boolean; amount: string; category: string; color: "blue" | "cyan" | "green" | "indigo" | "orange" | "pink" | "purple" | "red" | "teal" | "violet" | "yellow" | "emerald" | "rose" | "amber"; ... 15 more ...; tags?: string[] | undefined; }, any, TFieldValues>' is not assignable to type 'Resolver<{ allDay: boolean; amount: string; category: string; color: "blue" | "cyan" | "green" | "indigo" | "orange" | "pink" | "purple" | "red" | "teal" | "violet" | "yellow" | "emerald" | "rose" | "amber"; ... 15 more ...; tags?: string[] | undefined; }, any, { ...; }>'.
        Type 'ResolverResult<{ allDay: boolean; amount: string; category: string; color: "blue" | "cyan" | "green" | "indigo" | "orange" | "pink" | "purple" | "red" | "teal" | "violet" | "yellow" | "emerald" | "rose" | "amber"; ... 15 more ...; tags?: string[] | undefined; }, TFieldValues> | Promise<...>' is not assignable to type 'ResolverResult<{ allDay: boolean; amount: string; category: string; color: "blue" | "cyan" | "green" | "indigo" | "orange" | "pink" | "purple" | "red" | "teal" | "violet" | "yellow" | "emerald" | "rose" | "amber"; ... 15 more ...; tags?: string[] | undefined; }, { ...; }> | Promise<...>'.
          Type 'ResolverSuccess<TFieldValues>' is not assignable to type 'ResolverResult<{ allDay: boolean; amount: string; category: string; color: "blue" | "cyan" | "green" | "indigo" | "orange" | "pink" | "purple" | "red" | "teal" | "violet" | "yellow" | "emerald" | "rose" | "amber"; ... 15 more ...; tags?: string[] | undefined; }, { ...; }> | Promise<...>'.
            Type 'ResolverSuccess<TFieldValues>' is not assignable to type 'ResolverSuccess<{ allDay: boolean; amount: string; category: string; color: "blue" | "cyan" | "green" | "indigo" | "orange" | "pink" | "purple" | "red" | "teal" | "violet" | "yellow" | "emerald" | "rose" | "amber"; ... 15 more ...; tags?: string[] | undefined; }>'.
              Type 'TFieldValues' is not assignable to type '{ allDay: boolean; amount: string; category: string; color: "blue" | "cyan" | "green" | "indigo" | "orange" | "pink" | "purple" | "red" | "teal" | "violet" | "yellow" | "emerald" | "rose" | "amber"; ... 15 more ...; tags?: string[] | undefined; }'.
                Type 'FieldValues' is missing the following properties from type '{ allDay: boolean; amount: string; category: string; color: "blue" | "cyan" | "green" | "indigo" | "orange" | "pink" | "purple" | "red" | "teal" | "violet" | "yellow" | "emerald" | "rose" | "amber"; ... 15 more ...; tags?: string[] | undefined; }': allDay, amount, category, color, and 5 more.
src/components/financial/FinancialEventForm.tsx(493,19): error TS2322: Type 'Control<{ allDay: boolean; amount: string; category: string; color: "blue" | "cyan" | "green" | "indigo" | "orange" | "pink" | "purple" | "red" | "teal" | "violet" | "yellow" | "emerald" | "rose" | "amber"; ... 15 more ...; tags?: string[] | undefined; }, any, TFieldValues>' is not assignable to type 'Control<{ allDay: boolean; amount: string; category: string; color: "blue" | "cyan" | "green" | "indigo" | "orange" | "pink" | "purple" | "red" | "teal" | "violet" | "yellow" | "emerald" | "rose" | "amber"; ... 15 more ...; tags?: string[] | undefined; }, any, { ...; }>'.
  The types of '_options.resolver' are incompatible between these types.
    Type 'Resolver<{ allDay: boolean; amount: string; category: string; color: "blue" | "cyan" | "green" | "indigo" | "orange" | "pink" | "purple" | "red" | "teal" | "violet" | "yellow" | "emerald" | "rose" | "amber"; ... 15 more ...; tags?: string[] | undefined; }, any, TFieldValues> | undefined' is not assignable to type 'Resolver<{ allDay: boolean; amount: string; category: string; color: "blue" | "cyan" | "green" | "indigo" | "orange" | "pink" | "purple" | "red" | "teal" | "violet" | "yellow" | "emerald" | "rose" | "amber"; ... 15 more ...; tags?: string[] | undefined; }, any, { ...; }> | undefined'.
      Type 'Resolver<{ allDay: boolean; amount: string; category: string; color: "blue" | "cyan" | "green" | "indigo" | "orange" | "pink" | "purple" | "red" | "teal" | "violet" | "yellow" | "emerald" | "rose" | "amber"; ... 15 more ...; tags?: string[] | undefined; }, any, TFieldValues>' is not assignable to type 'Resolver<{ allDay: boolean; amount: string; category: string; color: "blue" | "cyan" | "green" | "indigo" | "orange" | "pink" | "purple" | "red" | "teal" | "violet" | "yellow" | "emerald" | "rose" | "amber"; ... 15 more ...; tags?: string[] | undefined; }, any, { ...; }>'.
        Type 'ResolverResult<{ allDay: boolean; amount: string; category: string; color: "blue" | "cyan" | "green" | "indigo" | "orange" | "pink" | "purple" | "red" | "teal" | "violet" | "yellow" | "emerald" | "rose" | "amber"; ... 15 more ...; tags?: string[] | undefined; }, TFieldValues> | Promise<...>' is not assignable to type 'ResolverResult<{ allDay: boolean; amount: string; category: string; color: "blue" | "cyan" | "green" | "indigo" | "orange" | "pink" | "purple" | "red" | "teal" | "violet" | "yellow" | "emerald" | "rose" | "amber"; ... 15 more ...; tags?: string[] | undefined; }, { ...; }> | Promise<...>'.
          Type 'ResolverSuccess<TFieldValues>' is not assignable to type 'ResolverResult<{ allDay: boolean; amount: string; category: string; color: "blue" | "cyan" | "green" | "indigo" | "orange" | "pink" | "purple" | "red" | "teal" | "violet" | "yellow" | "emerald" | "rose" | "amber"; ... 15 more ...; tags?: string[] | undefined; }, { ...; }> | Promise<...>'.
            Type 'ResolverSuccess<TFieldValues>' is not assignable to type 'ResolverSuccess<{ allDay: boolean; amount: string; category: string; color: "blue" | "cyan" | "green" | "indigo" | "orange" | "pink" | "purple" | "red" | "teal" | "violet" | "yellow" | "emerald" | "rose" | "amber"; ... 15 more ...; tags?: string[] | undefined; }>'.
              Type 'TFieldValues' is not assignable to type '{ allDay: boolean; amount: string; category: string; color: "blue" | "cyan" | "green" | "indigo" | "orange" | "pink" | "purple" | "red" | "teal" | "violet" | "yellow" | "emerald" | "rose" | "amber"; ... 15 more ...; tags?: string[] | undefined; }'.
                Type 'FieldValues' is missing the following properties from type '{ allDay: boolean; amount: string; category: string; color: "blue" | "cyan" | "green" | "indigo" | "orange" | "pink" | "purple" | "red" | "teal" | "violet" | "yellow" | "emerald" | "rose" | "amber"; ... 15 more ...; tags?: string[] | undefined; }': allDay, amount, category, color, and 5 more.
src/components/financial/FinancialEventForm.tsx(518,19): error TS2322: Type 'Control<{ allDay: boolean; amount: string; category: string; color: "blue" | "cyan" | "green" | "indigo" | "orange" | "pink" | "purple" | "red" | "teal" | "violet" | "yellow" | "emerald" | "rose" | "amber"; ... 15 more ...; tags?: string[] | undefined; }, any, TFieldValues>' is not assignable to type 'Control<{ allDay: boolean; amount: string; category: string; color: "blue" | "cyan" | "green" | "indigo" | "orange" | "pink" | "purple" | "red" | "teal" | "violet" | "yellow" | "emerald" | "rose" | "amber"; ... 15 more ...; tags?: string[] | undefined; }, any, { ...; }>'.
  The types of '_options.resolver' are incompatible between these types.
    Type 'Resolver<{ allDay: boolean; amount: string; category: string; color: "blue" | "cyan" | "green" | "indigo" | "orange" | "pink" | "purple" | "red" | "teal" | "violet" | "yellow" | "emerald" | "rose" | "amber"; ... 15 more ...; tags?: string[] | undefined; }, any, TFieldValues> | undefined' is not assignable to type 'Resolver<{ allDay: boolean; amount: string; category: string; color: "blue" | "cyan" | "green" | "indigo" | "orange" | "pink" | "purple" | "red" | "teal" | "violet" | "yellow" | "emerald" | "rose" | "amber"; ... 15 more ...; tags?: string[] | undefined; }, any, { ...; }> | undefined'.
      Type 'Resolver<{ allDay: boolean; amount: string; category: string; color: "blue" | "cyan" | "green" | "indigo" | "orange" | "pink" | "purple" | "red" | "teal" | "violet" | "yellow" | "emerald" | "rose" | "amber"; ... 15 more ...; tags?: string[] | undefined; }, any, TFieldValues>' is not assignable to type 'Resolver<{ allDay: boolean; amount: string; category: string; color: "blue" | "cyan" | "green" | "indigo" | "orange" | "pink" | "purple" | "red" | "teal" | "violet" | "yellow" | "emerald" | "rose" | "amber"; ... 15 more ...; tags?: string[] | undefined; }, any, { ...; }>'.
        Type 'ResolverResult<{ allDay: boolean; amount: string; category: string; color: "blue" | "cyan" | "green" | "indigo" | "orange" | "pink" | "purple" | "red" | "teal" | "violet" | "yellow" | "emerald" | "rose" | "amber"; ... 15 more ...; tags?: string[] | undefined; }, TFieldValues> | Promise<...>' is not assignable to type 'ResolverResult<{ allDay: boolean; amount: string; category: string; color: "blue" | "cyan" | "green" | "indigo" | "orange" | "pink" | "purple" | "red" | "teal" | "violet" | "yellow" | "emerald" | "rose" | "amber"; ... 15 more ...; tags?: string[] | undefined; }, { ...; }> | Promise<...>'.
          Type 'ResolverSuccess<TFieldValues>' is not assignable to type 'ResolverResult<{ allDay: boolean; amount: string; category: string; color: "blue" | "cyan" | "green" | "indigo" | "orange" | "pink" | "purple" | "red" | "teal" | "violet" | "yellow" | "emerald" | "rose" | "amber"; ... 15 more ...; tags?: string[] | undefined; }, { ...; }> | Promise<...>'.
            Type 'ResolverSuccess<TFieldValues>' is not assignable to type 'ResolverSuccess<{ allDay: boolean; amount: string; category: string; color: "blue" | "cyan" | "green" | "indigo" | "orange" | "pink" | "purple" | "red" | "teal" | "violet" | "yellow" | "emerald" | "rose" | "amber"; ... 15 more ...; tags?: string[] | undefined; }>'.
              Type 'TFieldValues' is not assignable to type '{ allDay: boolean; amount: string; category: string; color: "blue" | "cyan" | "green" | "indigo" | "orange" | "pink" | "purple" | "red" | "teal" | "violet" | "yellow" | "emerald" | "rose" | "amber"; ... 15 more ...; tags?: string[] | undefined; }'.
                Type 'FieldValues' is missing the following properties from type '{ allDay: boolean; amount: string; category: string; color: "blue" | "cyan" | "green" | "indigo" | "orange" | "pink" | "purple" | "red" | "teal" | "violet" | "yellow" | "emerald" | "rose" | "amber"; ... 15 more ...; tags?: string[] | undefined; }': allDay, amount, category, color, and 5 more.
src/components/financial/FinancialEventForm.tsx(546,13): error TS2322: Type 'Control<{ allDay: boolean; amount: string; category: string; color: "blue" | "cyan" | "green" | "indigo" | "orange" | "pink" | "purple" | "red" | "teal" | "violet" | "yellow" | "emerald" | "rose" | "amber"; ... 15 more ...; tags?: string[] | undefined; }, any, TFieldValues>' is not assignable to type 'Control<{ allDay: boolean; amount: string; category: string; color: "blue" | "cyan" | "green" | "indigo" | "orange" | "pink" | "purple" | "red" | "teal" | "violet" | "yellow" | "emerald" | "rose" | "amber"; ... 15 more ...; tags?: string[] | undefined; }, any, { ...; }>'.
  The types of '_options.resolver' are incompatible between these types.
    Type 'Resolver<{ allDay: boolean; amount: string; category: string; color: "blue" | "cyan" | "green" | "indigo" | "orange" | "pink" | "purple" | "red" | "teal" | "violet" | "yellow" | "emerald" | "rose" | "amber"; ... 15 more ...; tags?: string[] | undefined; }, any, TFieldValues> | undefined' is not assignable to type 'Resolver<{ allDay: boolean; amount: string; category: string; color: "blue" | "cyan" | "green" | "indigo" | "orange" | "pink" | "purple" | "red" | "teal" | "violet" | "yellow" | "emerald" | "rose" | "amber"; ... 15 more ...; tags?: string[] | undefined; }, any, { ...; }> | undefined'.
      Type 'Resolver<{ allDay: boolean; amount: string; category: string; color: "blue" | "cyan" | "green" | "indigo" | "orange" | "pink" | "purple" | "red" | "teal" | "violet" | "yellow" | "emerald" | "rose" | "amber"; ... 15 more ...; tags?: string[] | undefined; }, any, TFieldValues>' is not assignable to type 'Resolver<{ allDay: boolean; amount: string; category: string; color: "blue" | "cyan" | "green" | "indigo" | "orange" | "pink" | "purple" | "red" | "teal" | "violet" | "yellow" | "emerald" | "rose" | "amber"; ... 15 more ...; tags?: string[] | undefined; }, any, { ...; }>'.
        Type 'ResolverResult<{ allDay: boolean; amount: string; category: string; color: "blue" | "cyan" | "green" | "indigo" | "orange" | "pink" | "purple" | "red" | "teal" | "violet" | "yellow" | "emerald" | "rose" | "amber"; ... 15 more ...; tags?: string[] | undefined; }, TFieldValues> | Promise<...>' is not assignable to type 'ResolverResult<{ allDay: boolean; amount: string; category: string; color: "blue" | "cyan" | "green" | "indigo" | "orange" | "pink" | "purple" | "red" | "teal" | "violet" | "yellow" | "emerald" | "rose" | "amber"; ... 15 more ...; tags?: string[] | undefined; }, { ...; }> | Promise<...>'.
          Type 'ResolverSuccess<TFieldValues>' is not assignable to type 'ResolverResult<{ allDay: boolean; amount: string; category: string; color: "blue" | "cyan" | "green" | "indigo" | "orange" | "pink" | "purple" | "red" | "teal" | "violet" | "yellow" | "emerald" | "rose" | "amber"; ... 15 more ...; tags?: string[] | undefined; }, { ...; }> | Promise<...>'.
            Type 'ResolverSuccess<TFieldValues>' is not assignable to type 'ResolverSuccess<{ allDay: boolean; amount: string; category: string; color: "blue" | "cyan" | "green" | "indigo" | "orange" | "pink" | "purple" | "red" | "teal" | "violet" | "yellow" | "emerald" | "rose" | "amber"; ... 15 more ...; tags?: string[] | undefined; }>'.
              Type 'TFieldValues' is not assignable to type '{ allDay: boolean; amount: string; category: string; color: "blue" | "cyan" | "green" | "indigo" | "orange" | "pink" | "purple" | "red" | "teal" | "violet" | "yellow" | "emerald" | "rose" | "amber"; ... 15 more ...; tags?: string[] | undefined; }'.
                Type 'FieldValues' is missing the following properties from type '{ allDay: boolean; amount: string; category: string; color: "blue" | "cyan" | "green" | "indigo" | "orange" | "pink" | "purple" | "red" | "teal" | "violet" | "yellow" | "emerald" | "rose" | "amber"; ... 15 more ...; tags?: string[] | undefined; }': allDay, amount, category, color, and 5 more.
src/components/financial/FinancialEventForm.tsx(565,13): error TS2322: Type 'Control<{ allDay: boolean; amount: string; category: string; color: "blue" | "cyan" | "green" | "indigo" | "orange" | "pink" | "purple" | "red" | "teal" | "violet" | "yellow" | "emerald" | "rose" | "amber"; ... 15 more ...; tags?: string[] | undefined; }, any, TFieldValues>' is not assignable to type 'Control<{ allDay: boolean; amount: string; category: string; color: "blue" | "cyan" | "green" | "indigo" | "orange" | "pink" | "purple" | "red" | "teal" | "violet" | "yellow" | "emerald" | "rose" | "amber"; ... 15 more ...; tags?: string[] | undefined; }, any, { ...; }>'.
  The types of '_options.resolver' are incompatible between these types.
    Type 'Resolver<{ allDay: boolean; amount: string; category: string; color: "blue" | "cyan" | "green" | "indigo" | "orange" | "pink" | "purple" | "red" | "teal" | "violet" | "yellow" | "emerald" | "rose" | "amber"; ... 15 more ...; tags?: string[] | undefined; }, any, TFieldValues> | undefined' is not assignable to type 'Resolver<{ allDay: boolean; amount: string; category: string; color: "blue" | "cyan" | "green" | "indigo" | "orange" | "pink" | "purple" | "red" | "teal" | "violet" | "yellow" | "emerald" | "rose" | "amber"; ... 15 more ...; tags?: string[] | undefined; }, any, { ...; }> | undefined'.
      Type 'Resolver<{ allDay: boolean; amount: string; category: string; color: "blue" | "cyan" | "green" | "indigo" | "orange" | "pink" | "purple" | "red" | "teal" | "violet" | "yellow" | "emerald" | "rose" | "amber"; ... 15 more ...; tags?: string[] | undefined; }, any, TFieldValues>' is not assignable to type 'Resolver<{ allDay: boolean; amount: string; category: string; color: "blue" | "cyan" | "green" | "indigo" | "orange" | "pink" | "purple" | "red" | "teal" | "violet" | "yellow" | "emerald" | "rose" | "amber"; ... 15 more ...; tags?: string[] | undefined; }, any, { ...; }>'.
        Type 'ResolverResult<{ allDay: boolean; amount: string; category: string; color: "blue" | "cyan" | "green" | "indigo" | "orange" | "pink" | "purple" | "red" | "teal" | "violet" | "yellow" | "emerald" | "rose" | "amber"; ... 15 more ...; tags?: string[] | undefined; }, TFieldValues> | Promise<...>' is not assignable to type 'ResolverResult<{ allDay: boolean; amount: string; category: string; color: "blue" | "cyan" | "green" | "indigo" | "orange" | "pink" | "purple" | "red" | "teal" | "violet" | "yellow" | "emerald" | "rose" | "amber"; ... 15 more ...; tags?: string[] | undefined; }, { ...; }> | Promise<...>'.
          Type 'ResolverSuccess<TFieldValues>' is not assignable to type 'ResolverResult<{ allDay: boolean; amount: string; category: string; color: "blue" | "cyan" | "green" | "indigo" | "orange" | "pink" | "purple" | "red" | "teal" | "violet" | "yellow" | "emerald" | "rose" | "amber"; ... 15 more ...; tags?: string[] | undefined; }, { ...; }> | Promise<...>'.
            Type 'ResolverSuccess<TFieldValues>' is not assignable to type 'ResolverSuccess<{ allDay: boolean; amount: string; category: string; color: "blue" | "cyan" | "green" | "indigo" | "orange" | "pink" | "purple" | "red" | "teal" | "violet" | "yellow" | "emerald" | "rose" | "amber"; ... 15 more ...; tags?: string[] | undefined; }>'.
              Type 'TFieldValues' is not assignable to type '{ allDay: boolean; amount: string; category: string; color: "blue" | "cyan" | "green" | "indigo" | "orange" | "pink" | "purple" | "red" | "teal" | "violet" | "yellow" | "emerald" | "rose" | "amber"; ... 15 more ...; tags?: string[] | undefined; }'.
                Type 'FieldValues' is missing the following properties from type '{ allDay: boolean; amount: string; category: string; color: "blue" | "cyan" | "green" | "indigo" | "orange" | "pink" | "purple" | "red" | "teal" | "violet" | "yellow" | "emerald" | "rose" | "amber"; ... 15 more ...; tags?: string[] | undefined; }': allDay, amount, category, color, and 5 more.
src/components/financial/FinancialEventForm.tsx(580,13): error TS2322: Type 'Control<{ allDay: boolean; amount: string; category: string; color: "blue" | "cyan" | "green" | "indigo" | "orange" | "pink" | "purple" | "red" | "teal" | "violet" | "yellow" | "emerald" | "rose" | "amber"; ... 15 more ...; tags?: string[] | undefined; }, any, TFieldValues>' is not assignable to type 'Control<{ allDay: boolean; amount: string; category: string; color: "blue" | "cyan" | "green" | "indigo" | "orange" | "pink" | "purple" | "red" | "teal" | "violet" | "yellow" | "emerald" | "rose" | "amber"; ... 15 more ...; tags?: string[] | undefined; }, any, { ...; }>'.
  The types of '_options.resolver' are incompatible between these types.
    Type 'Resolver<{ allDay: boolean; amount: string; category: string; color: "blue" | "cyan" | "green" | "indigo" | "orange" | "pink" | "purple" | "red" | "teal" | "violet" | "yellow" | "emerald" | "rose" | "amber"; ... 15 more ...; tags?: string[] | undefined; }, any, TFieldValues> | undefined' is not assignable to type 'Resolver<{ allDay: boolean; amount: string; category: string; color: "blue" | "cyan" | "green" | "indigo" | "orange" | "pink" | "purple" | "red" | "teal" | "violet" | "yellow" | "emerald" | "rose" | "amber"; ... 15 more ...; tags?: string[] | undefined; }, any, { ...; }> | undefined'.
      Type 'Resolver<{ allDay: boolean; amount: string; category: string; color: "blue" | "cyan" | "green" | "indigo" | "orange" | "pink" | "purple" | "red" | "teal" | "violet" | "yellow" | "emerald" | "rose" | "amber"; ... 15 more ...; tags?: string[] | undefined; }, any, TFieldValues>' is not assignable to type 'Resolver<{ allDay: boolean; amount: string; category: string; color: "blue" | "cyan" | "green" | "indigo" | "orange" | "pink" | "purple" | "red" | "teal" | "violet" | "yellow" | "emerald" | "rose" | "amber"; ... 15 more ...; tags?: string[] | undefined; }, any, { ...; }>'.
        Type 'ResolverResult<{ allDay: boolean; amount: string; category: string; color: "blue" | "cyan" | "green" | "indigo" | "orange" | "pink" | "purple" | "red" | "teal" | "violet" | "yellow" | "emerald" | "rose" | "amber"; ... 15 more ...; tags?: string[] | undefined; }, TFieldValues> | Promise<...>' is not assignable to type 'ResolverResult<{ allDay: boolean; amount: string; category: string; color: "blue" | "cyan" | "green" | "indigo" | "orange" | "pink" | "purple" | "red" | "teal" | "violet" | "yellow" | "emerald" | "rose" | "amber"; ... 15 more ...; tags?: string[] | undefined; }, { ...; }> | Promise<...>'.
          Type 'ResolverSuccess<TFieldValues>' is not assignable to type 'ResolverResult<{ allDay: boolean; amount: string; category: string; color: "blue" | "cyan" | "green" | "indigo" | "orange" | "pink" | "purple" | "red" | "teal" | "violet" | "yellow" | "emerald" | "rose" | "amber"; ... 15 more ...; tags?: string[] | undefined; }, { ...; }> | Promise<...>'.
            Type 'ResolverSuccess<TFieldValues>' is not assignable to type 'ResolverSuccess<{ allDay: boolean; amount: string; category: string; color: "blue" | "cyan" | "green" | "indigo" | "orange" | "pink" | "purple" | "red" | "teal" | "violet" | "yellow" | "emerald" | "rose" | "amber"; ... 15 more ...; tags?: string[] | undefined; }>'.
              Type 'TFieldValues' is not assignable to type '{ allDay: boolean; amount: string; category: string; color: "blue" | "cyan" | "green" | "indigo" | "orange" | "pink" | "purple" | "red" | "teal" | "violet" | "yellow" | "emerald" | "rose" | "amber"; ... 15 more ...; tags?: string[] | undefined; }'.
                Type 'FieldValues' is missing the following properties from type '{ allDay: boolean; amount: string; category: string; color: "blue" | "cyan" | "green" | "indigo" | "orange" | "pink" | "purple" | "red" | "teal" | "violet" | "yellow" | "emerald" | "rose" | "amber"; ... 15 more ...; tags?: string[] | undefined; }': allDay, amount, category, color, and 5 more.
src/components/financial/PixTransfer.tsx(109,13): error TS2304: Cannot find name 'pixClient'.
src/components/layout/AppLayout.tsx(22,11): error TS2339: Property 'showSettings' does not exist on type 'AccessibilityContextType'.
src/components/layout/AppLayout.tsx(22,25): error TS2339: Property 'setShowSettings' does not exist on type 'AccessibilityContextType'.
src/components/pix/PixSidebar.tsx(41,7): error TS2322: Type '"/pix/transferir"' is not assignable to type '"/" | "/dashboard" | "." | ".." | "/saldo" | "/login" | "/contas-bancarias" | "/contas" | "/calendario" | "/ai-chat"'.
src/components/pix/PixSidebar.tsx(42,17): error TS2353: Object literal may only specify known properties, and 'pixKey' does not exist in type 'ParamsReducerFn<RouterCore<Route<Register, any, "/", "/", string, "__root__", undefined, {}, {}, AnyContext, AnyContext, {}, undefined, RootRouteChildren, FileRouteTypes, unknown, unknown, undefined>, "never", false, RouterHistory, Record<...>>, "SEARCH", string, "/pix/transferir">'.
src/components/pix/PixSidebar.tsx(103,40): error TS2322: Type '"/pix"' is not assignable to type '"/" | "/dashboard" | "." | ".." | "/saldo" | "/login" | "/contas-bancarias" | "/contas" | "/calendario" | "/ai-chat"'.
src/components/pix/PixSidebar.tsx(147,30): error TS7006: Parameter 'pixKey' implicitly has an 'any' type.
src/components/pix/PixSidebar.tsx(153,34): error TS2322: Type '{ children: Element; open: boolean; onOpenChange: Dispatch<SetStateAction<boolean>>; }' is not assignable to type 'IntrinsicAttributes & { children: ReactNode; open?: boolean | undefined; setOpen?: Dispatch<SetStateAction<boolean>> | undefined; animate?: boolean | undefined; }'.
  Property 'onOpenChange' does not exist on type 'IntrinsicAttributes & { children: ReactNode; open?: boolean | undefined; setOpen?: Dispatch<SetStateAction<boolean>> | undefined; animate?: boolean | undefined; }'.
src/components/providers/AppProviders.tsx(18,42): error TS6133: 'defaultConfig' is declared but its value is never read.
src/components/ui/magic-card.tsx(48,9): error TS2322: Type 'ForwardedRef<HTMLDivElement>' is not assignable to type 'Ref<HTMLButtonElement> | undefined'.
  Type '(instance: HTMLDivElement | null) => void' is not assignable to type 'Ref<HTMLButtonElement> | undefined'.
    Type '(instance: HTMLDivElement | null) => void' is not assignable to type '(instance: HTMLButtonElement | null) => void | (() => VoidOrUndefinedOnly)'.
      Types of parameters 'instance' and 'instance' are incompatible.
        Type 'HTMLButtonElement | null' is not assignable to type 'HTMLDivElement | null'.
          Property 'align' is missing in type 'HTMLButtonElement' but required in type 'HTMLDivElement'.
src/components/ui/magic-card.tsx(53,9): error TS2322: Type '(e: React.MouseEvent<HTMLDivElement>) => void' is not assignable to type 'MouseEventHandler<HTMLButtonElement>'.
  Types of parameters 'e' and 'event' are incompatible.
    Type 'MouseEvent<HTMLButtonElement, MouseEvent>' is not assignable to type 'MouseEvent<HTMLDivElement, MouseEvent>'.
      Property 'align' is missing in type 'HTMLButtonElement' but required in type 'HTMLDivElement'.
src/components/voice/VoiceDashboard.tsx(168,22): error TS2322: Type '"/pix"' is not assignable to type '"/" | "/dashboard" | "." | ".." | "/saldo" | "/login" | "/contas-bancarias" | "/contas" | "/calendario" | "/ai-chat"'.
src/components/voice/VoiceDashboard.tsx(244,15): error TS2322: Type 'Record<string, unknown> | undefined' is not assignable to type '"error" | "success" | "balance" | "bills" | "transfer" | "budget" | "incoming" | "projection" | BalanceResponseData | BudgetResponseData | ... 6 more ... | undefined'.
  Type 'Record<string, unknown>' is not assignable to type '"error" | "success" | "balance" | "bills" | "transfer" | "budget" | "incoming" | "projection" | BalanceResponseData | BudgetResponseData | ... 6 more ... | undefined'.
    Type 'Record<string, unknown>' is missing the following properties from type 'TransferResponseData': recipient, amount, method, status
src/features/ai-chat/components/ChatOpenInChatLink.tsx(26,17): error TS2322: Type '{ children: Element; message: ChatMessage; className: string | undefined; }' is not assignable to type 'IntrinsicAttributes & OpenInChatProps'.
  Property 'message' does not exist on type 'IntrinsicAttributes & OpenInChatProps'.
src/features/ai-chat/components/ChatSuggestions.tsx(17,43): error TS2322: Type '{ children: Element; suggestions: ChatSuggestion[]; onSelect: (suggestion: ChatSuggestion) => void; className: string | undefined; }' is not assignable to type 'IntrinsicAttributes & SuggestionProps'.
  Property 'onSelect' does not exist on type 'IntrinsicAttributes & SuggestionProps'.
src/hooks/useContacts.ts(28,15): error TS7006: Parameter 'error' implicitly has an 'any' type.
src/hooks/useContacts.ts(31,17): error TS7006: Parameter 'data' implicitly has an 'any' type.
src/hooks/useContacts.ts(32,53): error TS7006: Parameter 'old' implicitly has an 'any' type.
src/hooks/useContacts.ts(48,15): error TS7006: Parameter 'error' implicitly has an 'any' type.
src/hooks/useContacts.ts(51,17): error TS7006: Parameter 'data' implicitly has an 'any' type.
src/hooks/useContacts.ts(52,53): error TS7006: Parameter 'old' implicitly has an 'any' type.
src/hooks/useContacts.ts(58,39): error TS7006: Parameter 'c' implicitly has an 'any' type.
src/hooks/useContacts.ts(67,15): error TS7006: Parameter 'error' implicitly has an 'any' type.
src/hooks/useContacts.ts(79,17): error TS7006: Parameter 'error' implicitly has an 'any' type.
src/hooks/useContacts.ts(82,19): error TS7006: Parameter 'data' implicitly has an 'any' type.
src/hooks/useContacts.ts(83,55): error TS7006: Parameter 'old' implicitly has an 'any' type.
src/hooks/useContacts.ts(89,41): error TS7006: Parameter 'c' implicitly has an 'any' type.
src/hooks/useContacts.ts(230,16): error TS7006: Parameter 'contact' implicitly has an 'any' type.
src/hooks/useContacts.ts(231,13): error TS7006: Parameter 'contact' implicitly has an 'any' type.
src/hooks/useContacts.ts(259,16): error TS7006: Parameter 'contact' implicitly has an 'any' type.
src/hooks/useContacts.ts(260,13): error TS7006: Parameter 'contact' implicitly has an 'any' type.
src/hooks/useDashboard.ts(1,10): error TS2724: '"@/hooks/use-transactions"' has no exported member named 'useRecentTransactions'. Did you mean 'useTransactions'?
src/hooks/useDashboard.ts(1,33): error TS2724: '"@/hooks/use-transactions"' has no exported member named 'useTransactionStats'. Did you mean 'useTransactionsStats'?
src/hooks/useDashboard.ts(10,3): error TS2305: Module '"@/hooks/useFinancialEvents"' has no exported member 'useCalendarStats'.
src/hooks/useDashboard.ts(13,3): error TS2305: Module '"@/hooks/useFinancialEvents"' has no exported member 'useUpcomingEvents'.
src/hooks/useDashboard.ts(33,11): error TS2339: Property 'overdueEvents' does not exist on type '{ events: CalendarFinancialEvent[]; loading: boolean; }'.
src/hooks/useDashboard.ts(33,26): error TS2339: Property 'isLoading' does not exist on type '{ events: CalendarFinancialEvent[]; loading: boolean; }'.
src/hooks/useDashboard.ts(220,11): error TS2339: Property 'createTransaction' does not exist on type '{ addEvent: (event: Omit<CalendarFinancialEvent, "id">) => Promise<CalendarFinancialEvent>; deleteEvent: (id: string) => Promise<...>; updateEvent: (id: string, updates: Partial<...>) => Promise<...>; }'.
src/hooks/useFinancialEvents.ts(184,14): error TS2352: Conversion of type 'number | boolean | { [key: string]: Json | undefined; } | Json[]' to type 'InstallmentInfo' may be a mistake because neither type sufficiently overlaps with the other. If this was intentional, convert the expression to 'unknown' first.
  Type 'Json[]' is missing the following properties from type 'InstallmentInfo': totalInstallments, currentInstallment, installmentAmount, remainingAmount
src/hooks/useLogger.ts(140,27): error TS2554: Expected 0 arguments, but got 1.
src/hooks/useMultimodalResponse.ts(124,58): error TS2345: Argument of type 'unknown' is not assignable to parameter of type 'Record<string, unknown>'.
src/hooks/useOAuthHandler.ts(71,32): error TS2304: Cannot find name 'codeVerifier'.
src/hooks/usePix.tsx(35,15): error TS7006: Parameter 'error' implicitly has an 'any' type.
src/hooks/usePix.tsx(45,15): error TS7006: Parameter 'error' implicitly has an 'any' type.
src/hooks/usePix.tsx(55,15): error TS7006: Parameter 'error' implicitly has an 'any' type.
src/hooks/usePix.tsx(190,15): error TS7006: Parameter 'mutationError' implicitly has an 'any' type.
src/hooks/usePix.tsx(193,17): error TS7006: Parameter 'transaction' implicitly has an 'any' type.
src/hooks/usePix.tsx(289,15): error TS7006: Parameter 'error' implicitly has an 'any' type.
src/hooks/usePix.tsx(299,15): error TS7006: Parameter 'error' implicitly has an 'any' type.
src/hooks/useProfile.ts(14,17): error TS7006: Parameter 'error' implicitly has an 'any' type.
src/hooks/useProfile.ts(25,17): error TS7006: Parameter 'error' implicitly has an 'any' type.
src/hooks/useProfile.ts(28,19): error TS7006: Parameter 'data' implicitly has an 'any' type.
src/hooks/useProfile.ts(29,55): error TS7006: Parameter 'old' implicitly has an 'any' type.
src/infrastructure/repositories/UserRepository.ts(35,32): error TS2345: Argument of type '{ autonomy_level: number | null; birth_date: string | null; cpf: string | null; created_at: string | null; currency: string | null; email: string; full_name: string | null; id: string; ... 8 more ...; user_preferences: { ...; } | null; }' is not assignable to parameter of type '{ id: string; email: string; full_name: string; phone?: string | undefined; cpf?: string | undefined; birth_date?: string | Date | null | undefined; avatar_url?: string | null | undefined; created_at: string | Date; updated_at: string | Date; preferences?: UserPreferences | undefined; }'.
  Types of property 'full_name' are incompatible.
    Type 'string | null' is not assignable to type 'string'.
      Type 'null' is not assignable to type 'string'.
src/infrastructure/repositories/UserRepository.ts(69,32): error TS2345: Argument of type '{ autonomy_level: number | null; birth_date: string | null; cpf: string | null; created_at: string | null; currency: string | null; email: string; full_name: string | null; id: string; ... 8 more ...; user_preferences: { ...; } | null; }' is not assignable to parameter of type '{ id: string; email: string; full_name: string; phone?: string | undefined; cpf?: string | undefined; birth_date?: string | Date | null | undefined; avatar_url?: string | null | undefined; created_at: string | Date; updated_at: string | Date; preferences?: UserPreferences | undefined; }'.
  Types of property 'full_name' are incompatible.
    Type 'string | null' is not assignable to type 'string'.
      Type 'null' is not assignable to type 'string'.
src/infrastructure/repositories/UserRepository.ts(315,70): error TS2345: Argument of type '{ autonomy_level: number | null; birth_date: string | null; cpf: string | null; created_at: string | null; currency: string | null; email: string; full_name: string | null; id: string; ... 8 more ...; user_preferences: { ...; } | null; }' is not assignable to parameter of type '{ id: string; email: string; full_name: string; phone?: string | undefined; cpf?: string | undefined; birth_date?: string | Date | null | undefined; avatar_url?: string | null | undefined; created_at: string | Date; updated_at: string | Date; preferences?: UserPreferences | undefined; }'.
  Types of property 'full_name' are incompatible.
    Type 'string | null' is not assignable to type 'string'.
      Type 'null' is not assignable to type 'string'.
src/lib/analytics/feedbackCollector.ts(20,63): error TS2769: No overload matches this call.
  Overload 1 of 2, '(values: { audio_file_path?: string | null | undefined; command_text: string; confidence_score?: number | null | undefined; correction_made?: string | null | undefined; created_at?: string | null | undefined; ... 8 more ...; was_correct?: boolean | ... 1 more ... | undefined; }, options?: { ...; } | undefined): PostgrestFilterBuilder<...>', gave the following error.
    Object literal may only specify known properties, and 'command' does not exist in type '{ audio_file_path?: string | null | undefined; command_text: string; confidence_score?: number | null | undefined; correction_made?: string | null | undefined; created_at?: string | null | undefined; ... 8 more ...; was_correct?: boolean | ... 1 more ... | undefined; }'.
  Overload 2 of 2, '(values: { audio_file_path?: string | null | undefined; command_text: string; confidence_score?: number | null | undefined; correction_made?: string | null | undefined; created_at?: string | null | undefined; ... 8 more ...; was_correct?: boolean | ... 1 more ... | undefined; }[], options?: { ...; } | undefined): PostgrestFilterBuilder<...>', gave the following error.
    Object literal may only specify known properties, and 'user_id' does not exist in type '{ audio_file_path?: string | null | undefined; command_text: string; confidence_score?: number | null | undefined; correction_made?: string | null | undefined; created_at?: string | null | undefined; ... 8 more ...; was_correct?: boolean | ... 1 more ... | undefined; }[]'.
src/lib/analytics/voiceMetrics.ts(80,45): error TS2769: No overload matches this call.
  Overload 1 of 2, '(relation: "users" | "bank_connections" | "scheduled_payments" | "financial_events" | "financial_categories" | "event_types" | "payment_rules" | "bank_accounts" | "audit_logs" | ... 43 more ... | "voice_transcriptions"): PostgrestQueryBuilder<...>', gave the following error.
    Argument of type '"voice_metrics"' is not assignable to parameter of type '"users" | "bank_connections" | "scheduled_payments" | "financial_events" | "financial_categories" | "event_types" | "payment_rules" | "bank_accounts" | "audit_logs" | "auth_attempts" | ... 42 more ... | "voice_transcriptions"'.
  Overload 2 of 2, '(relation: never): PostgrestQueryBuilder<{ PostgrestVersion: "13.0.5"; }, { Tables: { audit_logs: { Row: { action: string; created_at: string | null; details: Json; error_message: string | null; id: string; ... 8 more ...; user_id: string | null; }; Insert: { ...; }; Update: { ...; }; Relationships: []; }; ... 51 more ...; voice_transcriptions: { ...; }; }; Views: {}; Functions: { ...; }; Enums: {}; CompositeTypes: {}; }, never, never, never>', gave the following error.
    Argument of type '"voice_metrics"' is not assignable to parameter of type 'never'.
src/lib/analytics/voiceMetrics.ts(96,15): error TS2769: No overload matches this call.
  Overload 1 of 2, '(relation: "users" | "bank_connections" | "scheduled_payments" | "financial_events" | "financial_categories" | "event_types" | "payment_rules" | "bank_accounts" | "audit_logs" | ... 43 more ... | "voice_transcriptions"): PostgrestQueryBuilder<...>', gave the following error.
    Argument of type '"voice_metrics"' is not assignable to parameter of type '"users" | "bank_connections" | "scheduled_payments" | "financial_events" | "financial_categories" | "event_types" | "payment_rules" | "bank_accounts" | "audit_logs" | "auth_attempts" | ... 42 more ... | "voice_transcriptions"'.
  Overload 2 of 2, '(relation: never): PostgrestQueryBuilder<{ PostgrestVersion: "13.0.5"; }, { Tables: { audit_logs: { Row: { action: string; created_at: string | null; details: Json; error_message: string | null; id: string; ... 8 more ...; user_id: string | null; }; Insert: { ...; }; Update: { ...; }; Relationships: []; }; ... 51 more ...; voice_transcriptions: { ...; }; }; Views: {}; Functions: { ...; }; Enums: {}; CompositeTypes: {}; }, never, never, never>', gave the following error.
    Argument of type '"voice_metrics"' is not assignable to parameter of type 'never'.
src/lib/analytics/voiceMetrics.ts(160,15): error TS2769: No overload matches this call.
  Overload 1 of 2, '(relation: "users" | "bank_connections" | "scheduled_payments" | "financial_events" | "financial_categories" | "event_types" | "payment_rules" | "bank_accounts" | "audit_logs" | ... 43 more ... | "voice_transcriptions"): PostgrestQueryBuilder<...>', gave the following error.
    Argument of type '"voice_metrics"' is not assignable to parameter of type '"users" | "bank_connections" | "scheduled_payments" | "financial_events" | "financial_categories" | "event_types" | "payment_rules" | "bank_accounts" | "audit_logs" | "auth_attempts" | ... 42 more ... | "voice_transcriptions"'.
  Overload 2 of 2, '(relation: never): PostgrestQueryBuilder<{ PostgrestVersion: "13.0.5"; }, { Tables: { audit_logs: { Row: { action: string; created_at: string | null; details: Json; error_message: string | null; id: string; ... 8 more ...; user_id: string | null; }; Insert: { ...; }; Update: { ...; }; Relationships: []; }; ... 51 more ...; voice_transcriptions: { ...; }; }; Views: {}; Functions: { ...; }; Enums: {}; CompositeTypes: {}; }, never, never, never>', gave the following error.
    Argument of type '"voice_metrics"' is not assignable to parameter of type 'never'.
src/lib/analytics/voiceMetrics.ts(206,15): error TS2769: No overload matches this call.
  Overload 1 of 2, '(relation: "users" | "bank_connections" | "scheduled_payments" | "financial_events" | "financial_categories" | "event_types" | "payment_rules" | "bank_accounts" | "audit_logs" | ... 43 more ... | "voice_transcriptions"): PostgrestQueryBuilder<...>', gave the following error.
    Argument of type '"voice_metrics"' is not assignable to parameter of type '"users" | "bank_connections" | "scheduled_payments" | "financial_events" | "financial_categories" | "event_types" | "payment_rules" | "bank_accounts" | "audit_logs" | "auth_attempts" | ... 42 more ... | "voice_transcriptions"'.
  Overload 2 of 2, '(relation: never): PostgrestQueryBuilder<{ PostgrestVersion: "13.0.5"; }, { Tables: { audit_logs: { Row: { action: string; created_at: string | null; details: Json; error_message: string | null; id: string; ... 8 more ...; user_id: string | null; }; Insert: { ...; }; Update: { ...; }; Relationships: []; }; ... 51 more ...; voice_transcriptions: { ...; }; }; Views: {}; Functions: { ...; }; Enums: {}; CompositeTypes: {}; }, never, never, never>', gave the following error.
    Argument of type '"voice_metrics"' is not assignable to parameter of type 'never'.
src/lib/analytics/voiceMetrics.ts(245,15): error TS2769: No overload matches this call.
  Overload 1 of 2, '(relation: "users" | "bank_connections" | "scheduled_payments" | "financial_events" | "financial_categories" | "event_types" | "payment_rules" | "bank_accounts" | "audit_logs" | ... 43 more ... | "voice_transcriptions"): PostgrestQueryBuilder<...>', gave the following error.
    Argument of type '"voice_metrics"' is not assignable to parameter of type '"users" | "bank_connections" | "scheduled_payments" | "financial_events" | "financial_categories" | "event_types" | "payment_rules" | "bank_accounts" | "audit_logs" | "auth_attempts" | ... 42 more ... | "voice_transcriptions"'.
  Overload 2 of 2, '(relation: never): PostgrestQueryBuilder<{ PostgrestVersion: "13.0.5"; }, { Tables: { audit_logs: { Row: { action: string; created_at: string | null; details: Json; error_message: string | null; id: string; ... 8 more ...; user_id: string | null; }; Insert: { ...; }; Update: { ...; }; Relationships: []; }; ... 51 more ...; voice_transcriptions: { ...; }; }; Views: {}; Functions: { ...; }; Enums: {}; CompositeTypes: {}; }, never, never, never>', gave the following error.
    Argument of type '"voice_metrics"' is not assignable to parameter of type 'never'.
src/lib/banking/belvoApi.ts(86,21): error TS2339: Property 'name' does not exist on type '{ account_holder_name: string | null; account_mask: string; account_number: string | null; account_type: string; available_balance: number | null; balance: number | null; belvo_account_id: string; ... 11 more ...; user_id: string; }'.
src/lib/banking/belvoApi.ts(87,22): error TS2339: Property 'type' does not exist on type '{ account_holder_name: string | null; account_mask: string; account_number: string | null; account_type: string; available_balance: number | null; balance: number | null; belvo_account_id: string; ... 11 more ...; user_id: string; }'.
src/lib/banking/dataIngestion.ts(36,49): error TS2769: No overload matches this call.
  Overload 1 of 2, '(relation: "users" | "bank_connections" | "scheduled_payments" | "financial_events" | "financial_categories" | "event_types" | "payment_rules" | "bank_accounts" | "audit_logs" | ... 43 more ... | "voice_transcriptions"): PostgrestQueryBuilder<...>', gave the following error.
    Argument of type '"user_bank_links"' is not assignable to parameter of type '"users" | "bank_connections" | "scheduled_payments" | "financial_events" | "financial_categories" | "event_types" | "payment_rules" | "bank_accounts" | "audit_logs" | "auth_attempts" | ... 42 more ... | "voice_transcriptions"'.
  Overload 2 of 2, '(relation: never): PostgrestQueryBuilder<{ PostgrestVersion: "13.0.5"; }, { Tables: { audit_logs: { Row: { action: string; created_at: string | null; details: Json; error_message: string | null; id: string; ... 8 more ...; user_id: string | null; }; Insert: { ...; }; Update: { ...; }; Relationships: []; }; ... 51 more ...; voice_transcriptions: { ...; }; }; Views: {}; Functions: { ...; }; Enums: {}; CompositeTypes: {}; }, never, never, never>', gave the following error.
    Argument of type '"user_bank_links"' is not assignable to parameter of type 'never'.
src/lib/banking/dataIngestion.ts(44,58): error TS2339: Property 'link_id' does not exist on type '{ all_day: boolean | null; amount: number; attachments: string[] | null; brazilian_event_type: string | null; category: string | null; color: string; completed_at: string | null; ... 23 more ...; user_id: string; } | ... 51 more ... | { ...; }'.
  Property 'link_id' does not exist on type '{ all_day: boolean | null; amount: number; attachments: string[] | null; brazilian_event_type: string | null; category: string | null; color: string; completed_at: string | null; created_at: string | null; ... 22 more ...; user_id: string; }'.
src/lib/banking/dataIngestion.ts(46,54): error TS2339: Property 'user_id' does not exist on type '{ all_day: boolean | null; amount: number; attachments: string[] | null; brazilian_event_type: string | null; category: string | null; color: string; completed_at: string | null; ... 23 more ...; user_id: string; } | ... 51 more ... | { ...; }'.
  Property 'user_id' does not exist on type '{ autonomy_level: number | null; birth_date: string | null; cpf: string | null; created_at: string | null; currency: string | null; email: string; full_name: string | null; id: string; ... 7 more ...; voice_command_enabled: boolean | null; }'.
src/lib/banking/openBankingConnector.ts(29,10): error TS2339: Property 'apiKey' does not exist on type 'OpenBankingConnector'.
src/lib/debug.ts(33,11): error TS6133: '_formattedMessage' is declared but its value is never read.
src/lib/lgpd/dataRetention.ts(112,61): error TS2345: Argument of type 'unknown' is not assignable to parameter of type 'LogContext | undefined'.
src/lib/lgpd/dataRetention.ts(122,69): error TS2345: Argument of type 'string' is not assignable to parameter of type 'LogContext'.
src/lib/lgpd/dataRetention.ts(148,70): error TS2345: Argument of type 'string' is not assignable to parameter of type 'LogContext'.
src/lib/lgpd/dataRetention.ts(150,58): error TS2345: Argument of type 'unknown' is not assignable to parameter of type 'LogContext | undefined'.
src/lib/lgpd/dataRetention.ts(166,13): error TS6133: '_request' is declared but its value is never read.
src/lib/lgpd/dataRetention.ts(174,52): error TS2769: No overload matches this call.
  Overload 1 of 2, '(values: { created_at?: string | null | undefined; id?: string | undefined; notes?: string | null | undefined; processed_at?: string | null | undefined; processed_by?: string | null | undefined; ... 4 more ...; user_id: string; }, options?: { ...; } | undefined): PostgrestFilterBuilder<...>', gave the following error.
    Type 'Record<string, unknown> | undefined' is not assignable to type 'Json | undefined'.
      Type 'Record<string, unknown>' is not assignable to type 'Json | undefined'.
        Type 'Record<string, unknown>' is missing the following properties from type 'Json[]': length, pop, push, concat, and 28 more.
  Overload 2 of 2, '(values: { created_at?: string | null | undefined; id?: string | undefined; notes?: string | null | undefined; processed_at?: string | null | undefined; processed_by?: string | null | undefined; ... 4 more ...; user_id: string; }[], options?: { ...; } | undefined): PostgrestFilterBuilder<...>', gave the following error.
    Object literal may only specify known properties, and 'created_at' does not exist in type '{ created_at?: string | null | undefined; id?: string | undefined; notes?: string | null | undefined; processed_at?: string | null | undefined; processed_by?: string | null | undefined; ... 4 more ...; user_id: string; }[]'.
src/lib/lgpd/dataRetention.ts(199,60): error TS2345: Argument of type 'unknown' is not assignable to parameter of type 'LogContext | undefined'.
src/lib/lgpd/dataRetention.ts(265,58): error TS2345: Argument of type 'unknown' is not assignable to parameter of type 'LogContext | undefined'.
src/lib/lgpd/dataRetention.ts(303,51): error TS2345: Argument of type 'unknown' is not assignable to parameter of type 'LogContext | undefined'.
src/lib/lgpd/dataRetention.ts(371,70): error TS2345: Argument of type 'unknown' is not assignable to parameter of type 'LogContext | undefined'.
src/lib/lgpd/dataRetention.ts(397,51): error TS2345: Argument of type 'unknown' is not assignable to parameter of type 'LogContext | undefined'.
src/lib/logging.ts(70,11): error TS6133: '_formattedMessage' is declared but its value is never read.
src/lib/logging/secure-logger.ts(230,13): error TS6133: '_formattedMessage' is declared but its value is never read.
src/lib/logging/secure-logger.ts(231,13): error TS6133: '_logContext' is declared but its value is never read.
src/lib/logging/secure-logger.ts(231,33): error TS2339: Property 'sanitizedContext' does not exist on type 'SecureLogEntry'.
src/lib/logging/secure-logger.ts(281,15): error TS6133: '_formattedMessage' is declared but its value is never read.
src/lib/logging/secure-logger.ts(352,7): error TS2322: Type 'string' is not assignable to type 'number'.
src/lib/logging/simplified-logger.ts(122,11): error TS6133: '_formattedMessage' is declared but its value is never read.
src/lib/nlu/contextProcessor.ts(916,9): error TS2739: Type '{}' is missing the following properties from type '{ commonBills: string[]; preferredPaymentMethods: string[]; typicalTransferRecipients: { name: string; identifier: string; frequency: number; lastUsed: Date; }[]; spendingCategories: { category: string; typicalAmount: number; frequency: string; }[]; }': commonBills, preferredPaymentMethods, typicalTransferRecipients, spendingCategories
src/lib/nlu/contextProcessor.ts(917,9): error TS2739: Type '{}' is missing the following properties from type '{ confirmationLevel: "high" | "low" | "medium"; verbosityLevel: "detailed" | "concise" | "friendly"; feedbackFrequency: "always" | "never" | "on_error"; }': confirmationLevel, verbosityLevel, feedbackFrequency
src/lib/nlu/contextProcessor.ts(918,9): error TS2739: Type '{}' is missing the following properties from type '{ mostActiveHours: number[]; preferredDays: number[]; typicalSessionDuration: number; }': mostActiveHours, preferredDays, typicalSessionDuration
src/lib/nlu/contextProcessor.ts(919,9): error TS2739: Type '{}' is missing the following properties from type '{ adaptabilityScore: number; errorCorrectionRate: number; patternRecognitionScore: number; confidenceLevel: number; }': adaptabilityScore, errorCorrectionRate, patternRecognitionScore, confidenceLevel
src/lib/nlu/contextProcessor.ts(1008,21): error TS2339: Property 'category' does not exist on type '{ account_id: string | null; amount: number; category_id: string | null; created_at: string | null; currency: string | null; description: string | null; id: string; is_manual_entry: boolean | null; ... 5 more ...; user_id: string; }'.
src/lib/nlu/contextProcessor.ts(1386,50): error TS2367: This comparison appears to be unintentional because the types '"income" | "expense"' and '"transfer"' have no overlap.
src/lib/nlu/contextProcessor.ts(1418,9): error TS2322: Type 'string' is not assignable to type '"Unknown" | "SP" | "RJ" | "Nordeste" | "Sul" | "Norte" | "Centro-Oeste"'.
src/lib/nlu/contextProcessor.ts(1464,45): error TS2769: No overload matches this call.
  Overload 1 of 2, '(relation: "users" | "bank_connections" | "scheduled_payments" | "financial_events" | "financial_categories" | "event_types" | "payment_rules" | "bank_accounts" | "audit_logs" | ... 43 more ... | "voice_transcriptions"): PostgrestQueryBuilder<...>', gave the following error.
    Argument of type '"conversation_contexts"' is not assignable to parameter of type '"users" | "bank_connections" | "scheduled_payments" | "financial_events" | "financial_categories" | "event_types" | "payment_rules" | "bank_accounts" | "audit_logs" | "auth_attempts" | ... 42 more ... | "voice_transcriptions"'.
  Overload 2 of 2, '(relation: never): PostgrestQueryBuilder<{ PostgrestVersion: "13.0.5"; }, { Tables: { audit_logs: { Row: { action: string; created_at: string | null; details: Json; error_message: string | null; id: string; ... 8 more ...; user_id: string | null; }; Insert: { ...; }; Update: { ...; }; Relationships: []; }; ... 51 more ...; voice_transcriptions: { ...; }; }; Views: {}; Functions: { ...; }; Enums: {}; CompositeTypes: {}; }, never, never, never>', gave the following error.
    Argument of type '"conversation_contexts"' is not assignable to parameter of type 'never'.
src/lib/nlu/contextProcessor.ts(1488,15): error TS2769: No overload matches this call.
  Overload 1 of 2, '(relation: "users" | "bank_connections" | "scheduled_payments" | "financial_events" | "financial_categories" | "event_types" | "payment_rules" | "bank_accounts" | "audit_logs" | ... 43 more ... | "voice_transcriptions"): PostgrestQueryBuilder<...>', gave the following error.
    Argument of type '"conversation_contexts"' is not assignable to parameter of type '"users" | "bank_connections" | "scheduled_payments" | "financial_events" | "financial_categories" | "event_types" | "payment_rules" | "bank_accounts" | "audit_logs" | "auth_attempts" | ... 42 more ... | "voice_transcriptions"'.
  Overload 2 of 2, '(relation: never): PostgrestQueryBuilder<{ PostgrestVersion: "13.0.5"; }, { Tables: { audit_logs: { Row: { action: string; created_at: string | null; details: Json; error_message: string | null; id: string; ... 8 more ...; user_id: string | null; }; Insert: { ...; }; Update: { ...; }; Relationships: []; }; ... 51 more ...; voice_transcriptions: { ...; }; }; Views: {}; Functions: { ...; }; Enums: {}; CompositeTypes: {}; }, never, never, never>', gave the following error.
    Argument of type '"conversation_contexts"' is not assignable to parameter of type 'never'.
src/lib/nlu/contextProcessor.ts(1499,23): error TS2339: Property 'history' does not exist on type '{ all_day: boolean | null; amount: number; attachments: string[] | null; brazilian_event_type: string | null; category: string | null; color: string; completed_at: string | null; ... 23 more ...; user_id: string; } | ... 51 more ... | { ...; }'.
  Property 'history' does not exist on type '{ all_day: boolean | null; amount: number; attachments: string[] | null; brazilian_event_type: string | null; category: string | null; color: string; completed_at: string | null; created_at: string | null; ... 22 more ...; user_id: string; }'.
src/lib/nlu/contextProcessor.ts(1500,28): error TS2339: Property 'last_entities' does not exist on type '{ all_day: boolean | null; amount: number; attachments: string[] | null; brazilian_event_type: string | null; category: string | null; color: string; completed_at: string | null; ... 23 more ...; user_id: string; } | ... 51 more ... | { ...; }'.
  Property 'last_entities' does not exist on type '{ all_day: boolean | null; amount: number; attachments: string[] | null; brazilian_event_type: string | null; category: string | null; color: string; completed_at: string | null; created_at: string | null; ... 22 more ...; user_id: string; }'.
src/lib/nlu/contextProcessor.ts(1501,26): error TS2339: Property 'last_intent' does not exist on type '{ all_day: boolean | null; amount: number; attachments: string[] | null; brazilian_event_type: string | null; category: string | null; color: string; completed_at: string | null; ... 23 more ...; user_id: string; } | ... 51 more ... | { ...; }'.
  Property 'last_intent' does not exist on type '{ all_day: boolean | null; amount: number; attachments: string[] | null; brazilian_event_type: string | null; category: string | null; color: string; completed_at: string | null; created_at: string | null; ... 22 more ...; user_id: string; }'.
src/lib/nlu/contextProcessor.ts(1502,25): error TS2339: Property 'session_id' does not exist on type '{ all_day: boolean | null; amount: number; attachments: string[] | null; brazilian_event_type: string | null; category: string | null; color: string; completed_at: string | null; ... 23 more ...; user_id: string; } | ... 51 more ... | { ...; }'.
  Property 'session_id' does not exist on type '{ all_day: boolean | null; amount: number; attachments: string[] | null; brazilian_event_type: string | null; category: string | null; color: string; completed_at: string | null; created_at: string | null; ... 22 more ...; user_id: string; }'.
src/lib/nlu/contextProcessor.ts(1503,34): error TS2339: Property 'timestamp' does not exist on type '{ all_day: boolean | null; amount: number; attachments: string[] | null; brazilian_event_type: string | null; category: string | null; color: string; completed_at: string | null; ... 23 more ...; user_id: string; } | ... 51 more ... | { ...; }'.
  Property 'timestamp' does not exist on type '{ all_day: boolean | null; amount: number; attachments: string[] | null; brazilian_event_type: string | null; category: string | null; color: string; completed_at: string | null; created_at: string | null; ... 22 more ...; user_id: string; }'.
src/lib/nlu/contextProcessor.ts(1504,22): error TS2339: Property 'user_id' does not exist on type '{ all_day: boolean | null; amount: number; attachments: string[] | null; brazilian_event_type: string | null; category: string | null; color: string; completed_at: string | null; ... 23 more ...; user_id: string; } | ... 51 more ... | { ...; }'.
  Property 'user_id' does not exist on type '{ autonomy_level: number | null; birth_date: string | null; cpf: string | null; created_at: string | null; currency: string | null; email: string; full_name: string | null; id: string; ... 7 more ...; voice_command_enabled: boolean | null; }'.
src/lib/nlu/errorRecovery.ts(442,13): error TS2739: Type '{ confidenceImprovement: number; correctionApplied: string; errorPattern: string; linguisticStyle: "mixed" | "slang" | "formal" | "colloquial"; regionalVariation: string; success: boolean; timestamp: Date; userFeedback: "positive" | ... 1 more ... | "neutral"; userId: string; }' is missing the following properties from type 'LearningData': originalText, correctedText, errorType, strategy
src/lib/nlu/errorRecovery.ts(858,48): error TS2339: Property 'upcomingBills' does not exist on type '{ category: string; amount: number; dueDate: number; }[]'.
src/lib/nlu/errorRecovery.ts(866,47): error TS18048: 'context.financialContext.billPatterns' is possibly 'undefined'.
src/lib/nlu/errorRecovery.ts(866,85): error TS2339: Property 'upcomingBills' does not exist on type '{ category: string; amount: number; dueDate: number; }[]'.
src/lib/nlu/errorRecovery.ts(888,11): error TS6133: '_text' is declared but its value is never read.
src/lib/nlu/errorRecovery.ts(1018,12): error TS7053: Element implicitly has an 'any' type because expression of type 'IntentType' can't be used to index type '{ check_balance: string; pay_bill: string; transfer_money: string; check_budget: string; check_income: string; financial_projection: string; }'.
  Property '[IntentType.UNKNOWN]' does not exist on type '{ check_balance: string; pay_bill: string; transfer_money: string; check_budget: string; check_income: string; financial_projection: string; }'.
src/lib/nlu/errorRecovery.ts(1045,35): error TS2339: Property 'accountSummary' does not exist on type 'FinancialContext'.
src/lib/nlu/errorRecovery.ts(1049,49): error TS2339: Property 'upcomingBills' does not exist on type '{ category: string; amount: number; dueDate: number; }[]'.
src/lib/nlu/errorRecovery.ts(1161,9): error TS2353: Object literal may only specify known properties, and 'usage' does not exist in type '{ attempts: number; successes: number; failures: number; }'.
src/lib/nlu/errorRecovery.ts(1169,18): error TS2538: Type 'undefined' cannot be used as an index type.
src/lib/nlu/errorRecovery.ts(1170,15): error TS2538: Type 'undefined' cannot be used as an index type.
src/lib/nlu/errorRecovery.ts(1172,13): error TS2538: Type 'undefined' cannot be used as an index type.
src/lib/nlu/errorRecovery.ts(1174,15): error TS2538: Type 'undefined' cannot be used as an index type.
src/lib/nlu/errorRecovery.ts(1191,7): error TS2322: Type 'Record<string, { attempts: number; successes: number; failures: number; }>' is not assignable to type 'Record<string, { usage: number; successRate: number; averageConfidenceImprovement: number; }>'.
  'string' index signatures are incompatible.
    Type '{ attempts: number; successes: number; failures: number; }' is missing the following properties from type '{ usage: number; successRate: number; averageConfidenceImprovement: number; }': usage, successRate, averageConfidenceImprovement
src/lib/nlu/nluEngine.ts(20,1): error TS6133: 'BrazilianContext' is declared but its value is never read.
src/lib/nlu/nluEngine.ts(179,11): error TS2353: Object literal may only specify known properties, and 'brazilianContext' does not exist in type '{ classificationMethod?: "pattern" | "tfidf" | "ensemble" | undefined; alternativeIntents?: { intent: IntentType; confidence: number; }[] | undefined; contextUsed?: boolean | undefined; }'.
src/lib/nlu/nluEngine.ts(182,9): error TS2322: Type 'string[]' is not assignable to type 'EntityType[]'.
  Type 'string' is not assignable to type 'EntityType'.
src/lib/nlu/performance.ts(10,1): error TS6133: 'supabase' is declared but its value is never read.
src/lib/notifications/financial-notification-service.ts(434,15): error TS2741: Property 'isCompleted' is missing in type '{ amount: any; categoryName: any; description: any; dueDate: any; eventDate: any; eventTypeId: any; id: any; priority: "high" | "low" | "normal" | "urgent"; status: any; title: any; }' but required in type 'BrazilianFinancialEvent'.
src/lib/security/audioEncryption.ts(65,68): error TS2554: Expected 0-1 arguments, but got 2.
src/lib/security/audioEncryption.ts(113,54): error TS2554: Expected 0-1 arguments, but got 2.
src/lib/security/audioEncryption.ts(156,54): error TS2554: Expected 0-1 arguments, but got 2.
src/lib/security/audioEncryption.ts(272,9): error TS6133: '_key' is declared but its value is never read.
src/lib/security/audioStorage.ts(170,57): error TS2554: Expected 0-1 arguments, but got 2.
src/lib/security/audioStorage.ts(216,59): error TS2554: Expected 0-1 arguments, but got 2.
src/lib/security/audioStorage.ts(262,58): error TS2554: Expected 0-1 arguments, but got 2.
src/lib/security/audioStorage.ts(303,61): error TS2554: Expected 0-1 arguments, but got 2.
src/lib/security/audioStorage.ts(354,51): error TS2554: Expected 0-1 arguments, but got 2.
src/lib/security/auditLogger.ts(61,8): error TS2769: No overload matches this call.
  Overload 1 of 2, '(values: { action: string; created_at?: string | null | undefined; details?: Json | undefined; error_message?: string | null | undefined; id?: string | undefined; ip_address?: unknown; new_values?: Json | undefined; ... 6 more ...; user_id?: string | ... 1 more ... | undefined; }, options?: { ...; } | undefined): PostgrestFilterBuilder<...>', gave the following error.
    Type 'Record<string, unknown>' is not assignable to type 'Json | undefined'.
      Type 'Record<string, unknown>' is missing the following properties from type 'Json[]': length, pop, push, concat, and 28 more.
  Overload 2 of 2, '(values: { action: string; created_at?: string | null | undefined; details?: Json | undefined; error_message?: string | null | undefined; id?: string | undefined; ip_address?: unknown; new_values?: Json | undefined; ... 6 more ...; user_id?: string | ... 1 more ... | undefined; }[], options?: { ...; } | undefined): PostgrestFilterBuilder<...>', gave the following error.
    Object literal may only specify known properties, and 'user_id' does not exist in type '{ action: string; created_at?: string | null | undefined; details?: Json | undefined; error_message?: string | null | undefined; id?: string | undefined; ip_address?: unknown; new_values?: Json | undefined; ... 6 more ...; user_id?: string | ... 1 more ... | undefined; }[]'.
src/lib/security/biometricAuth.ts(243,38): error TS2345: Argument of type '{ sms?: { config: SMSConfig; } | undefined; push?: { config: PushConfig; } | undefined; fraudDetection?: { config?: unknown; } | undefined; deviceFingerprinting?: { config?: unknown; } | undefined; } | undefined' is not assignable to parameter of type '{ sms?: { config: SMSConfig; } | undefined; push?: { config: PushConfig; } | undefined; fraudDetection?: { config?: Record<string, unknown> | undefined; } | undefined; deviceFingerprinting?: { ...; } | undefined; } | undefined'.
  Type '{ sms?: { config: SMSConfig; } | undefined; push?: { config: PushConfig; } | undefined; fraudDetection?: { config?: unknown; } | undefined; deviceFingerprinting?: { config?: unknown; } | undefined; }' is not assignable to type '{ sms?: { config: SMSConfig; } | undefined; push?: { config: PushConfig; } | undefined; fraudDetection?: { config?: Record<string, unknown> | undefined; } | undefined; deviceFingerprinting?: { ...; } | undefined; }'.
    Types of property 'fraudDetection' are incompatible.
      Type '{ config?: unknown; } | undefined' is not assignable to type '{ config?: Record<string, unknown> | undefined; } | undefined'.
        Type '{ config?: unknown; }' is not assignable to type '{ config?: Record<string, unknown> | undefined; }'.
          Types of property 'config' are incompatible.
            Type 'unknown' is not assignable to type 'Record<string, unknown> | undefined'.
src/lib/security/biometricAuth.ts(250,10): error TS2339: Property 'fraudRules' does not exist on type 'BiometricAuthService'.
src/lib/security/biometricAuth.ts(319,48): error TS2769: No overload matches this call.
  Overload 1 of 2, '(values: { created_at?: string | null | undefined; event_type: string; id?: string | undefined; ip_address?: string | null | undefined; metadata?: Json | undefined; method?: string | null | undefined; risk_score?: number | ... 1 more ... | undefined; user_agent?: string | ... 1 more ... | undefined; user_id: string; }, options?: { ...; } | undefined): PostgrestFilterBuilder<...>', gave the following error.
    Type 'Record<string, unknown> | undefined' is not assignable to type 'Json | undefined'.
      Type 'Record<string, unknown>' is not assignable to type 'Json | undefined'.
        Type 'Record<string, unknown>' is missing the following properties from type 'Json[]': length, pop, push, concat, and 28 more.
  Overload 2 of 2, '(values: { created_at?: string | null | undefined; event_type: string; id?: string | undefined; ip_address?: string | null | undefined; metadata?: Json | undefined; method?: string | null | undefined; risk_score?: number | ... 1 more ... | undefined; user_agent?: string | ... 1 more ... | undefined; user_id: string; }[], options?: { ...; } | undefined): PostgrestFilterBuilder<...>', gave the following error.
    Object literal may only specify known properties, and 'created_at' does not exist in type '{ created_at?: string | null | undefined; event_type: string; id?: string | undefined; ip_address?: string | null | undefined; metadata?: Json | undefined; method?: string | null | undefined; risk_score?: number | ... 1 more ... | undefined; user_agent?: string | ... 1 more ... | undefined; user_id: string; }[]'.
src/lib/security/biometricAuth.ts(423,9): error TS2322: Type '"security_alert_sent"' is not assignable to type 'SecurityEvent'.
src/lib/security/biometricAuth.ts(426,9): error TS2322: Type '"system"' is not assignable to type 'BiometricType'.
src/lib/security/biometricAuth.ts(644,11): error TS2353: Object literal may only specify known properties, and 'authenticatorSelection' does not exist in type 'PublicKeyCredentialRequestOptions'.
src/lib/security/biometricAuth.ts(765,31): error TS2769: No overload matches this call.
  Overload 1 of 4, '(value: string | number | Date): Date', gave the following error.
    Argument of type 'string | null' is not assignable to parameter of type 'string | number | Date'.
      Type 'null' is not assignable to type 'string | number | Date'.
  Overload 2 of 4, '(value: string | number): Date', gave the following error.
    Argument of type 'string | null' is not assignable to parameter of type 'string | number'.
      Type 'null' is not assignable to type 'string | number'.
src/lib/security/biometricAuth.ts(766,40): error TS2769: No overload matches this call.
  Overload 1 of 4, '(value: string | number | Date): Date', gave the following error.
    Argument of type 'string | null' is not assignable to parameter of type 'string | number | Date'.
      Type 'null' is not assignable to type 'string | number | Date'.
  Overload 2 of 4, '(value: string | number): Date', gave the following error.
    Argument of type 'string | null' is not assignable to parameter of type 'string | number'.
      Type 'null' is not assignable to type 'string | number'.
src/lib/security/biometricAuth.ts(829,9): error TS2322: Type '"sms"' is not assignable to type '"push" | "otp" | "pin" | undefined'.
src/lib/security/biometricAuth.ts(865,27): error TS18047: 'attemptRecord.failed_attempts' is possibly 'null'.
src/lib/security/biometricAuth.ts(1134,29): error TS18047: 'storedOTP.attempts' is possibly 'null'.
src/lib/security/biometricAuth.ts(1196,11): error TS2353: Object literal may only specify known properties, and 'requiresAction' does not exist in type '{ success: boolean; error?: string | undefined; }'.
src/lib/security/biometricAuth.ts(1207,24): error TS18047: 'pushResult' is possibly 'null'.
src/lib/security/biometricAuth.ts(1224,16): error TS18047: 'pushResult' is possibly 'null'.
src/lib/security/biometricAuth.ts(1227,9): error TS2322: Type '"sms"' is not assignable to type '"push" | "otp" | "pin" | undefined'.
src/lib/security/biometricAuth.ts(1405,44): error TS2769: No overload matches this call.
  Overload 1 of 4, '(value: string | number | Date): Date', gave the following error.
    Argument of type 'string | null' is not assignable to parameter of type 'string | number | Date'.
      Type 'null' is not assignable to type 'string | number | Date'.
  Overload 2 of 4, '(value: string | number): Date', gave the following error.
    Argument of type 'string | null' is not assignable to parameter of type 'string | number'.
      Type 'null' is not assignable to type 'string | number'.
src/lib/security/biometricAuth.ts(1407,20): error TS2769: No overload matches this call.
  Overload 1 of 4, '(value: string | number | Date): Date', gave the following error.
    Argument of type 'string | null' is not assignable to parameter of type 'string | number | Date'.
      Type 'null' is not assignable to type 'string | number | Date'.
  Overload 2 of 4, '(value: string | number): Date', gave the following error.
    Argument of type 'string | null' is not assignable to parameter of type 'string | number'.
      Type 'null' is not assignable to type 'string | number'.
src/lib/security/deviceFingerprinting.ts(551,9): error TS2322: Type 'string | boolean' is not assignable to type 'boolean'.
  Type 'string' is not assignable to type 'boolean'.
src/lib/security/financial-validator.ts(405,8): error TS2769: No overload matches this call.
  Overload 1 of 2, '(values: readonly ["cash", "debit_card", "credit_card", "pix", "boleto", "transfer"], params?: string | { error?: string | $ZodErrorMap<$ZodIssueInvalidValue<unknown>> | undefined; message?: string | undefined; } | undefined): ZodEnum<...>', gave the following error.
    Object literal may only specify known properties, and 'invalid_type_error' does not exist in type '{ error?: string | $ZodErrorMap<$ZodIssueInvalidValue<unknown>> | undefined; message?: string | undefined; }'.
  Overload 2 of 2, '(entries: Readonly<Record<string, EnumValue>>, params?: string | { error?: string | $ZodErrorMap<$ZodIssueInvalidValue<unknown>> | undefined; message?: string | undefined; } | undefined): ZodEnum<...>', gave the following error.
    Argument of type 'string[]' is not assignable to parameter of type 'Readonly<Record<string, EnumValue>>'.
      Index signature for type 'string' is missing in type 'string[]'.
src/lib/security/rate-limiter.ts(283,11): error TS2698: Spread types may only be created from object types.
src/lib/security/rate-limiter.ts(290,11): error TS2698: Spread types may only be created from object types.
src/lib/security/sanitization.ts(35,16): error TS2550: Property 'hasOwn' does not exist on type 'ObjectConstructor'. Do you need to change your target library? Try changing the 'lib' compiler option to 'es2022' or later.
src/lib/security/secure-storage.ts(331,17): error TS6133: '_storageKey' is declared but its value is never read.
src/lib/security/security-middleware.ts(286,5): error TS2322: Type 'undefined' is not assignable to type 'string'.
src/lib/session/sessionManager.ts(353,34): error TS1064: The return type of an async function or method must be the global Promise<T> type. Did you mean to write 'Promise<void>'?
src/lib/session/sessionManager.ts(380,44): error TS2345: Argument of type 'unknown' is not assignable to parameter of type 'LogContext | undefined'.
src/lib/session/sessionManager.ts(435,38): error TS2322: Type '"info"' is not assignable to type '"error" | "success" | "warning"'.
src/lib/session/sessionManager.ts(466,33): error TS6133: 'event' is declared but its value is never read.
src/lib/session/sessionManager.ts(481,52): error TS2345: Argument of type 'unknown' is not assignable to parameter of type 'LogContext | undefined'.
src/lib/speech/SpeechRecognitionService.ts(26,14): error TS2304: Cannot find name 'SpeechGrammarList'.
src/lib/speech/SpeechRecognitionService.ts(64,24): error TS2749: 'SpeechRecognition' refers to a value, but is being used as a type here. Did you mean 'typeof SpeechRecognition'?
src/lib/speech/SpeechRecognitionService.ts(179,43): error TS2552: Cannot find name 'SpeechRecognitionEvent'. Did you mean 'SpeechRecognitionService'?
src/lib/speech/SpeechRecognitionService.ts(195,42): error TS2552: Cannot find name 'SpeechRecognitionErrorEvent'. Did you mean 'SpeechRecognitionError'?
src/lib/speech/SpeechRecognitionService.ts(243,12): error TS2552: Cannot find name 'SpeechRecognitionEvent'. Did you mean 'SpeechRecognitionService'?
src/lib/speech/SpeechRecognitionService.ts(281,12): error TS2552: Cannot find name 'SpeechRecognitionErrorEvent'. Did you mean 'SpeechRecognitionError'?
src/lib/speech/SpeechRecognitionService.ts(416,58): error TS2554: Expected 0-1 arguments, but got 2.
src/lib/speech/SpeechRecognitionService.ts(535,35): error TS18046: 'SpeechGrammarList' is of type 'unknown'.
src/lib/speech/SpeechRecognitionService.ts(589,5): error TS2717: Subsequent property declarations must have the same type.  Property 'SpeechRecognition' must be of type 'new () => SpeechRecognition', but here has type 'unknown'.
src/lib/speech/SpeechRecognitionService.ts(590,5): error TS2717: Subsequent property declarations must have the same type.  Property 'webkitSpeechRecognition' must be of type 'new () => SpeechRecognition', but here has type 'unknown'.
src/lib/stt/audioProcessor.ts(108,60): error TS2554: Expected 0-1 arguments, but got 2.
src/lib/stt/voiceActivityDetection.ts(97,62): error TS2554: Expected 0-1 arguments, but got 2.
src/lib/templates/responseTemplates.ts(368,38): error TS2345: Argument of type 'TemplateData' is not assignable to parameter of type '{ balance: number; accountName?: string | undefined; }'.
  Property 'balance' is missing in type 'TemplateData' but required in type '{ balance: number; accountName?: string | undefined; }'.
src/lib/templates/responseTemplates.ts(371,37): error TS2345: Argument of type 'TemplateData' is not assignable to parameter of type '{ available: number; total: number; spent: number; period?: string | undefined; }'.
  Type 'TemplateData' is missing the following properties from type '{ available: number; total: number; spent: number; period?: string | undefined; }': available, total, spent
src/lib/templates/responseTemplates.ts(374,38): error TS2345: Argument of type 'TemplateData' is not assignable to parameter of type '{ billName: string; amount: number; dueDate: Date; confirmed?: boolean | undefined; }'.
  Type 'TemplateData' is missing the following properties from type '{ billName: string; amount: number; dueDate: Date; confirmed?: boolean | undefined; }': billName, amount, dueDate
src/lib/templates/responseTemplates.ts(377,37): error TS2345: Argument of type 'TemplateData' is not assignable to parameter of type '{ nextIncome: { description: string; amount: number; date: Date; }; totalMonth?: number | undefined; }'.
  Property 'nextIncome' is missing in type 'TemplateData' but required in type '{ nextIncome: { description: string; amount: number; date: Date; }; totalMonth?: number | undefined; }'.
src/lib/templates/responseTemplates.ts(380,41): error TS2345: Argument of type 'TemplateData' is not assignable to parameter of type '{ projectedBalance: number; currentBalance: number; period: string; income: number; expenses: number; }'.
  Type 'TemplateData' is missing the following properties from type '{ projectedBalance: number; currentBalance: number; period: string; income: number; expenses: number; }': projectedBalance, currentBalance, period, income, expenses
src/lib/templates/responseTemplates.ts(383,39): error TS2345: Argument of type 'TemplateData' is not assignable to parameter of type '{ recipient: string; amount: number; confirmed?: boolean | undefined; }'.
  Type 'TemplateData' is missing the following properties from type '{ recipient: string; amount: number; confirmed?: boolean | undefined; }': recipient, amount
src/lib/tts/textToSpeechService.ts(242,12): error TS2551: Property 'currentUtterance' does not exist on type 'TextToSpeechService'. Did you mean 'createUtterance'?
src/lib/tts/textToSpeechService.ts(247,16): error TS2551: Property 'currentUtterance' does not exist on type 'TextToSpeechService'. Did you mean 'createUtterance'?
src/lib/tts/textToSpeechService.ts(289,14): error TS2551: Property 'currentUtterance' does not exist on type 'TextToSpeechService'. Did you mean 'createUtterance'?
src/lib/tts/textToSpeechService.ts(295,14): error TS2551: Property 'currentUtterance' does not exist on type 'TextToSpeechService'. Did you mean 'createUtterance'?
src/lib/tts/textToSpeechService.ts(305,14): error TS2551: Property 'currentUtterance' does not exist on type 'TextToSpeechService'. Did you mean 'createUtterance'?
src/lib/tts/textToSpeechService.ts(411,10): error TS2551: Property 'currentUtterance' does not exist on type 'TextToSpeechService'. Did you mean 'createUtterance'?
src/lib/tts/textToSpeechService.ts(562,87): error TS2339: Property 'mock' does not exist on type 'never'.
src/lib/validation/financial-events-validator.ts(9,3): error TS2724: '"@/types/financial-events"' has no exported member named 'FinancialEventCategory'. Did you mean 'FinancialEventType'?
src/routes/components/QuickActionModal.tsx(39,51): error TS2339: Property 'Row' does not exist on type '{ account_holder_name: string | null; account_mask: string; account_number: string | null; account_type: string; available_balance: number | null; balance: number | null; belvo_account_id: string; ... 11 more ...; user_id: string; }'.
src/routes/components/TransactionDetailsModal.tsx(181,22): error TS2551: Property 'recurring' does not exist on type 'CalendarFinancialEvent'. Did you mean 'isRecurring'?
src/routes/components/TransactionForm.tsx(364,5): error TS2322: Type 'UseMutateFunction<any, TRPCClientErrorLike<{ input: { id: string; balance: number; }; output: any; transformer: true; errorShape: DefaultErrorShape; }>, { id: string; balance: number; }, unknown>' is not assignable to type '(input: { balance: number; id: string; }) => Promise<void>'.
  Type 'void' is not assignable to type 'Promise<void>'.
src/routes/components/TransactionsList.tsx(50,71): error TS2551: Property 'account_id' does not exist on type 'CalendarFinancialEvent'. Did you mean 'account'?
src/routes/components/TransactionsList.tsx(58,33): error TS2551: Property 'account_id' does not exist on type 'CalendarFinancialEvent'. Did you mean 'account'?
src/routes/components/TransactionsList.tsx(143,54): error TS2339: Property 'date' does not exist on type 'CalendarFinancialEvent'.
src/routes/contas-bancarias.lazy.tsx(26,43): error TS2339: Property 'Row' does not exist on type '{ account_holder_name: string | null; account_mask: string; account_number: string | null; account_type: string; available_balance: number | null; balance: number | null; belvo_account_id: string; ... 11 more ...; user_id: string; }'.
src/routes/dashboard.lazy.tsx(114,11): error TS2367: This comparison appears to be unintentional because the types 'FinancialEventType' and '"pix"' have no overlap.
src/routes/dashboard.lazy.tsx(114,80): error TS2339: Property 'is_expense' does not exist on type 'CalendarFinancialEvent'.
src/routes/dashboard.lazy.tsx(215,45): error TS2339: Property 'date' does not exist on type 'CalendarFinancialEvent'.
src/routes/index.tsx(16,18): error TS2322: Type '{ redirect: string; }' is not assignable to type '{ error: string | undefined; redirect: string; } | ParamsReducerFn<RouterCore<Route<Register, any, "/", "/", string, "__root__", undefined, {}, {}, AnyContext, AnyContext, ... 6 more ..., undefined>, "never", false, RouterHistory, Record<...>>, "SEARCH", string, "/login">'.
  Property 'error' is missing in type '{ redirect: string; }' but required in type '{ error: string | undefined; redirect: string; }'.
src/routes/saldo.lazy.tsx(153,25): error TS2322: Type 'number | null' is not assignable to type 'number'.
  Type 'null' is not assignable to type 'number'.
src/server/context.ts(14,3): error TS2322: Type 'null' is not assignable to type 'number | undefined'.
src/server/context.ts(18,3): error TS2322: Type 'null' is not assignable to type 'string'.
src/server/index.ts(38,18): error TS2345: Argument of type 'Hono<{ Variables: { requestId: string; }; }, BlankSchema, "/">' is not assignable to parameter of type 'Hono<BlankEnv, BlankSchema, "/">'.
  The types of 'get(...).get' are incompatible between these types.
    Type 'HandlerInterface<{ Variables: { requestId: string; }; }, "get", { [x: string]: { $get: { input: any; output: {}; outputFormat: string; status: StatusCode; }; }; }, "/">' is not assignable to type 'HandlerInterface<{}, "get", { [x: string]: { $get: { input: any; output: {}; outputFormat: string; status: StatusCode; }; }; }, "/">'.
      Types of parameters 'handlers' and 'handlers' are incompatible.
        Type 'H<{}, any, any, any>' is not assignable to type 'H<{ Variables: { requestId: string; }; }, any, any, any>'.
          Type 'Handler<{}, any, any, any>' is not assignable to type 'H<{ Variables: { requestId: string; }; }, any, any, any>'.
            Type 'Handler<{}, any, any, any>' is not assignable to type 'Handler<{ Variables: { requestId: string; }; }, any, any, any>'.
              Types of parameters 'c' and 'c' are incompatible.
                Type 'Context<{ Variables: { requestId: string; }; }, any, any>' is not assignable to type 'Context<{}, any, any>'.
                  Types of property 'set' are incompatible.
                    Type 'Set<{ Variables: { requestId: string; }; }>' is not assignable to type 'Set<{}>'.
                      Property 'Variables' is missing in type '{}' but required in type '{ Variables: { requestId: string; }; }'.
src/server/index.ts(39,16): error TS2345: Argument of type 'Hono<{ Variables: { requestId: string; }; }, BlankSchema, "/">' is not assignable to parameter of type 'Hono<BlankEnv, BlankSchema, "/">'.
  The types of 'get(...).get' are incompatible between these types.
    Type 'HandlerInterface<{ Variables: { requestId: string; }; }, "get", { [x: string]: { $get: { input: any; output: {}; outputFormat: string; status: StatusCode; }; }; }, "/">' is not assignable to type 'HandlerInterface<{}, "get", { [x: string]: { $get: { input: any; output: {}; outputFormat: string; status: StatusCode; }; }; }, "/">'.
      Types of parameters 'handlers' and 'handlers' are incompatible.
        Type 'H<{}, any, any, any>' is not assignable to type 'H<{ Variables: { requestId: string; }; }, any, any, any>'.
          Type 'Handler<{}, any, any, any>' is not assignable to type 'H<{ Variables: { requestId: string; }; }, any, any, any>'.
            Type 'Handler<{}, any, any, any>' is not assignable to type 'Handler<{ Variables: { requestId: string; }; }, any, any, any>'.
              Types of parameters 'c' and 'c' are incompatible.
                Type 'Context<{ Variables: { requestId: string; }; }, any, any>' is not assignable to type 'Context<{}, any, any>'.
                  Types of property 'set' are incompatible.
                    Type 'Set<{ Variables: { requestId: string; }; }>' is not assignable to type 'Set<{}>'.
                      Property 'Variables' is missing in type '{}' but required in type '{ Variables: { requestId: string; }; }'.
src/server/index.ts(53,19): error TS2345: Argument of type 'Hono<{ Variables: { requestId: string; }; }, BlankSchema, "/">' is not assignable to parameter of type 'Hono<BlankEnv, BlankSchema, "/">'.
  The types of 'get(...).get' are incompatible between these types.
    Type 'HandlerInterface<{ Variables: { requestId: string; }; }, "get", { [x: string]: { $get: { input: any; output: {}; outputFormat: string; status: StatusCode; }; }; }, "/">' is not assignable to type 'HandlerInterface<{}, "get", { [x: string]: { $get: { input: any; output: {}; outputFormat: string; status: StatusCode; }; }; }, "/">'.
      Types of parameters 'handlers' and 'handlers' are incompatible.
        Type 'H<{}, any, any, any>' is not assignable to type 'H<{ Variables: { requestId: string; }; }, any, any, any>'.
          Type 'Handler<{}, any, any, any>' is not assignable to type 'H<{ Variables: { requestId: string; }; }, any, any, any>'.
            Type 'Handler<{}, any, any, any>' is not assignable to type 'Handler<{ Variables: { requestId: string; }; }, any, any, any>'.
              Types of parameters 'c' and 'c' are incompatible.
                Type 'Context<{ Variables: { requestId: string; }; }, any, any>' is not assignable to type 'Context<{}, any, any>'.
                  Types of property 'set' are incompatible.
                    Type 'Set<{ Variables: { requestId: string; }; }>' is not assignable to type 'Set<{}>'.
                      Property 'Variables' is missing in type '{}' but required in type '{ Variables: { requestId: string; }; }'.
src/server/lib/logger.ts(5,3): error TS2305: Module '"../../lib/logging"' has no exported member 'logError'.
src/server/lib/logger.ts(7,3): error TS2305: Module '"../../lib/logging"' has no exported member 'logOperation'.
src/server/lib/logger.ts(8,3): error TS2305: Module '"../../lib/logging"' has no exported member 'logSecurityEvent'.
src/server/middleware/auth.ts(8,30): error TS2307: Cannot find module '@/integrations/supabase/server' or its corresponding type declarations.
src/server/middleware/auth.ts(328,55): error TS18048: 'userRequests' is possibly 'undefined'.
src/server/middleware/auth.ts(329,42): error TS18048: 'userRequests' is possibly 'undefined'.
src/server/middleware/rateLimitMiddleware.ts(16,15): error TS2345: Argument of type '(opts: { ctx: { user: User | null; session: Session | null; req: Request; supabase: SupabaseClient<any, "public", "public", any, any>; }; type: "subscription" | ... 1 more ... | "mutation"; ... 5 more ...; next: { ...; }; }) => Promise<...>' is not assignable to parameter of type 'MiddlewareFunction<CreateContextOptions, object, object, unknown, undefined>'.
  Type 'Promise<void>' is not assignable to type 'Promise<MiddlewareResult<unknown>>'.
    Type 'void' is not assignable to type 'MiddlewareResult<unknown>'.
src/server/middleware/securityMiddleware.ts(130,5): error TS2322: Type 'MiddlewareBuilder<CreateContextOptions, object, unknown, undefined>' is not assignable to type 'RateLimiterFunction'.
  Type 'MiddlewareBuilder<CreateContextOptions, object, unknown, undefined>' provides no match for the signature '(options: { ctx: CreateContextOptions; next: () => Promise<unknown>; }): Promise<void>'.
src/server/middleware/securityMiddleware.ts(131,5): error TS2322: Type 'MiddlewareBuilder<CreateContextOptions, object, unknown, undefined>' is not assignable to type 'RateLimiterFunction'.
  Type 'MiddlewareBuilder<CreateContextOptions, object, unknown, undefined>' provides no match for the signature '(options: { ctx: CreateContextOptions; next: () => Promise<unknown>; }): Promise<void>'.
src/server/middleware/securityMiddleware.ts(132,5): error TS2322: Type 'MiddlewareBuilder<CreateContextOptions, object, unknown, undefined>' is not assignable to type 'RateLimiterFunction'.
  Type 'MiddlewareBuilder<CreateContextOptions, object, unknown, undefined>' provides no match for the signature '(options: { ctx: CreateContextOptions; next: () => Promise<unknown>; }): Promise<void>'.
src/server/middleware/securityMiddleware.ts(133,5): error TS2322: Type 'MiddlewareBuilder<CreateContextOptions, object, unknown, undefined>' is not assignable to type 'RateLimiterFunction'.
  Type 'MiddlewareBuilder<CreateContextOptions, object, unknown, undefined>' provides no match for the signature '(options: { ctx: CreateContextOptions; next: () => Promise<unknown>; }): Promise<void>'.
src/server/middleware/securityMiddleware.ts(134,5): error TS2322: Type 'MiddlewareBuilder<CreateContextOptions, object, unknown, undefined>' is not assignable to type 'RateLimiterFunction'.
  Type 'MiddlewareBuilder<CreateContextOptions, object, unknown, undefined>' provides no match for the signature '(options: { ctx: CreateContextOptions; next: () => Promise<unknown>; }): Promise<void>'.
src/server/middleware/securityMiddleware.ts(135,5): error TS2322: Type 'MiddlewareBuilder<CreateContextOptions, object, unknown, undefined>' is not assignable to type 'RateLimiterFunction'.
  Type 'MiddlewareBuilder<CreateContextOptions, object, unknown, undefined>' provides no match for the signature '(options: { ctx: CreateContextOptions; next: () => Promise<unknown>; }): Promise<void>'.
src/server/middleware/securityMiddleware.ts(136,5): error TS2322: Type 'MiddlewareBuilder<CreateContextOptions, object, unknown, undefined>' is not assignable to type 'RateLimiterFunction'.
  Type 'MiddlewareBuilder<CreateContextOptions, object, unknown, undefined>' provides no match for the signature '(options: { ctx: CreateContextOptions; next: () => Promise<unknown>; }): Promise<void>'.
src/server/middleware/securityMiddleware.ts(137,5): error TS2322: Type 'MiddlewareBuilder<CreateContextOptions, object, unknown, undefined>' is not assignable to type 'RateLimiterFunction'.
  Type 'MiddlewareBuilder<CreateContextOptions, object, unknown, undefined>' provides no match for the signature '(options: { ctx: CreateContextOptions; next: () => Promise<unknown>; }): Promise<void>'.
src/server/middleware/securityMiddleware.ts(138,5): error TS2322: Type 'MiddlewareBuilder<CreateContextOptions, object, unknown, undefined>' is not assignable to type 'RateLimiterFunction'.
  Type 'MiddlewareBuilder<CreateContextOptions, object, unknown, undefined>' provides no match for the signature '(options: { ctx: CreateContextOptions; next: () => Promise<unknown>; }): Promise<void>'.
src/server/middleware/securityMiddleware.ts(139,5): error TS2322: Type 'MiddlewareBuilder<CreateContextOptions, object, unknown, undefined>' is not assignable to type 'RateLimiterFunction'.
  Type 'MiddlewareBuilder<CreateContextOptions, object, unknown, undefined>' provides no match for the signature '(options: { ctx: CreateContextOptions; next: () => Promise<unknown>; }): Promise<void>'.
src/server/middleware/securityMiddleware.ts(147,11): error TS2349: This expression is not callable.
  Type 'MiddlewareBuilder<CreateContextOptions, object, unknown, undefined>' has no call signatures.
src/server/middleware/securityMiddleware.ts(193,21): error TS2339: Property 'rawInput' does not exist on type 'CreateContextOptions'.
src/server/routers/bankAccounts.ts(13,3): error TS2459: Module '"@/lib/validation/bank-accounts-validator"' declares 'normalizeAccountMask' locally, but it is not exported.
src/server/routers/bankAccounts.ts(157,25): error TS2769: No overload matches this call.
  Overload 1 of 2, '(values: readonly ["checking", "savings", "investment", "cash"], params?: string | { error?: string | $ZodErrorMap<$ZodIssueInvalidValue<unknown>> | undefined; message?: string | undefined; } | undefined): ZodEnum<...>', gave the following error.
    Object literal may only specify known properties, and 'required_error' does not exist in type '{ error?: string | $ZodErrorMap<$ZodIssueInvalidValue<unknown>> | undefined; message?: string | undefined; }'.
  Overload 2 of 2, '(entries: Readonly<Record<string, EnumValue>>, params?: string | { error?: string | $ZodErrorMap<$ZodIssueInvalidValue<unknown>> | undefined; message?: string | undefined; } | undefined): ZodEnum<...>', gave the following error.
    Argument of type 'string[]' is not assignable to parameter of type 'Readonly<Record<string, EnumValue>>'.
      Index signature for type 'string' is missing in type 'string[]'.
src/server/routers/google-calendar.ts(223,55): error TS6133: 'ctx' is declared but its value is never read.
src/server/routers/google-calendar.ts(245,62): error TS6133: 'ctx' is declared but its value is never read.
src/server/routers/google-calendar.ts(272,24): error TS6133: 'ctx' is declared but its value is never read.
src/server/routes/v1/banking.ts(25,7): error TS6133: 'accountsResponseSchema' is declared but its value is never read.
src/server/routes/v1/banking.ts(112,22): error TS2554: Expected 2-3 arguments, but got 1.
src/server/routes/v1/contacts.ts(98,33): error TS2769: No overload matches this call.
  Overload 1 of 2, '(relation: "users" | "bank_connections" | "scheduled_payments" | "financial_events" | "financial_categories" | "event_types" | "payment_rules" | "bank_accounts" | "audit_logs" | ... 43 more ... | "voice_transcriptions"): PostgrestQueryBuilder<...>', gave the following error.
    Argument of type '"contacts"' is not assignable to parameter of type '"users" | "bank_connections" | "scheduled_payments" | "financial_events" | "financial_categories" | "event_types" | "payment_rules" | "bank_accounts" | "audit_logs" | "auth_attempts" | ... 42 more ... | "voice_transcriptions"'.
  Overload 2 of 2, '(relation: never): PostgrestQueryBuilder<{ PostgrestVersion: "13.0.5"; }, { Tables: { audit_logs: { Row: { action: string; created_at: string | null; details: Json; error_message: string | null; id: string; ... 8 more ...; user_id: string | null; }; Insert: { ...; }; Update: { ...; }; Relationships: []; }; ... 51 more ...; voice_transcriptions: { ...; }; }; Views: {}; Functions: { ...; }; Enums: {}; CompositeTypes: {}; }, never, never, never>', gave the following error.
    Argument of type '"contacts"' is not assignable to parameter of type 'never'.
src/server/routes/v1/contacts.ts(166,15): error TS2769: No overload matches this call.
  Overload 1 of 2, '(relation: "users" | "bank_connections" | "scheduled_payments" | "financial_events" | "financial_categories" | "event_types" | "payment_rules" | "bank_accounts" | "audit_logs" | ... 43 more ... | "voice_transcriptions"): PostgrestQueryBuilder<...>', gave the following error.
    Argument of type '"contacts"' is not assignable to parameter of type '"users" | "bank_connections" | "scheduled_payments" | "financial_events" | "financial_categories" | "event_types" | "payment_rules" | "bank_accounts" | "audit_logs" | "auth_attempts" | ... 42 more ... | "voice_transcriptions"'.
  Overload 2 of 2, '(relation: never): PostgrestQueryBuilder<{ PostgrestVersion: "13.0.5"; }, { Tables: { audit_logs: { Row: { action: string; created_at: string | null; details: Json; error_message: string | null; id: string; ... 8 more ...; user_id: string | null; }; Insert: { ...; }; Update: { ...; }; Relationships: []; }; ... 51 more ...; voice_transcriptions: { ...; }; }; Views: {}; Functions: { ...; }; Enums: {}; CompositeTypes: {}; }, never, never, never>', gave the following error.
    Argument of type '"contacts"' is not assignable to parameter of type 'never'.
src/server/routes/v1/contacts.ts(232,15): error TS2769: No overload matches this call.
  Overload 1 of 2, '(relation: "users" | "bank_connections" | "scheduled_payments" | "financial_events" | "financial_categories" | "event_types" | "payment_rules" | "bank_accounts" | "audit_logs" | ... 43 more ... | "voice_transcriptions"): PostgrestQueryBuilder<...>', gave the following error.
    Argument of type '"contacts"' is not assignable to parameter of type '"users" | "bank_connections" | "scheduled_payments" | "financial_events" | "financial_categories" | "event_types" | "payment_rules" | "bank_accounts" | "audit_logs" | "auth_attempts" | ... 42 more ... | "voice_transcriptions"'.
  Overload 2 of 2, '(relation: never): PostgrestQueryBuilder<{ PostgrestVersion: "13.0.5"; }, { Tables: { audit_logs: { Row: { action: string; created_at: string | null; details: Json; error_message: string | null; id: string; ... 8 more ...; user_id: string | null; }; Insert: { ...; }; Update: { ...; }; Relationships: []; }; ... 51 more ...; voice_transcriptions: { ...; }; }; Views: {}; Functions: { ...; }; Enums: {}; CompositeTypes: {}; }, never, never, never>', gave the following error.
    Argument of type '"contacts"' is not assignable to parameter of type 'never'.
src/server/routes/v1/contacts.ts(261,25): error TS2339: Property 'id' does not exist on type '{ all_day: boolean | null; amount: number; attachments: string[] | null; brazilian_event_type: string | null; category: string | null; color: string; completed_at: string | null; ... 23 more ...; user_id: string; } | ... 51 more ... | { ...; }'.
  Property 'id' does not exist on type '{ auto_sync_interval_minutes: number | null; created_at: string | null; last_full_sync_at: string | null; sync_categories: string[] | null; sync_direction: string | null; sync_enabled: boolean | null; sync_financial_amounts: boolean | null; sync_token: string | null; updated_at: string | null; user_id: string; }'.
src/server/routes/v1/contacts.ts(342,15): error TS2769: No overload matches this call.
  Overload 1 of 2, '(relation: "users" | "bank_connections" | "scheduled_payments" | "financial_events" | "financial_categories" | "event_types" | "payment_rules" | "bank_accounts" | "audit_logs" | ... 43 more ... | "voice_transcriptions"): PostgrestQueryBuilder<...>', gave the following error.
    Argument of type '"contacts"' is not assignable to parameter of type '"users" | "bank_connections" | "scheduled_payments" | "financial_events" | "financial_categories" | "event_types" | "payment_rules" | "bank_accounts" | "audit_logs" | "auth_attempts" | ... 42 more ... | "voice_transcriptions"'.
  Overload 2 of 2, '(relation: never): PostgrestQueryBuilder<{ PostgrestVersion: "13.0.5"; }, { Tables: { audit_logs: { Row: { action: string; created_at: string | null; details: Json; error_message: string | null; id: string; ... 8 more ...; user_id: string | null; }; Insert: { ...; }; Update: { ...; }; Relationships: []; }; ... 51 more ...; voice_transcriptions: { ...; }; }; Views: {}; Functions: { ...; }; Enums: {}; CompositeTypes: {}; }, never, never, never>', gave the following error.
    Argument of type '"contacts"' is not assignable to parameter of type 'never'.
src/server/routes/v1/contacts.ts(413,15): error TS2769: No overload matches this call.
  Overload 1 of 2, '(relation: "users" | "bank_connections" | "scheduled_payments" | "financial_events" | "financial_categories" | "event_types" | "payment_rules" | "bank_accounts" | "audit_logs" | ... 43 more ... | "voice_transcriptions"): PostgrestQueryBuilder<...>', gave the following error.
    Argument of type '"contacts"' is not assignable to parameter of type '"users" | "bank_connections" | "scheduled_payments" | "financial_events" | "financial_categories" | "event_types" | "payment_rules" | "bank_accounts" | "audit_logs" | "auth_attempts" | ... 42 more ... | "voice_transcriptions"'.
  Overload 2 of 2, '(relation: never): PostgrestQueryBuilder<{ PostgrestVersion: "13.0.5"; }, { Tables: { audit_logs: { Row: { action: string; created_at: string | null; details: Json; error_message: string | null; id: string; ... 8 more ...; user_id: string | null; }; Insert: { ...; }; Update: { ...; }; Relationships: []; }; ... 51 more ...; voice_transcriptions: { ...; }; }; Views: {}; Functions: { ...; }; Enums: {}; CompositeTypes: {}; }, never, never, never>', gave the following error.
    Argument of type '"contacts"' is not assignable to parameter of type 'never'.
src/server/routes/v1/contacts.ts(498,15): error TS2769: No overload matches this call.
  Overload 1 of 2, '(relation: "users" | "bank_connections" | "scheduled_payments" | "financial_events" | "financial_categories" | "event_types" | "payment_rules" | "bank_accounts" | "audit_logs" | ... 43 more ... | "voice_transcriptions"): PostgrestQueryBuilder<...>', gave the following error.
    Argument of type '"contacts"' is not assignable to parameter of type '"users" | "bank_connections" | "scheduled_payments" | "financial_events" | "financial_categories" | "event_types" | "payment_rules" | "bank_accounts" | "audit_logs" | "auth_attempts" | ... 42 more ... | "voice_transcriptions"'.
  Overload 2 of 2, '(relation: never): PostgrestQueryBuilder<{ PostgrestVersion: "13.0.5"; }, { Tables: { audit_logs: { Row: { action: string; created_at: string | null; details: Json; error_message: string | null; id: string; ... 8 more ...; user_id: string | null; }; Insert: { ...; }; Update: { ...; }; Relationships: []; }; ... 51 more ...; voice_transcriptions: { ...; }; }; Views: {}; Functions: { ...; }; Enums: {}; CompositeTypes: {}; }, never, never, never>', gave the following error.
    Argument of type '"contacts"' is not assignable to parameter of type 'never'.
src/server/routes/v1/contacts.ts(560,15): error TS2769: No overload matches this call.
  Overload 1 of 2, '(relation: "users" | "bank_connections" | "scheduled_payments" | "financial_events" | "financial_categories" | "event_types" | "payment_rules" | "bank_accounts" | "audit_logs" | ... 43 more ... | "voice_transcriptions"): PostgrestQueryBuilder<...>', gave the following error.
    Argument of type '"contacts"' is not assignable to parameter of type '"users" | "bank_connections" | "scheduled_payments" | "financial_events" | "financial_categories" | "event_types" | "payment_rules" | "bank_accounts" | "audit_logs" | "auth_attempts" | ... 42 more ... | "voice_transcriptions"'.
  Overload 2 of 2, '(relation: never): PostgrestQueryBuilder<{ PostgrestVersion: "13.0.5"; }, { Tables: { audit_logs: { Row: { action: string; created_at: string | null; details: Json; error_message: string | null; id: string; ... 8 more ...; user_id: string | null; }; Insert: { ...; }; Update: { ...; }; Relationships: []; }; ... 51 more ...; voice_transcriptions: { ...; }; }; Views: {}; Functions: { ...; }; Enums: {}; CompositeTypes: {}; }, never, never, never>', gave the following error.
    Argument of type '"contacts"' is not assignable to parameter of type 'never'.
src/server/routes/v1/contacts.ts(620,15): error TS2769: No overload matches this call.
  Overload 1 of 2, '(relation: "users" | "bank_connections" | "scheduled_payments" | "financial_events" | "financial_categories" | "event_types" | "payment_rules" | "bank_accounts" | "audit_logs" | ... 43 more ... | "voice_transcriptions"): PostgrestQueryBuilder<...>', gave the following error.
    Argument of type '"contacts"' is not assignable to parameter of type '"users" | "bank_connections" | "scheduled_payments" | "financial_events" | "financial_categories" | "event_types" | "payment_rules" | "bank_accounts" | "audit_logs" | "auth_attempts" | ... 42 more ... | "voice_transcriptions"'.
  Overload 2 of 2, '(relation: never): PostgrestQueryBuilder<{ PostgrestVersion: "13.0.5"; }, { Tables: { audit_logs: { Row: { action: string; created_at: string | null; details: Json; error_message: string | null; id: string; ... 8 more ...; user_id: string | null; }; Insert: { ...; }; Update: { ...; }; Relationships: []; }; ... 51 more ...; voice_transcriptions: { ...; }; }; Views: {}; Functions: { ...; }; Enums: {}; CompositeTypes: {}; }, never, never, never>', gave the following error.
    Argument of type '"contacts"' is not assignable to parameter of type 'never'.
src/server/routes/v1/contacts.ts(638,15): error TS2769: No overload matches this call.
  Overload 1 of 2, '(relation: "users" | "bank_connections" | "scheduled_payments" | "financial_events" | "financial_categories" | "event_types" | "payment_rules" | "bank_accounts" | "audit_logs" | ... 43 more ... | "voice_transcriptions"): PostgrestQueryBuilder<...>', gave the following error.
    Argument of type '"contacts"' is not assignable to parameter of type '"users" | "bank_connections" | "scheduled_payments" | "financial_events" | "financial_categories" | "event_types" | "payment_rules" | "bank_accounts" | "audit_logs" | "auth_attempts" | ... 42 more ... | "voice_transcriptions"'.
  Overload 2 of 2, '(relation: never): PostgrestQueryBuilder<{ PostgrestVersion: "13.0.5"; }, { Tables: { audit_logs: { Row: { action: string; created_at: string | null; details: Json; error_message: string | null; id: string; ... 8 more ...; user_id: string | null; }; Insert: { ...; }; Update: { ...; }; Relationships: []; }; ... 51 more ...; voice_transcriptions: { ...; }; }; Views: {}; Functions: { ...; }; Enums: {}; CompositeTypes: {}; }, never, never, never>', gave the following error.
    Argument of type '"contacts"' is not assignable to parameter of type 'never'.
src/server/routes/v1/contacts.ts(640,40): error TS2339: Property 'is_favorite' does not exist on type 'SelectQueryError<"column 'is_favorite' does not exist on 'users'."> | SelectQueryError<"column 'is_favorite' does not exist on 'bank_connections'."> | ... 50 more ... | SelectQueryError<...>'.
  Property 'is_favorite' does not exist on type 'SelectQueryError<"column 'is_favorite' does not exist on 'users'.">'.
src/server/routes/v1/contacts.ts(654,36): error TS2339: Property 'is_favorite' does not exist on type 'SelectQueryError<"column 'is_favorite' does not exist on 'users'."> | SelectQueryError<"column 'is_favorite' does not exist on 'bank_connections'."> | ... 50 more ... | SelectQueryError<...>'.
  Property 'is_favorite' does not exist on type 'SelectQueryError<"column 'is_favorite' does not exist on 'users'.">'.
src/server/routes/v1/contacts.ts(655,40): error TS2339: Property 'is_favorite' does not exist on type 'SelectQueryError<"column 'is_favorite' does not exist on 'users'."> | SelectQueryError<"column 'is_favorite' does not exist on 'bank_connections'."> | ... 50 more ... | SelectQueryError<...>'.
  Property 'is_favorite' does not exist on type 'SelectQueryError<"column 'is_favorite' does not exist on 'users'.">'.
src/server/routes/v1/contacts.ts(707,15): error TS2769: No overload matches this call.
  Overload 1 of 2, '(relation: "users" | "bank_connections" | "scheduled_payments" | "financial_events" | "financial_categories" | "event_types" | "payment_rules" | "bank_accounts" | "audit_logs" | ... 43 more ... | "voice_transcriptions"): PostgrestQueryBuilder<...>', gave the following error.
    Argument of type '"contacts"' is not assignable to parameter of type '"users" | "bank_connections" | "scheduled_payments" | "financial_events" | "financial_categories" | "event_types" | "payment_rules" | "bank_accounts" | "audit_logs" | "auth_attempts" | ... 42 more ... | "voice_transcriptions"'.
  Overload 2 of 2, '(relation: never): PostgrestQueryBuilder<{ PostgrestVersion: "13.0.5"; }, { Tables: { audit_logs: { Row: { action: string; created_at: string | null; details: Json; error_message: string | null; id: string; ... 8 more ...; user_id: string | null; }; Insert: { ...; }; Update: { ...; }; Relationships: []; }; ... 51 more ...; voice_transcriptions: { ...; }; }; Views: {}; Functions: { ...; }; Enums: {}; CompositeTypes: {}; }, never, never, never>', gave the following error.
    Argument of type '"contacts"' is not assignable to parameter of type 'never'.
src/server/routes/v1/contacts.ts(718,57): error TS2339: Property 'is_favorite' does not exist on type 'SelectQueryError<"column 'is_favorite' does not exist on 'users'."> | SelectQueryError<"column 'is_favorite' does not exist on 'bank_connections'."> | ... 50 more ... | SelectQueryError<...>'.
  Property 'is_favorite' does not exist on type 'SelectQueryError<"column 'is_favorite' does not exist on 'users'.">'.
src/server/routes/v1/contacts.ts(719,58): error TS2339: Property 'email' does not exist on type 'SelectQueryError<"column 'is_favorite' does not exist on 'users'."> | SelectQueryError<"column 'is_favorite' does not exist on 'bank_connections'."> | ... 50 more ... | SelectQueryError<...>'.
  Property 'email' does not exist on type 'SelectQueryError<"column 'is_favorite' does not exist on 'users'.">'.
src/server/routes/v1/contacts.ts(720,58): error TS2339: Property 'phone' does not exist on type 'SelectQueryError<"column 'is_favorite' does not exist on 'users'."> | SelectQueryError<"column 'is_favorite' does not exist on 'bank_connections'."> | ... 50 more ... | SelectQueryError<...>'.
  Property 'phone' does not exist on type 'SelectQueryError<"column 'is_favorite' does not exist on 'users'.">'.
src/server/routes/v1/health.ts(6,1): error TS6133: 'zValidator' is declared but its value is never read.
src/server/routes/v1/health.ts(14,7): error TS6133: 'healthResponseSchema' is declared but its value is never read.
src/server/routes/v1/health.ts(102,24): error TS2769: No overload matches this call.
  Overload 1 of 2, '(key: never): unknown', gave the following error.
    Argument of type '"auth"' is not assignable to parameter of type 'never'.
  Overload 2 of 2, '(key: never): never', gave the following error.
    Argument of type '"auth"' is not assignable to parameter of type 'never'.
src/server/routes/v1/health.ts(115,22): error TS2339: Property 'user' does not exist on type '{}'.
src/server/routes/v1/health.ts(116,25): error TS2339: Property 'user' does not exist on type '{}'.
src/server/routes/v1/pix.ts(914,14): error TS2345: Argument of type '"get_pix_stats"' is not assignable to parameter of type '"check_retention_policies" | "get_financial_summary" | "schedule_retention_check"'.
src/server/routes/v1/voice.ts(26,7): error TS6133: 'availableCommandsResponseSchema' is declared but its value is never read.
src/server/routes/v1/voice.ts(75,9): error TS2322: Type 'Buffer<ArrayBufferLike> | undefined' is not assignable to type 'string | undefined'.
  Type 'Buffer<ArrayBufferLike>' is not assignable to type 'string'.
src/server/routes/v1/voice.ts(80,9): error TS2322: Type 'string | undefined' is not assignable to type 'string'.
  Type 'undefined' is not assignable to type 'string'.
src/server/routes/v1/voice.ts(203,11): error TS2339: Property 'command' does not exist on type '{ language: string; requireConfirmation: boolean; sessionId: string; clientTimestamp?: string | undefined; requestId?: string | undefined; audioData?: string | undefined; commandText?: string | undefined; }'.
src/server/routes/v1/voice.ts(203,20): error TS2339: Property 'userId' does not exist on type '{ language: string; requireConfirmation: boolean; sessionId: string; clientTimestamp?: string | undefined; requestId?: string | undefined; audioData?: string | undefined; commandText?: string | undefined; }'.
src/server/routes/v1/voice.ts(203,20): error TS6133: 'userId' is declared but its value is never read.
src/server/routes/v1/voice.ts(203,39): error TS6133: 'audioData' is declared but its value is never read.
src/server/routes/v1/voice.ts(203,81): error TS2339: Property 'context' does not exist on type '{ language: string; requireConfirmation: boolean; sessionId: string; clientTimestamp?: string | undefined; requestId?: string | undefined; audioData?: string | undefined; commandText?: string | undefined; }'.
src/server/routes/v1/voice.ts(203,81): error TS6133: 'context' is declared but its value is never read.
src/server/trpc-helpers.ts(15,48): error TS2345: Argument of type 'MiddlewareBuilder<CreateContextOptions, object, unknown, undefined>' is not assignable to parameter of type 'MiddlewareBuilder<{ user: User | null; session: Session | null; req: Request; supabase: SupabaseClient<any, "public", "public", any, any>; }, Meta, unknown, UnsetMarker> | MiddlewareFunction<...>'.
  Type 'MiddlewareBuilder<CreateContextOptions, object, unknown, undefined>' is not assignable to type 'MiddlewareBuilder<{ user: User | null; session: Session | null; req: Request; supabase: SupabaseClient<any, "public", "public", any, any>; }, Meta, unknown, UnsetMarker>'.
    Types of property 'unstable_pipe' are incompatible.
      Type '<$ContextOverridesOut>(fn: MiddlewareFunction<CreateContextOptions, object, unknown, $ContextOverridesOut, undefined> | MiddlewareBuilder<{ user: User | null; session: Session | null; req: Request; supabase: SupabaseClient<...>; }, object, $ContextOverridesOut, undefined>) => MiddlewareBuilder<...>' is not assignable to type '<$ContextOverridesOut>(fn: MiddlewareFunction<{ user: User | null; session: Session | null; req: Request; supabase: SupabaseClient<any, "public", "public", any, any>; }, Meta, unknown, $ContextOverridesOut, UnsetMarker> | MiddlewareBuilder<...>) => MiddlewareBuilder<...>'.
        Types of parameters 'fn' and 'fn' are incompatible.
          Type 'MiddlewareFunction<{ user: User | null; session: Session | null; req: Request; supabase: SupabaseClient<any, "public", "public", any, any>; }, Meta, unknown, any, UnsetMarker> | MiddlewareBuilder<...>' is not assignable to type 'MiddlewareFunction<CreateContextOptions, object, unknown, any, undefined> | MiddlewareBuilder<{ user: User | null; session: Session | null; req: Request; supabase: SupabaseClient<...>; }, object, any, undefined>'.
            Type 'MiddlewareFunction<{ user: User | null; session: Session | null; req: Request; supabase: SupabaseClient<any, "public", "public", any, any>; }, Meta, unknown, any, UnsetMarker>' is not assignable to type 'MiddlewareFunction<CreateContextOptions, object, unknown, any, undefined> | MiddlewareBuilder<{ user: User | null; session: Session | null; req: Request; supabase: SupabaseClient<...>; }, object, any, undefined>'.
              Type 'MiddlewareFunction<{ user: User | null; session: Session | null; req: Request; supabase: SupabaseClient<any, "public", "public", any, any>; }, Meta, unknown, any, UnsetMarker>' is not assignable to type 'MiddlewareFunction<CreateContextOptions, object, unknown, any, undefined>'.
                Types of parameters 'opts' and 'opts' are incompatible.
                  Type '{ ctx: { user: import("D:/Coders/aegiswallet/node_modules/@supabase/auth-js/dist/module/lib/types").User | null; session: import("D:/Coders/aegiswallet/node_modules/@supabase/auth-js/dist/module/lib/types").Session | null; req: Request; supabase: import("D:/Coders/aegiswallet/node_modules/@supabase/supabase-js/dist/...' is not assignable to type '{ ctx: { user: import("D:/Coders/aegiswallet/node_modules/@supabase/auth-js/dist/module/lib/types").User | null; session: import("D:/Coders/aegiswallet/node_modules/@supabase/auth-js/dist/module/lib/types").Session | null; req: Request; supabase: import("D:/Coders/aegiswallet/node_modules/@supabase/supabase-js/dist/...'. Two different types with this name exist, but they are unrelated.
                    Types of property 'input' are incompatible.
                      Type 'undefined' is not assignable to type 'UnsetMarker'.
                        Type 'undefined' is not assignable to type '"unsetMarker"'.
src/server/trpc-helpers.ts(16,51): error TS2345: Argument of type 'MiddlewareBuilder<CreateContextOptions, object, unknown, undefined>' is not assignable to parameter of type 'MiddlewareBuilder<{ user: User | null; session: Session | null; req: Request; supabase: SupabaseClient<any, "public", "public", any, any>; }, Meta, unknown, UnsetMarker> | MiddlewareFunction<...>'.
  Type 'MiddlewareBuilder<CreateContextOptions, object, unknown, undefined>' is not assignable to type 'MiddlewareBuilder<{ user: User | null; session: Session | null; req: Request; supabase: SupabaseClient<any, "public", "public", any, any>; }, Meta, unknown, UnsetMarker>'.
    Types of property 'unstable_pipe' are incompatible.
      Type '<$ContextOverridesOut>(fn: MiddlewareFunction<CreateContextOptions, object, unknown, $ContextOverridesOut, undefined> | MiddlewareBuilder<{ user: User | null; session: Session | null; req: Request; supabase: SupabaseClient<...>; }, object, $ContextOverridesOut, undefined>) => MiddlewareBuilder<...>' is not assignable to type '<$ContextOverridesOut>(fn: MiddlewareFunction<{ user: User | null; session: Session | null; req: Request; supabase: SupabaseClient<any, "public", "public", any, any>; }, Meta, unknown, $ContextOverridesOut, UnsetMarker> | MiddlewareBuilder<...>) => MiddlewareBuilder<...>'.
        Types of parameters 'fn' and 'fn' are incompatible.
          Type 'MiddlewareFunction<{ user: User | null; session: Session | null; req: Request; supabase: SupabaseClient<any, "public", "public", any, any>; }, Meta, unknown, any, UnsetMarker> | MiddlewareBuilder<...>' is not assignable to type 'MiddlewareFunction<CreateContextOptions, object, unknown, any, undefined> | MiddlewareBuilder<{ user: User | null; session: Session | null; req: Request; supabase: SupabaseClient<...>; }, object, any, undefined>'.
            Type 'MiddlewareFunction<{ user: User | null; session: Session | null; req: Request; supabase: SupabaseClient<any, "public", "public", any, any>; }, Meta, unknown, any, UnsetMarker>' is not assignable to type 'MiddlewareFunction<CreateContextOptions, object, unknown, any, undefined> | MiddlewareBuilder<{ user: User | null; session: Session | null; req: Request; supabase: SupabaseClient<...>; }, object, any, undefined>'.
              Type 'MiddlewareFunction<{ user: User | null; session: Session | null; req: Request; supabase: SupabaseClient<any, "public", "public", any, any>; }, Meta, unknown, any, UnsetMarker>' is not assignable to type 'MiddlewareFunction<CreateContextOptions, object, unknown, any, undefined>'.
                Types of parameters 'opts' and 'opts' are incompatible.
                  Type '{ ctx: { user: import("D:/Coders/aegiswallet/node_modules/@supabase/auth-js/dist/module/lib/types").User | null; session: import("D:/Coders/aegiswallet/node_modules/@supabase/auth-js/dist/module/lib/types").Session | null; req: Request; supabase: import("D:/Coders/aegiswallet/node_modules/@supabase/supabase-js/dist/...' is not assignable to type '{ ctx: { user: import("D:/Coders/aegiswallet/node_modules/@supabase/auth-js/dist/module/lib/types").User | null; session: import("D:/Coders/aegiswallet/node_modules/@supabase/auth-js/dist/module/lib/types").Session | null; req: Request; supabase: import("D:/Coders/aegiswallet/node_modules/@supabase/supabase-js/dist/...'. Two different types with this name exist, but they are unrelated.
                    Types of property 'input' are incompatible.
                      Type 'undefined' is not assignable to type 'UnsetMarker'.
                        Type 'undefined' is not assignable to type '"unsetMarker"'.
src/server/trpc.ts(11,37): error TS2307: Cannot find module '@/server/procedures/banking' or its corresponding type declarations.
src/server/trpc.ts(12,35): error TS2307: Cannot find module '@/server/procedures/voice' or its corresponding type declarations.
src/server/trpc.ts(17,32): error TS2307: Cannot find module '@/server/routers/calendar' or its corresponding type declarations.
src/server/trpc.ts(25,37): error TS2307: Cannot find module '@/server/routers/consolidated' or its corresponding type declarations.
src/server/trpc.ts(26,32): error TS2307: Cannot find module '@/server/routers/contacts' or its corresponding type declarations.
src/server/trpc.ts(28,27): error TS2307: Cannot find module '@/server/routers/pix' or its corresponding type declarations.
src/services/voiceService.ts(321,28): error TS2345: Argument of type 'SpeechSynthesisUtterance' is not assignable to parameter of type 'SpeechSynthesisUtterance'.
  Types of property 'onstart' are incompatible.
    Type '((this: SpeechSynthesisUtterance, ev: SpeechSynthesisEvent) => any) | null' is not assignable to type '((event: Event) => void) | null'.
      Type '(this: SpeechSynthesisUtterance, ev: SpeechSynthesisEvent) => any' is not assignable to type '(event: Event) => void'.
        Types of parameters 'ev' and 'event' are incompatible.
          Type 'Event' is missing the following properties from type 'SpeechSynthesisEvent': charIndex, charLength, elapsedTime, name, utterance
src/test/globalSetup.ts(9,5): error TS2578: Unused '@ts-expect-error' directive.
src/test/globalSetup.ts(15,5): error TS2578: Unused '@ts-expect-error' directive.
src/test/healthcare-global-setup.ts(1,10): error TS2305: Module '"vitest/node"' has no exported member 'setup'.
src/test/healthcare/api-security-validation.test.ts(437,11): error TS6133: '_apiCall' is declared but its value is never read.
src/test/healthcare/api-security-validation.test.ts(508,77): error TS2339: Property 'value' does not exist on type 'EventTarget'.
src/test/healthcare/api-security-validation.test.ts(1068,24): error TS2339: Property 'length' does not exist on type 'string | number'.
  Property 'length' does not exist on type 'number'.
src/test/healthcare/brazilian-financial-compliance.test.ts(216,23): error TS2345: Argument of type '{ recommendations: string[]; riskFactors: string[]; riskLevel: string; }' is not assignable to parameter of type 'SetStateAction<{ recommendations: never[]; riskFactors: never[]; riskLevel: string; }>'.
  Type '{ recommendations: string[]; riskFactors: string[]; riskLevel: string; }' is not assignable to type '{ recommendations: never[]; riskFactors: never[]; riskLevel: string; }'.
    Types of property 'recommendations' are incompatible.
      Type 'string[]' is not assignable to type 'never[]'.
        Type 'string' is not assignable to type 'never'.
src/test/healthcare/brazilian-financial-compliance.test.ts(244,11): error TS6133: '_transaction' is declared but its value is never read.
src/test/healthcare/brazilian-financial-compliance.test.ts(313,82): error TS2339: Property 'value' does not exist on type 'EventTarget'.
src/test/healthcare/brazilian-financial-compliance.test.ts(340,84): error TS2339: Property 'value' does not exist on type 'EventTarget'.
src/test/healthcare/brazilian-financial-compliance.test.ts(362,78): error TS2339: Property 'value' does not exist on type 'EventTarget'.
src/test/healthcare/healthcare-data-protection.test.ts(108,11): error TS2322: Type 'string' is not assignable to type 'null'.
src/test/healthcare/healthcare-data-protection.test.ts(149,11): error TS7053: Element implicitly has an 'any' type because expression of type 'string' can't be used to index type '{ allergies: string; appointmentDate: string; doctorNotes: string; healthCondition: string; medicalHistory: string; medication: string; patientId: string; patientName: string; }'.
  No index signature with a parameter of type 'string' was found on type '{ allergies: string; appointmentDate: string; doctorNotes: string; healthCondition: string; medicalHistory: string; medication: string; patientId: string; patientName: string; }'.
src/test/healthcare/healthcare-data-protection.test.ts(152,15): error TS7053: Element implicitly has an 'any' type because expression of type 'string' can't be used to index type '{ allergies: string; appointmentDate: string; doctorNotes: string; healthCondition: string; medicalHistory: string; medication: string; patientId: string; patientName: string; }'.
  No index signature with a parameter of type 'string' was found on type '{ allergies: string; appointmentDate: string; doctorNotes: string; healthCondition: string; medicalHistory: string; medication: string; patientId: string; patientName: string; }'.
src/test/healthcare/healthcare-data-protection.test.ts(325,11): error TS6133: '_protectedRecord' is declared but its value is never read.
src/test/healthcare/healthcare-data-protection.test.ts(372,85): error TS2339: Property 'value' does not exist on type 'EventTarget'.
src/test/healthcare/healthcare-data-protection.test.ts(402,81): error TS2339: Property 'value' does not exist on type 'EventTarget'.
src/test/healthcare/healthcare-data-protection.test.ts(549,13): error TS6133: '_mockEncrypt' is declared but its value is never read.
src/test/healthcare/healthcare-data-protection.test.ts(730,13): error TS6133: '_voiceData' is declared but its value is never read.
src/test/healthcare/lgpd-compliance.test.tsx(232,25): error TS2339: Property 'toBeLGPDCompliant' does not exist on type 'Assertion<string>'.
src/test/healthcare/lgpd-compliance.test.tsx(234,29): error TS2339: Property 'toBeLGPDCompliant' does not exist on type 'Assertion<string>'.
src/test/healthcare/supabase-rls.test.ts(18,11): error TS2322: Type 'string | undefined' is not assignable to type 'string'.
  Type 'undefined' is not assignable to type 'string'.
src/test/healthcare/supabase-rls.test.ts(118,21): error TS2345: Argument of type 'string' is not assignable to parameter of type '("id" extends keyof (Omit<Database, "__InternalSupabase">[SchemaNameOrClientOptions extends string & Exclude<keyof Database, "__InternalSupabase"> ? SchemaNameOrClientOptions : "public" extends Exclude<...> ? "public" : string & Exclude<...>] extends GenericSchema ? Omit<...>[SchemaNameOrClientOptions extends string...'.
src/test/healthcare/supabase-rls.test.ts(134,12): error TS2769: No overload matches this call.
  Overload 1 of 2, '(values: (Omit<Database, "__InternalSupabase">[SchemaNameOrClientOptions extends string & Exclude<keyof Database, "__InternalSupabase"> ? SchemaNameOrClientOptions : "public" extends Exclude<...> ? "public" : string & Exclude<...>] extends GenericSchema ? Omit<...>[SchemaNameOrClientOptions extends string & Exclude<...> ? SchemaNameOrClientOptions : "public" extends Exclude<...> ? "public" : string & Exclude<...>] : never)["Tables"][string] extends { ...; } ? (Omit<...>[SchemaNameOrClientOptions extends string & Exclude<...> ? SchemaNameOrClientOptions : "public" extends Exclude<...> ? "public" : string & Exclude<...>] extends GenericSchema ? Omit<...>[SchemaNameOrClientOptions extends string & Exclude<...> ? SchemaNameOrClientOptions : "public" extends Exclude<...> ? "public" : string & Exclude<...>] : never)["Tables"][string]["Insert"] : never, options?: { ...; } | undefined): PostgrestFilterBuilder<...>', gave the following error.
    Argument of type '{ test_field: string; }' is not assignable to parameter of type '(Omit<Database, "__InternalSupabase">[SchemaNameOrClientOptions extends string & Exclude<keyof Database, "__InternalSupabase"> ? SchemaNameOrClientOptions : "public" extends Exclude<...> ? "public" : string & Exclude<...>] extends GenericSchema ? Omit<...>[SchemaNameOrClientOptions extends string & Exclude<...> ? Sc...'.
  Overload 2 of 2, '(values: ((Omit<Database, "__InternalSupabase">[SchemaNameOrClientOptions extends string & Exclude<keyof Database, "__InternalSupabase"> ? SchemaNameOrClientOptions : "public" extends Exclude<...> ? "public" : string & Exclude<...>] extends GenericSchema ? Omit<...>[SchemaNameOrClientOptions extends string & Exclude<...> ? SchemaNameOrClientOptions : "public" extends Exclude<...> ? "public" : string & Exclude<...>] : never)["Tables"][string] extends { ...; } ? (Omit<...>[SchemaNameOrClientOptions extends string & Exclude<...> ? SchemaNameOrClientOptions : "public" extends Exclude<...> ? "public" : string & Exclude<...>] extends GenericSchema ? Omit<...>[SchemaNameOrClientOptions extends string & Exclude<...> ? SchemaNameOrClientOptions : "public" extends Exclude<...> ? "public" : string & Exclude<...>] : never)["Tables"][string]["Insert"] : never)[], options?: { ...; } | undefined): PostgrestFilterBuilder<...>', gave the following error.
    Object literal may only specify known properties, and 'test_field' does not exist in type '((Omit<Database, "__InternalSupabase">[SchemaNameOrClientOptions extends string & Exclude<keyof Database, "__InternalSupabase"> ? SchemaNameOrClientOptions : "public" extends Exclude<...> ? "public" : string & Exclude<...>] extends GenericSchema ? Omit<...>[SchemaNameOrClientOptions extends string & Exclude<...> ? S...'.
src/test/healthcare/supabase-rls.test.ts(151,19): error TS2345: Argument of type '{ test_field: string; }' is not assignable to parameter of type '(Omit<Database, "__InternalSupabase">[SchemaNameOrClientOptions extends string & Exclude<keyof Database, "__InternalSupabase"> ? SchemaNameOrClientOptions : "public" extends Exclude<...> ? "public" : string & Exclude<...>] extends GenericSchema ? Omit<...>[SchemaNameOrClientOptions extends string & Exclude<...> ? Sc...'.
src/test/healthcare/supabase-rls.test.ts(152,21): error TS2345: Argument of type 'string' is not assignable to parameter of type '("id" extends keyof (Omit<Database, "__InternalSupabase">[SchemaNameOrClientOptions extends string & Exclude<keyof Database, "__InternalSupabase"> ? SchemaNameOrClientOptions : "public" extends Exclude<...> ? "public" : string & Exclude<...>] extends GenericSchema ? Omit<...>[SchemaNameOrClientOptions extends string...'.
src/test/healthcare/supabase-rls.test.ts(167,85): error TS2345: Argument of type 'string' is not assignable to parameter of type '("id" extends keyof (Omit<Database, "__InternalSupabase">[SchemaNameOrClientOptions extends string & Exclude<keyof Database, "__InternalSupabase"> ? SchemaNameOrClientOptions : "public" extends Exclude<...> ? "public" : string & Exclude<...>] extends GenericSchema ? Omit<...>[SchemaNameOrClientOptions extends string...'.
src/test/healthcare/supabase-rls.test.ts(441,19): error TS2345: Argument of type 'string' is not assignable to parameter of type '("id" extends keyof (Omit<Database, "__InternalSupabase">[SchemaNameOrClientOptions extends string & Exclude<keyof Database, "__InternalSupabase"> ? SchemaNameOrClientOptions : "public" extends Exclude<...> ? "public" : string & Exclude<...>] extends GenericSchema ? Omit<...>[SchemaNameOrClientOptions extends string...'.
src/test/healthcare/supabase-rls.test.ts(464,19): error TS2345: Argument of type 'string' is not assignable to parameter of type '("id" extends keyof (Omit<Database, "__InternalSupabase">[SchemaNameOrClientOptions extends string & Exclude<keyof Database, "__InternalSupabase"> ? SchemaNameOrClientOptions : "public" extends Exclude<...> ? "public" : string & Exclude<...>] extends GenericSchema ? Omit<...>[SchemaNameOrClientOptions extends string...'.
src/test/healthcare/voice-interface.test.ts(31,60): error TS2339: Property 'createMockVoiceCommand' does not exist on type 'TestUtils'.
src/test/healthcare/voice-interface.test.ts(45,7): error TS2721: Cannot invoke an object which is possibly 'null'.
src/test/healthcare/voice-interface.test.ts(47,11): error TS2322: Type '[{ confidence: number; transcript: string; }]' is not assignable to type 'SpeechRecognitionResult'.
src/test/healthcare/voice-interface.test.ts(132,5): error TS2322: Type 'Mock<() => { abort: Mock<Procedure>; continuous: boolean; interimResults: boolean; lang: string; onend: null; onerror: null; onnomatch: null; onresult: null; onsoundend: null; onsoundstart: null; onspeechend: null; onspeechstart: null; start: Mock<...>; stop: Mock<...>; }>' is not assignable to type 'SpeechRecognitionConstructor'.
  Type '{ abort: Mock<Procedure>; continuous: boolean; interimResults: boolean; lang: string; onend: null; onerror: null; onnomatch: null; onresult: null; onsoundend: null; onsoundstart: null; onspeechend: null; onspeechstart: null; start: Mock<...>; stop: Mock<...>; }' is missing the following properties from type 'SpeechRecognition': grammars, maxAlternatives, serviceURI, onaudioend, and 5 more.
src/test/healthcare/voice-interface.test.ts(133,5): error TS2322: Type 'Mock<() => { abort: Mock<Procedure>; continuous: boolean; interimResults: boolean; lang: string; onend: null; onerror: null; onnomatch: null; onresult: null; onsoundend: null; onsoundstart: null; onspeechend: null; onspeechstart: null; start: Mock<...>; stop: Mock<...>; }>' is not assignable to type 'SpeechRecognitionConstructor'.
  Type '{ abort: Mock<Procedure>; continuous: boolean; interimResults: boolean; lang: string; onend: null; onerror: null; onnomatch: null; onresult: null; onsoundend: null; onsoundstart: null; onspeechend: null; onspeechstart: null; start: Mock<...>; stop: Mock<...>; }' is missing the following properties from type 'SpeechRecognition': grammars, maxAlternatives, serviceURI, onaudioend, and 5 more.
src/test/healthcare/voice-interface.test.ts(200,32): error TS2339: Property 'mockImplementation' does not exist on type 'SpeechRecognitionConstructor'.
src/test/healthcare/voice-interface.test.ts(213,25): error TS2349: This expression is not callable.
  Type 'never' has no call signatures.
src/test/healthcare/voice-interface.test.ts(262,32): error TS2339: Property 'mockImplementation' does not exist on type 'SpeechRecognitionConstructor'.
src/test/healthcare/voice-interface.test.ts(271,34): error TS2349: This expression is not callable.
  Type 'never' has no call signatures.
src/test/healthcare/voice-interface.test.ts(345,32): error TS2339: Property 'mockImplementation' does not exist on type 'SpeechRecognitionConstructor'.
src/test/healthcare/voice-interface.test.ts(354,26): error TS2349: This expression is not callable.
  Type 'never' has no call signatures.
src/test/integration/bank-accounts.test.ts(34,7): error TS2322: Type 'null' is not assignable to type 'number | undefined'.
src/test/integration/bank-accounts.test.ts(38,7): error TS2322: Type 'null' is not assignable to type 'string'.
src/test/integration/bank-accounts.test.ts(43,44): error TS2345: Argument of type '{ session: Session; supabase: SupabaseClient<Database, "public", "public", { Tables: { audit_logs: { Row: { action: string; created_at: string | null; details: Json | null; error_message: string | null; id: string; ip_address: unknown; new_values: Json | null; old_values: Json | null; resource_id: string | null; res...' is not assignable to parameter of type 'CreateContextOptions | (() => MaybePromise<CreateContextOptions>)'.
  Property 'req' is missing in type '{ session: Session; supabase: SupabaseClient<Database, "public", "public", { Tables: { audit_logs: { Row: { action: string; created_at: string | null; details: Json | null; error_message: string | null; id: string; ip_address: unknown; new_values: Json | null; old_values: Json | null; resource_id: string | null; res...' but required in type 'CreateContextOptions'.
src/test/integration/bank-accounts.test.ts(76,41): error TS2339: Property 'mutate' does not exist on type 'DecorateProcedure<MutationProcedure<{ input: { institution_name: string; account_type: "savings" | "cash" | "checking" | "investment"; balance?: number | undefined; currency?: string | undefined; is_primary?: boolean | undefined; is_active?: boolean | undefined; account_mask?: string | undefined; institution_id?: st...'.
src/test/integration/bank-accounts.test.ts(93,41): error TS2339: Property 'mutate' does not exist on type 'DecorateProcedure<MutationProcedure<{ input: { institution_name: string; account_type: "savings" | "cash" | "checking" | "investment"; balance?: number | undefined; currency?: string | undefined; is_primary?: boolean | undefined; is_active?: boolean | undefined; account_mask?: string | undefined; institution_id?: st...'.
src/test/integration/bank-accounts.test.ts(110,41): error TS2339: Property 'mutate' does not exist on type 'DecorateProcedure<MutationProcedure<{ input: { institution_name: string; account_type: "savings" | "cash" | "checking" | "investment"; balance?: number | undefined; currency?: string | undefined; is_primary?: boolean | undefined; is_active?: boolean | undefined; account_mask?: string | undefined; institution_id?: st...'.
src/test/integration/bank-accounts.test.ts(129,21): error TS2339: Property 'mutate' does not exist on type 'DecorateProcedure<MutationProcedure<{ input: { institution_name: string; account_type: "savings" | "cash" | "checking" | "investment"; balance?: number | undefined; currency?: string | undefined; is_primary?: boolean | undefined; is_active?: boolean | undefined; account_mask?: string | undefined; institution_id?: st...'.
src/test/integration/bank-accounts.test.ts(154,41): error TS2339: Property 'mutate' does not exist on type 'DecorateProcedure<MutationProcedure<{ input: { institution_name: string; account_type: "savings" | "cash" | "checking" | "investment"; balance?: number | undefined; currency?: string | undefined; is_primary?: boolean | undefined; is_active?: boolean | undefined; account_mask?: string | undefined; institution_id?: st...'.
src/test/integration/bank-accounts.test.ts(157,32): error TS2339: Property 'mutate' does not exist on type 'DecorateProcedure<MutationProcedure<{ input: { institution_name: string; account_type: "savings" | "cash" | "checking" | "investment"; balance?: number | undefined; currency?: string | undefined; is_primary?: boolean | undefined; is_active?: boolean | undefined; account_mask?: string | undefined; institution_id?: st...'.
src/test/integration/bank-accounts.test.ts(161,41): error TS2339: Property 'mutate' does not exist on type 'DecorateProcedure<MutationProcedure<{ input: { institution_name: string; account_type: "savings" | "cash" | "checking" | "investment"; balance?: number | undefined; currency?: string | undefined; is_primary?: boolean | undefined; is_active?: boolean | undefined; account_mask?: string | undefined; institution_id?: st...'.
src/test/integration/bank-accounts.test.ts(173,41): error TS2339: Property 'mutate' does not exist on type 'DecorateProcedure<MutationProcedure<{ input: { id: string; institution_name?: string | undefined; account_type?: "savings" | "cash" | "checking" | "investment" | undefined; balance?: number | undefined; currency?: string | undefined; is_primary?: boolean | undefined; is_active?: boolean | undefined; account_mask?: s...'.
src/test/integration/bank-accounts.test.ts(186,41): error TS2339: Property 'mutate' does not exist on type 'DecorateProcedure<MutationProcedure<{ input: { institution_name: string; account_type: "savings" | "cash" | "checking" | "investment"; balance?: number | undefined; currency?: string | undefined; is_primary?: boolean | undefined; is_active?: boolean | undefined; account_mask?: string | undefined; institution_id?: st...'.
src/test/integration/bank-accounts.test.ts(198,41): error TS2339: Property 'mutate' does not exist on type 'DecorateProcedure<MutationProcedure<{ input: { id: string; institution_name?: string | undefined; account_type?: "savings" | "cash" | "checking" | "investment" | undefined; balance?: number | undefined; currency?: string | undefined; is_primary?: boolean | undefined; is_active?: boolean | undefined; account_mask?: s...'.
src/test/integration/bank-accounts.test.ts(207,41): error TS2339: Property 'mutate' does not exist on type 'DecorateProcedure<MutationProcedure<{ input: { institution_name: string; account_type: "savings" | "cash" | "checking" | "investment"; balance?: number | undefined; currency?: string | undefined; is_primary?: boolean | undefined; is_active?: boolean | undefined; account_mask?: string | undefined; institution_id?: st...'.
src/test/integration/bank-accounts.test.ts(218,25): error TS2339: Property 'mutate' does not exist on type 'DecorateProcedure<MutationProcedure<{ input: { id: string; }; output: { success: boolean; }; meta: Meta; }>>'.
src/test/integration/bank-accounts.test.ts(224,38): error TS2339: Property 'mutate' does not exist on type 'DecorateProcedure<MutationProcedure<{ input: { institution_name: string; account_type: "savings" | "cash" | "checking" | "investment"; balance?: number | undefined; currency?: string | undefined; is_primary?: boolean | undefined; is_active?: boolean | undefined; account_mask?: string | undefined; institution_id?: st...'.
src/test/integration/bank-accounts.test.ts(234,38): error TS2339: Property 'mutate' does not exist on type 'DecorateProcedure<MutationProcedure<{ input: { institution_name: string; account_type: "savings" | "cash" | "checking" | "investment"; balance?: number | undefined; currency?: string | undefined; is_primary?: boolean | undefined; is_active?: boolean | undefined; account_mask?: string | undefined; institution_id?: st...'.
src/test/integration/bank-accounts.test.ts(246,37): error TS2339: Property 'query' does not exist on type 'DecorateProcedure<QueryProcedure<{ input: void; output: any[]; meta: Meta; }>>'.
src/test/integration/bank-accounts.test.ts(251,41): error TS2339: Property 'mutate' does not exist on type 'DecorateProcedure<MutationProcedure<{ input: { institution_name: string; account_type: "savings" | "cash" | "checking" | "investment"; balance?: number | undefined; currency?: string | undefined; is_primary?: boolean | undefined; is_active?: boolean | undefined; account_mask?: string | undefined; institution_id?: st...'.
src/test/integration/bank-accounts.test.ts(263,39): error TS2339: Property 'query' does not exist on type 'DecorateProcedure<QueryProcedure<{ input: { id: string; }; output: any; meta: Meta; }>>'.
src/test/integration/bank-accounts.test.ts(268,42): error TS2339: Property 'mutate' does not exist on type 'DecorateProcedure<MutationProcedure<{ input: { institution_name: string; account_type: "savings" | "cash" | "checking" | "investment"; balance?: number | undefined; currency?: string | undefined; is_primary?: boolean | undefined; is_active?: boolean | undefined; account_mask?: string | undefined; institution_id?: st...'.
src/test/integration/bank-accounts.test.ts(278,42): error TS2339: Property 'mutate' does not exist on type 'DecorateProcedure<MutationProcedure<{ input: { institution_name: string; account_type: "savings" | "cash" | "checking" | "investment"; balance?: number | undefined; currency?: string | undefined; is_primary?: boolean | undefined; is_active?: boolean | undefined; account_mask?: string | undefined; institution_id?: st...'.
src/test/integration/bank-accounts.test.ts(290,49): error TS2339: Property 'query' does not exist on type 'DecorateProcedure<QueryProcedure<{ input: void; output: Record<string, number>; meta: Meta; }>>'.
src/test/integration/bank-accounts.test.ts(295,41): error TS2339: Property 'mutate' does not exist on type 'DecorateProcedure<MutationProcedure<{ input: { institution_name: string; account_type: "savings" | "cash" | "checking" | "investment"; balance?: number | undefined; currency?: string | undefined; is_primary?: boolean | undefined; is_active?: boolean | undefined; account_mask?: string | undefined; institution_id?: st...'.
src/test/integration/bank-accounts.test.ts(307,48): error TS2339: Property 'mutate' does not exist on type 'DecorateProcedure<MutationProcedure<{ input: { id: string; balance: number; }; output: any; meta: Meta; }>>'.
src/test/integration/bank-accounts.test.ts(312,41): error TS2339: Property 'mutate' does not exist on type 'DecorateProcedure<MutationProcedure<{ input: { institution_name: string; account_type: "savings" | "cash" | "checking" | "investment"; balance?: number | undefined; currency?: string | undefined; is_primary?: boolean | undefined; is_active?: boolean | undefined; account_mask?: string | undefined; institution_id?: st...'.
src/test/integration/bank-accounts.test.ts(324,52): error TS2339: Property 'query' does not exist on type 'DecorateProcedure<QueryProcedure<{ input: { accountId: string; days?: number | undefined; }; output: { date: string; balance: number; }[]; meta: Meta; }>>'.
src/test/integration/financial-events.test.ts(200,7): error TS2322: Type 'Date' is not assignable to type 'string'.
src/test/nlu/utterancesDataset.test.ts(129,28): error TS7053: Element implicitly has an 'any' type because expression of type 'string' can't be used to index type '{ check_balance: { count: number; utterances: { text: string; region: string; confidence: number; }[]; }; check_budget: { count: number; utterances: { text: string; region: string; confidence: number; }[]; }; pay_bill: { ...; }; check_income: { ...; }; financial_projection: { ...; }; transfer_money: { ...; }; }'.
  No index signature with a parameter of type 'string' was found on type '{ check_balance: { count: number; utterances: { text: string; region: string; confidence: number; }[]; }; check_budget: { count: number; utterances: { text: string; region: string; confidence: number; }[]; }; pay_bill: { ...; }; check_income: { ...; }; financial_projection: { ...; }; transfer_money: { ...; }; }'.
src/test/nlu/utterancesDataset.test.ts(130,39): error TS7006: Parameter 'u' implicitly has an 'any' type.
src/test/quality-control/database-schema-mismatches.test.ts(13,60): error TS2339: Property 'Row' does not exist on type '{ accessibility_high_contrast: boolean | null; accessibility_large_text: boolean | null; accessibility_screen_reader: boolean | null; auto_categorize: boolean | null; budget_alerts: boolean | null; ... 8 more ...; voice_feedback: boolean | null; }'.
src/test/quality-control/database-schema-mismatches.test.ts(22,9): error TS2578: Unused '@ts-expect-error' directive.
src/test/quality-control/database-schema-mismatches.test.ts(30,60): error TS2339: Property 'Row' does not exist on type '{ accessibility_high_contrast: boolean | null; accessibility_large_text: boolean | null; accessibility_screen_reader: boolean | null; auto_categorize: boolean | null; budget_alerts: boolean | null; ... 8 more ...; voice_feedback: boolean | null; }'.
src/test/quality-control/database-schema-mismatches.test.ts(39,9): error TS2578: Unused '@ts-expect-error' directive.
src/test/quality-control/database-schema-mismatches.test.ts(53,53): error TS2339: Property 'Row' does not exist on type '{ account_holder_name: string | null; account_mask: string; account_number: string | null; account_type: string; available_balance: number | null; balance: number | null; belvo_account_id: string; ... 11 more ...; user_id: string; }'.
src/test/quality-control/database-schema-mismatches.test.ts(64,9): error TS2578: Unused '@ts-expect-error' directive.
src/test/quality-control/database-schema-mismatches.test.ts(74,59): error TS2339: Property 'Row' does not exist on type '{ all_day: boolean | null; amount: number; attachments: string[] | null; brazilian_event_type: string | null; category: string | null; color: string; completed_at: string | null; created_at: string | null; ... 22 more ...; user_id: string; }'.
src/test/quality-control/database-schema-mismatches.test.ts(85,9): error TS2578: Unused '@ts-expect-error' directive.
src/test/quality-control/database-schema-mismatches.test.ts(103,52): error TS2339: Property 'Row' does not exist on type '{ account_id: string | null; amount: number; category_id: string | null; created_at: string | null; currency: string | null; description: string | null; id: string; is_manual_entry: boolean | null; ... 5 more ...; user_id: string; }'.
src/test/quality-control/database-schema-mismatches.test.ts(116,9): error TS2578: Unused '@ts-expect-error' directive.
src/test/quality-control/database-schema-mismatches.test.ts(129,7): error TS2578: Unused '@ts-expect-error' directive.
src/test/quality-control/database-schema-mismatches.test.ts(141,41): error TS2339: Property 'voice_metrics' does not exist on type '{ audit_logs: { Row: { action: string; created_at: string | null; details: Json; error_message: string | null; id: string; ip_address: unknown; new_values: Json; old_values: Json; ... 5 more ...; user_id: string | null; }; Insert: { ...; }; Update: { ...; }; Relationships: []; }; ... 51 more ...; voice_transcription...'.
src/test/quality-control/database-schema-mismatches.test.ts(149,7): error TS2578: Unused '@ts-expect-error' directive.
src/test/quality-control/database-schema-mismatches.test.ts(159,7): error TS2578: Unused '@ts-expect-error' directive.
src/test/quality-control/database-schema-mismatches.test.ts(171,41): error TS2339: Property 'user_bank_links' does not exist on type '{ audit_logs: { Row: { action: string; created_at: string | null; details: Json; error_message: string | null; id: string; ip_address: unknown; new_values: Json; old_values: Json; ... 5 more ...; user_id: string | null; }; Insert: { ...; }; Update: { ...; }; Relationships: []; }; ... 51 more ...; voice_transcription...'.
src/test/quality-control/database-schema-mismatches.test.ts(185,9): error TS2578: Unused '@ts-expect-error' directive.
src/test/quality-control/lgpd-compliance-issues.test.ts(15,9): error TS2578: Unused '@ts-expect-error' directive.
src/test/quality-control/lgpd-compliance-issues.test.ts(29,9): error TS2578: Unused '@ts-expect-error' directive.
src/test/quality-control/lgpd-compliance-issues.test.ts(45,9): error TS2578: Unused '@ts-expect-error' directive.
src/test/quality-control/lgpd-compliance-issues.test.ts(65,9): error TS2578: Unused '@ts-expect-error' directive.
src/test/quality-control/lgpd-compliance-issues.test.ts(79,9): error TS2578: Unused '@ts-expect-error' directive.
src/test/quality-control/lgpd-compliance-issues.test.ts(94,9): error TS2578: Unused '@ts-expect-error' directive.
src/test/quality-control/lgpd-compliance-issues.test.ts(113,9): error TS2578: Unused '@ts-expect-error' directive.
src/test/quality-control/lgpd-compliance-issues.test.ts(134,9): error TS2578: Unused '@ts-expect-error' directive.
src/test/quality-control/lgpd-compliance-issues.test.ts(152,11): error TS2578: Unused '@ts-expect-error' directive.
src/test/quality-control/lgpd-compliance-issues.test.ts(169,9): error TS2578: Unused '@ts-expect-error' directive.
src/test/quality-control/lgpd-compliance-issues.test.ts(188,9): error TS2578: Unused '@ts-expect-error' directive.
src/test/quality-control/lgpd-compliance-issues.test.ts(201,9): error TS2578: Unused '@ts-expect-error' directive.
src/test/quality-control/lgpd-compliance-issues.test.ts(218,9): error TS2578: Unused '@ts-expect-error' directive.
src/test/quality-control/trpc-type-violations.test.ts(7,1): error TS6133: 'setupServer' is declared but its value is never read.
src/test/quality-control/trpc-type-violations.test.ts(9,10): error TS6133: 'beforeEach' is declared but its value is never read.
src/test/quality-control/trpc-type-violations.test.ts(9,44): error TS6133: 'vi' is declared but its value is never read.
src/test/quality-control/trpc-type-violations.test.ts(10,32): error TS2307: Cannot find module '@/server/router' or its corresponding type declarations.
src/test/quality-control/trpc-type-violations.test.ts(14,19): error TS2554: Expected 1 arguments, but got 0.
src/test/quality-control/trpc-type-violations.test.ts(40,9): error TS2578: Unused '@ts-expect-error' directive.
src/test/quality-control/trpc-type-violations.test.ts(53,30): error TS2559: Type '{ session: { user: { id: string; }; }; supabase: unknown; }' has no properties in common with type '{ user?: { id: string; } | null | undefined; }'.
src/test/quality-control/trpc-type-violations.test.ts(62,7): error TS2578: Unused '@ts-expect-error' directive.
src/test/quality-control/trpc-type-violations.test.ts(72,7): error TS2578: Unused '@ts-expect-error' directive.
src/test/quality-control/trpc-type-violations.test.ts(85,7): error TS2578: Unused '@ts-expect-error' directive.
src/test/quality-control/trpc-type-violations.test.ts(100,7): error TS2578: Unused '@ts-expect-error' directive.
src/test/quality-control/trpc-type-violations.test.ts(116,7): error TS2578: Unused '@ts-expect-error' directive.
src/test/quality-control/trpc-type-violations.test.ts(131,7): error TS2578: Unused '@ts-expect-error' directive.
src/test/quality-control/trpc-type-violations.test.ts(143,7): error TS2578: Unused '@ts-expect-error' directive.
src/test/quality-control/type-check-validation.test.ts(13,57): error TS2339: Property 'Row' does not exist on type '{ accessibility_high_contrast: boolean | null; accessibility_large_text: boolean | null; accessibility_screen_reader: boolean | null; auto_categorize: boolean | null; budget_alerts: boolean | null; ... 8 more ...; voice_feedback: boolean | null; }'.
src/test/quality-control/type-check-validation.test.ts(32,50): error TS2339: Property 'Row' does not exist on type '{ account_holder_name: string | null; account_mask: string; account_number: string | null; account_type: string; available_balance: number | null; balance: number | null; belvo_account_id: string; ... 11 more ...; user_id: string; }'.
src/test/quality-control/type-check-validation.test.ts(49,51): error TS2339: Property 'Row' does not exist on type '{ all_day: boolean | null; amount: number; attachments: string[] | null; brazilian_event_type: string | null; category: string | null; color: string; completed_at: string | null; created_at: string | null; ... 22 more ...; user_id: string; }'.
src/test/quality-control/type-check-validation.test.ts(72,53): error TS2339: Property 'Row' does not exist on type '{ account_id: string | null; amount: number; category_id: string | null; created_at: string | null; currency: string | null; description: string | null; id: string; is_manual_entry: boolean | null; ... 5 more ...; user_id: string; }'.
src/test/quality-control/type-check-validation.test.ts(92,56): error TS2339: Property 'Row' does not exist on type '{ audio_file_path: string | null; command_text: string; confidence_score: number | null; correction_made: string | null; created_at: string | null; feedback_text: string | null; ... 7 more ...; was_correct: boolean | null; }'.
src/test/quality-control/type-check-validation.test.ts(93,51): error TS2339: Property 'Row' does not exist on type '{ audio_file_path: string | null; command_text: string; confidence_score: number | null; correction_made: string | null; created_at: string | null; feedback_text: string | null; ... 7 more ...; was_correct: boolean | null; }'.
src/test/quality-control/type-check-validation.test.ts(94,37): error TS2344: Type '"voice_metrics"' does not satisfy the constraint '"users" | "bank_connections" | "scheduled_payments" | "financial_events" | "financial_categories" | "event_types" | "payment_rules" | "bank_accounts" | { schema: "public"; } | ... 44 more ... | "voice_transcriptions"'.
src/test/quality-control/type-check-validation.test.ts(95,33): error TS2344: Type '"voice_metrics"' does not satisfy the constraint '"users" | "bank_connections" | "scheduled_payments" | "financial_events" | "financial_categories" | "event_types" | "payment_rules" | "bank_accounts" | { schema: "public"; } | ... 44 more ... | "voice_transcriptions"'.
src/test/quality-control/type-check-validation.test.ts(96,48): error TS2339: Property 'Row' does not exist on type '{ action: string; created_at: string | null; details: Json; error_message: string | null; id: string; ip_address: unknown; new_values: Json; old_values: Json; resource_id: string | null; ... 4 more ...; user_id: string | null; }'.
src/test/quality-control/type-check-validation.test.ts(97,47): error TS2339: Property 'Row' does not exist on type '{ action: string; created_at: string | null; details: Json; error_message: string | null; id: string; ip_address: unknown; new_values: Json; old_values: Json; resource_id: string | null; ... 4 more ...; user_id: string | null; }'.
src/test/quality-control/type-check-validation.test.ts(98,50): error TS2339: Property 'Row' does not exist on type '{ connection_id: string | null; created_at: string | null; encrypted_access_token: string; encrypted_refresh_token: string | null; encryption_algorithm: string; encryption_iv: string; ... 6 more ...; user_id: string | null; }'.
src/test/quality-control/type-check-validation.test.ts(99,48): error TS2339: Property 'Row' does not exist on type '{ connection_id: string | null; created_at: string | null; encrypted_access_token: string; encrypted_refresh_token: string | null; encryption_algorithm: string; encryption_iv: string; ... 6 more ...; user_id: string | null; }'.
src/test/quality-control/type-check-validation.test.ts(116,43): error TS18047: 'component' is possibly 'null'.
src/test/quality-control/type-check-validation.test.ts(116,53): error TS2339: Property '$$typeof' does not exist on type 'object'.
src/test/quality-control/type-check-validation.test.ts(142,15): error TS2339: Property 'CalendarFilter' does not exist on type 'typeof import("D:/Coders/aegiswallet/src/components/ui/event-calendar/types")'.
src/test/quality-control/type-check-validation.test.ts(145,21): error TS2749: 'CalendarFilter' refers to a value, but is being used as a type here. Did you mean 'typeof CalendarFilter'?
src/test/security/voiceConfirmation.test.ts(21,30): error TS2341: Property 'calculateSimilarity' is private and only accessible within class 'VoiceRecognitionService'.
src/test/security/voiceConfirmation.test.ts(29,30): error TS2341: Property 'calculateSimilarity' is private and only accessible within class 'VoiceRecognitionService'.
src/test/security/voiceConfirmation.test.ts(37,30): error TS2341: Property 'calculateSimilarity' is private and only accessible within class 'VoiceRecognitionService'.
src/test/security/voiceConfirmation.test.ts(42,30): error TS2341: Property 'calculateSimilarity' is private and only accessible within class 'VoiceRecognitionService'.
src/test/security/voiceConfirmation.test.ts(47,30): error TS2341: Property 'calculateSimilarity' is private and only accessible within class 'VoiceRecognitionService'.
src/test/security/voiceConfirmation.test.ts(54,32): error TS2341: Property 'levenshteinDistance' is private and only accessible within class 'VoiceRecognitionService'.
src/test/security/voiceConfirmation.test.ts(59,32): error TS2341: Property 'levenshteinDistance' is private and only accessible within class 'VoiceRecognitionService'.
src/test/security/voiceConfirmation.test.ts(64,32): error TS2341: Property 'levenshteinDistance' is private and only accessible within class 'VoiceRecognitionService'.
src/test/security/voiceConfirmation.test.ts(69,32): error TS2341: Property 'levenshteinDistance' is private and only accessible within class 'VoiceRecognitionService'.
src/test/security/voiceConfirmation.test.ts(208,36): error TS2554: Expected 2 arguments, but got 1.
src/test/security/voiceConfirmation.test.ts(213,36): error TS2554: Expected 2 arguments, but got 1.
src/test/security/voiceConfirmation.test.ts(218,36): error TS2554: Expected 2 arguments, but got 1.
src/test/security/voiceConfirmation.test.ts(224,36): error TS2554: Expected 2 arguments, but got 1.
src/test/security/voiceConfirmation.test.ts(230,36): error TS2554: Expected 2 arguments, but got 1.
src/test/security/voiceConfirmation.test.ts(238,36): error TS2554: Expected 3 arguments, but got 2.
src/test/security/voiceConfirmation.test.ts(243,36): error TS2554: Expected 3 arguments, but got 2.
src/test/security/voiceConfirmation.test.ts(249,36): error TS2554: Expected 3 arguments, but got 2.
src/test/security/voiceConfirmation.test.ts(255,36): error TS2554: Expected 3 arguments, but got 2.
src/test/security/voiceConfirmation.test.ts(263,36): error TS2554: Expected 2 arguments, but got 1.
src/test/security/voiceConfirmation.test.ts(269,36): error TS2554: Expected 3 arguments, but got 2.
src/test/setup-dom.ts(71,1): error TS2739: Type '{ cancel: Mock<Procedure>; getVoices: Mock<() => { default: boolean; lang: string; localService: boolean; name: string; }[]>; pause: Mock<Procedure>; ... 4 more ...; speaking: boolean; }' is missing the following properties from type 'SpeechSynthesis': onvoiceschanged, addEventListener, removeEventListener, dispatchEvent
src/test/setup-dom.ts(118,1): error TS2739: Type 'Mock<Procedure>' is missing the following properties from type '{ new (url: string | URL, protocols?: string | string[] | undefined): WebSocket; prototype: WebSocket; readonly CONNECTING: 0; readonly OPEN: 1; readonly CLOSING: 2; readonly CLOSED: 3; }': CONNECTING, OPEN, CLOSING, CLOSED
src/test/setup-dom.ts(164,1): error TS2322: Type 'CanvasRenderingContext2D' is not assignable to type '{ (contextId: "2d", options?: CanvasRenderingContext2DSettings | undefined): CanvasRenderingContext2D | null; (contextId: "bitmaprenderer", options?: ImageBitmapRenderingContextSettings | undefined): ImageBitmapRenderingContext | null; (contextId: "webgl", options?: WebGLContextAttributes | undefined): WebGLRenderin...'.
  Type 'CanvasRenderingContext2D' provides no match for the signature '(contextId: "2d", options?: CanvasRenderingContext2DSettings | undefined): CanvasRenderingContext2D | null'.
src/test/setup-dom.ts(192,1): error TS2322: Type 'CSSStyleDeclaration' is not assignable to type '(elt: Element, pseudoElt?: string | null | undefined) => CSSStyleDeclaration'.
  Type 'CSSStyleDeclaration' provides no match for the signature '(elt: Element, pseudoElt?: string | null | undefined): CSSStyleDeclaration'.
src/test/stt/speechToTextService.test.ts(21,19): error TS2749: 'SpeechToTextService' refers to a value, but is being used as a type here. Did you mean 'typeof SpeechToTextService'?
src/test/stt/speechToTextService.test.ts(166,15): error TS18046: 'init' is of type 'unknown'.
src/test/stt/speechToTextService.test.ts(167,13): error TS18046: 'init' is of type 'unknown'.
src/test/utils/quality-control-integration.ts(58,10): error TS2339: Property 'testUtils' does not exist on type 'QualityControlTestingFramework'.
src/test/utils/quality-control-integration.ts(233,46): error TS2339: Property 'sources' does not exist on type '{ sources: { type: "context7" | "tavily" | "archon" | "project_memory"; query: string; result: unknown; confidence: number; }[]; recommendations: string[]; bestPractices: string[]; } | undefined'.
src/test/utils/quality-control-integration.ts(265,12): error TS7053: Element implicitly has an 'any' type because expression of type '"security" | "performance" | "code_quality" | "compliance"' can't be used to index type '{ code_quality: { confidence: number; query: string; result: { examples: string[]; solution: string; }; type: "context7"; }; performance: { confidence: number; query: string; result: { examples: string[]; solution: string; }; type: "archon"; }; security: { ...; }; }'.
  Property 'compliance' does not exist on type '{ code_quality: { confidence: number; query: string; result: { examples: string[]; solution: string; }; type: "context7"; }; performance: { confidence: number; query: string; result: { examples: string[]; solution: string; }; type: "archon"; }; security: { ...; }; }'.
src/test/utils/quality-control-integration.ts(321,34): error TS2339: Property 'atomicTasks' does not exist on type '{ atomicTasks: { id: string; name: string; estimatedTime: number; priority: "P0" | "P1" | "P2" | "P3"; dependencies: string[]; validationCriteria: string[]; }[]; } | undefined'.
src/test/utils/quality-control-integration.ts(382,69): error TS2339: Property 'atomicTasks' does not exist on type '{ atomicTasks: { id: string; name: string; estimatedTime: number; priority: "P0" | "P1" | "P2" | "P3"; dependencies: string[]; validationCriteria: string[]; }[]; } | undefined'.
src/test/utils/quality-control-integration.ts(426,46): error TS2339: Property 'recommendations' does not exist on type 'QualityControlPhase'.
src/test/utils/test-utils.ts(40,69): error TS2769: No overload matches this call.
  The last overload gave the following error.
    Argument of type '{ queryClient: QueryClient; }' is not assignable to parameter of type 'Attributes & { children: ReactNode; queryClient?: QueryClient | undefined; }'.
      Property 'children' is missing in type '{ queryClient: QueryClient; }' but required in type '{ children: ReactNode; queryClient?: QueryClient | undefined; }'.
