$ bunx tsc --noEmit
src/hooks/useAIChat.ts(14,5): error TS2353: Object literal may only specify known properties, and 'api' does not exist in type 'UseChatOptions<UIMessage<unknown, UIDataTypes, UITools>>'.
src/lib/ai/tools/accounts.ts(13,7): error TS2769: No overload matches this call.
  The last overload gave the following error.
    Type '({ includeInactive }: { includeInactive: any; }) => Promise<{ accounts: Partial<{ id: any; institution_name: any; account_type: any; balance: any; available_balance: any; currency: any; is_active: any; is_primary: any; last_sync: any; }>[]; totalBalance: number; count: number; }>' is not assignable to type 'undefined'.
src/lib/ai/tools/accounts.ts(13,25): error TS7031: Binding element 'includeInactive' implicitly has an 'any' type.
src/lib/ai/tools/accounts.ts(45,7): error TS2769: No overload matches this call.
  The last overload gave the following error.
    Type '({ accountId }: { accountId: any; }) => Promise<Partial<{ id: any; institution_name: any; balance: any; available_balance: any; currency: any; last_sync: any; }> | { totalBalance: number; totalAvailable: number; currency: string; accountCount: number; }>' is not assignable to type 'undefined'.
src/lib/ai/tools/accounts.ts(45,25): error TS7031: Binding element 'accountId' implicitly has an 'any' type.
src/lib/ai/tools/categories.ts(12,7): error TS2769: No overload matches this call.
  The last overload gave the following error.
    Type '({ includeSystem }: { includeSystem: any; }) => Promise<{ categories: { id: any; name: any; color: any; icon: any; is_system: any; parent_id: any; }[]; count: number; }>' is not assignable to type 'undefined'.
src/lib/ai/tools/categories.ts(12,25): error TS7031: Binding element 'includeSystem' implicitly has an 'any' type.
src/lib/ai/tools/categories.ts(45,7): error TS2769: No overload matches this call.
  The last overload gave the following error.
    Type '({ name, color, icon }: { name: any; color: any; icon: any; }) => Promise<{ success: boolean; category: any; }>' is not assignable to type 'undefined'.
src/lib/ai/tools/categories.ts(45,25): error TS7031: Binding element 'name' implicitly has an 'any' type.
src/lib/ai/tools/categories.ts(45,31): error TS7031: Binding element 'color' implicitly has an 'any' type.
src/lib/ai/tools/categories.ts(45,38): error TS7031: Binding element 'icon' implicitly has an 'any' type.
src/lib/ai/tools/enhanced/contacts.ts(405,13): error TS2322: Type '{ success: boolean; transfer: Partial<PixTransfer>; message: string; endToEndId: string; estimatedCompletion: string; } | AsyncIterable<{ success: boolean; transfer: Partial<PixTransfer>; message: string; endToEndId: string; estimatedCompletion: string; }>' is not assignable to type '{ success: boolean; transfer: Record<string, unknown>; message: string; endToEndId?: string | undefined; estimatedCompletion?: string | undefined; }'.
  Type 'AsyncIterable<{ success: boolean; transfer: Partial<PixTransfer>; message: string; endToEndId: string; estimatedCompletion: string; }>' is missing the following properties from type '{ success: boolean; transfer: Record<string, unknown>; message: string; endToEndId?: string | undefined; estimatedCompletion?: string | undefined; }': success, transfer, message
src/lib/ai/tools/enhanced/contacts.ts(405,36): error TS2722: Cannot invoke an object which is possibly 'undefined'.
src/lib/ai/tools/enhanced/contacts.ts(405,61): error TS2554: Expected 2 arguments, but got 1.
src/lib/ai/tools/enhanced/multimodal.ts(179,56): error TS2345: Argument of type 'string' is not assignable to parameter of type 'SupabaseClient<unknown, { PostgrestVersion: string; }, never, never, { PostgrestVersion: string; }>'.
src/lib/ai/tools/enhanced/multimodal.ts(182,15): error TS7034: Variable 'scheduledPayments' implicitly has type 'any[]' in some locations where its type cannot be determined.
src/lib/ai/tools/enhanced/multimodal.ts(184,62): error TS2345: Argument of type 'string' is not assignable to parameter of type 'SupabaseClient<unknown, { PostgrestVersion: string; }, never, never, { PostgrestVersion: string; }>'.
src/lib/ai/tools/enhanced/multimodal.ts(194,32): error TS2339: Property 'chart' does not exist on type '{}'.
src/lib/ai/tools/enhanced/multimodal.ts(194,61): error TS2345: Argument of type 'GroupedPaymentsData' is not assignable to parameter of type 'unknown[]'.
  Type 'GroupedPaymentsData' is missing the following properties from type 'unknown[]': length, pop, push, concat, and 35 more.
src/lib/ai/tools/enhanced/multimodal.ts(198,32): error TS2339: Property 'table' does not exist on type '{}'.
src/lib/ai/tools/enhanced/multimodal.ts(198,61): error TS2345: Argument of type 'GroupedPaymentsData' is not assignable to parameter of type 'unknown[]'.
  Type 'GroupedPaymentsData' is missing the following properties from type 'unknown[]': length, pop, push, concat, and 35 more.
src/lib/ai/tools/enhanced/multimodal.ts(202,32): error TS2339: Property 'timeline' does not exist on type '{}'.
src/lib/ai/tools/enhanced/multimodal.ts(206,71): error TS7005: Variable 'scheduledPayments' implicitly has an 'any[]' type.
src/lib/ai/tools/enhanced/multimodal.ts(207,52): error TS2345: Argument of type 'GroupedPaymentsData' is not assignable to parameter of type 'unknown[]'.
  Type 'GroupedPaymentsData' is missing the following properties from type 'unknown[]': length, pop, push, concat, and 35 more.
src/lib/ai/tools/enhanced/multimodal.ts(215,13): error TS7005: Variable 'scheduledPayments' implicitly has an 'any[]' type.
src/lib/ai/tools/enhanced/multimodal.ts(224,55): error TS2345: Argument of type '{ period: "this_month" | "last_month" | "last_3_months" | "last_year"; dateRange: { start: string; end: string; }; statistics: unknown; groupedData: GroupedPaymentsData; scheduledPayments: any[]; visualElements: {}; insights: string[]; generatedAt: string; }' is not assignable to parameter of type 'string'.
src/lib/ai/tools/enhanced/multimodal.ts(293,56): error TS2345: Argument of type 'string' is not assignable to parameter of type 'SupabaseClient<unknown, { PostgrestVersion: string; }, never, never, { PostgrestVersion: string; }>'.
src/lib/ai/tools/enhanced/multimodal.ts(312,13): error TS2554: Expected 1 arguments, but got 2.
src/lib/ai/tools/enhanced/multimodal.ts(320,15): error TS2322: Type 'unknown' is not assignable to type '{}'.
src/lib/ai/tools/enhanced/multimodal.ts(320,55): error TS2345: Argument of type '{ byCategory?: unknown; }' is not assignable to parameter of type 'unknown[]'.
  Type '{ byCategory?: unknown; }' is missing the following properties from type 'unknown[]': length, pop, push, concat, and 35 more.
src/lib/ai/tools/enhanced/multimodal.ts(323,15): error TS2322: Type 'unknown' is not assignable to type '{}'.
src/lib/ai/tools/enhanced/multimodal.ts(323,59): error TS2345: Argument of type '{ byCategory?: unknown; }' is not assignable to parameter of type 'unknown[]'.
  Type '{ byCategory?: unknown; }' is missing the following properties from type 'unknown[]': length, pop, push, concat, and 35 more.
src/lib/ai/tools/enhanced/multimodal.ts(326,15): error TS2322: Type 'unknown' is not assignable to type '{}'.
src/lib/ai/tools/enhanced/multimodal.ts(326,55): error TS2345: Argument of type '{ byCategory?: unknown; }' is not assignable to parameter of type 'unknown[]'.
  Type '{ byCategory?: unknown; }' is missing the following properties from type 'unknown[]': length, pop, push, concat, and 35 more.
src/lib/ai/tools/enhanced/multimodal.ts(329,15): error TS2322: Type 'unknown' is not assignable to type '{}'.
src/lib/ai/tools/enhanced/multimodal.ts(329,56): error TS2345: Argument of type '{ byCategory?: unknown; }' is not assignable to parameter of type 'unknown[]'.
  Type '{ byCategory?: unknown; }' is missing the following properties from type 'unknown[]': length, pop, push, concat, and 35 more.
src/lib/ai/tools/enhanced/multimodal.ts(332,15): error TS2322: Type 'unknown' is not assignable to type '{}'.
src/lib/ai/tools/enhanced/multimodal.ts(332,54): error TS2345: Argument of type '{ byCategory?: unknown; }' is not assignable to parameter of type 'unknown[]'.
  Type '{ byCategory?: unknown; }' is missing the following properties from type 'unknown[]': length, pop, push, concat, and 35 more.
src/lib/ai/tools/enhanced/multimodal.ts(439,64): error TS2345: Argument of type 'string' is not assignable to parameter of type 'SupabaseClient<unknown, { PostgrestVersion: string; }, never, never, { PostgrestVersion: string; }>'.
src/lib/ai/tools/enhanced/multimodal.ts(442,15): error TS7034: Variable 'insights' implicitly has type 'any[]' in some locations where its type cannot be determined.
src/lib/ai/tools/enhanced/multimodal.ts(448,15): error TS7034: Variable 'charts' implicitly has type 'any[]' in some locations where its type cannot be determined.
src/lib/ai/tools/enhanced/multimodal.ts(450,73): error TS2345: Argument of type '{ primary?: string | undefined; secondary?: string | undefined; } | undefined' is not assignable to parameter of type 'string[]'.
  Type 'undefined' is not assignable to type 'string[]'.
src/lib/ai/tools/enhanced/multimodal.ts(457,44): error TS18046: 'reportData' is of type 'unknown'.
src/lib/ai/tools/enhanced/multimodal.ts(463,79): error TS2554: Expected 2 arguments, but got 3.
src/lib/ai/tools/enhanced/multimodal.ts(464,13): error TS7005: Variable 'insights' implicitly has an 'any[]' type.
src/lib/ai/tools/enhanced/multimodal.ts(465,13): error TS7005: Variable 'charts' implicitly has an 'any[]' type.
src/lib/ai/tools/transactions.ts(30,7): error TS2769: No overload matches this call.
  The last overload gave the following error.
    Type '({ startDate, endDate, categoryId, accountId, minAmount, maxAmount, searchTerm, limit, offset, }: { startDate: any; endDate: any; categoryId: any; accountId: any; minAmount: any; maxAmount: any; searchTerm: any; limit: any; offset: any; }) => Promise<{ transactions: Partial<{ id: any; amount: any; description: any; ...' is not assignable to type 'undefined'.
src/lib/ai/tools/transactions.ts(31,9): error TS7031: Binding element 'startDate' implicitly has an 'any' type.
src/lib/ai/tools/transactions.ts(32,9): error TS7031: Binding element 'endDate' implicitly has an 'any' type.
src/lib/ai/tools/transactions.ts(33,9): error TS7031: Binding element 'categoryId' implicitly has an 'any' type.
src/lib/ai/tools/transactions.ts(34,9): error TS7031: Binding element 'accountId' implicitly has an 'any' type.
src/lib/ai/tools/transactions.ts(35,9): error TS7031: Binding element 'minAmount' implicitly has an 'any' type.
src/lib/ai/tools/transactions.ts(36,9): error TS7031: Binding element 'maxAmount' implicitly has an 'any' type.
src/lib/ai/tools/transactions.ts(37,9): error TS7031: Binding element 'searchTerm' implicitly has an 'any' type.
src/lib/ai/tools/transactions.ts(38,9): error TS7031: Binding element 'limit' implicitly has an 'any' type.
src/lib/ai/tools/transactions.ts(39,9): error TS7031: Binding element 'offset' implicitly has an 'any' type.
src/lib/ai/tools/transactions.ts(83,7): error TS2769: No overload matches this call.
  The last overload gave the following error.
    Type '({ transactionId }: { transactionId: any; }) => Promise<Partial<any>>' is not assignable to type 'undefined'.
src/lib/ai/tools/transactions.ts(83,25): error TS7031: Binding element 'transactionId' implicitly has an 'any' type.
src/lib/ai/tools/transactions.ts(117,7): error TS2769: No overload matches this call.
  The last overload gave the following error.
    Type '({ amount, description, categoryId, accountId, transactionDate, merchantName, }: { amount: any; description: any; categoryId: any; accountId: any; transactionDate: any; merchantName: any; }) => Promise<{ success: boolean; transaction: Partial<any>; }>' is not assignable to type 'undefined'.
src/lib/ai/tools/transactions.ts(118,9): error TS7031: Binding element 'amount' implicitly has an 'any' type.
src/lib/ai/tools/transactions.ts(119,9): error TS7031: Binding element 'description' implicitly has an 'any' type.
src/lib/ai/tools/transactions.ts(120,9): error TS7031: Binding element 'categoryId' implicitly has an 'any' type.
src/lib/ai/tools/transactions.ts(121,9): error TS7031: Binding element 'accountId' implicitly has an 'any' type.
src/lib/ai/tools/transactions.ts(122,9): error TS7031: Binding element 'transactionDate' implicitly has an 'any' type.
src/lib/ai/tools/transactions.ts(123,9): error TS7031: Binding element 'merchantName' implicitly has an 'any' type.
src/lib/ai/tools/transactions.ts(156,7): error TS2769: No overload matches this call.
  The last overload gave the following error.
    Type '({ transactionId, ...updates }: { [x: string]: any; transactionId: any; }) => Promise<{ success: boolean; transaction: Partial<any>; }>' is not assignable to type 'undefined'.
src/lib/ai/tools/transactions.ts(156,25): error TS7031: Binding element 'transactionId' implicitly has an 'any' type.
src/lib/ai/tools/transactions.ts(188,7): error TS2769: No overload matches this call.
  The last overload gave the following error.
    Type '({ transactionId }: { transactionId: any; }) => Promise<{ requiresConfirmation: boolean; confirmationToken: `${string}-${string}-${string}-${string}-${string}`; expiresIn: number; summary: { id: any; description: any; amount: any; date: any; }; message: string; }>' is not assignable to type 'undefined'.
src/lib/ai/tools/transactions.ts(188,25): error TS7031: Binding element 'transactionId' implicitly has an 'any' type.
src/lib/ai/tools/transactions.ts(232,7): error TS2769: No overload matches this call.
  The last overload gave the following error.
    Type '({ transactionId, confirmationToken }: { transactionId: any; confirmationToken: any; }) => Promise<{ success: boolean; message: string; }>' is not assignable to type 'undefined'.
src/lib/ai/tools/transactions.ts(232,25): error TS7031: Binding element 'transactionId' implicitly has an 'any' type.
src/lib/ai/tools/transactions.ts(232,40): error TS7031: Binding element 'confirmationToken' implicitly has an 'any' type.
src/lib/ai/tools/transactions.ts(271,7): error TS2769: No overload matches this call.
  The last overload gave the following error.
    Type '({ startDate, endDate }: { startDate: any; endDate: any; }) => Promise<{ period: { startDate: any; endDate: any; }; grandTotal: number; categories: { categoryId: string; categoryName: string; color: string; total: number; count: number; }[]; }>' is not assignable to type 'undefined'.
src/lib/ai/tools/transactions.ts(271,25): error TS7031: Binding element 'startDate' implicitly has an 'any' type.
src/lib/ai/tools/transactions.ts(271,36): error TS7031: Binding element 'endDate' implicitly has an 'any' type.
src/lib/ai/tools/transactions.ts(288,42): error TS2339: Property 'name' does not exist on type '{ id: any; name: any; color: any; }[]'.
src/lib/ai/tools/transactions.ts(289,40): error TS2339: Property 'id' does not exist on type '{ id: any; name: any; color: any; }[]'.
src/lib/ai/tools/transactions.ts(295,37): error TS2339: Property 'color' does not exist on type '{ id: any; name: any; color: any; }[]'.
src/server/routes/v1/ai-chat.ts(18,49): error TS2769: No overload matches this call.
  Overload 1 of 2, '(def: "openai" | "anthropic"): ZodDefault<ZodOptional<ZodEnum<{ openai: "openai"; anthropic: "anthropic"; }>>>', gave the following error.
    Argument of type '"google"' is not assignable to parameter of type '"openai" | "anthropic"'.
  Overload 2 of 2, '(def: () => "openai" | "anthropic"): ZodDefault<ZodOptional<ZodEnum<{ openai: "openai"; anthropic: "anthropic"; }>>>', gave the following error.
    Argument of type 'string' is not assignable to parameter of type '() => "openai" | "anthropic"'.
src/server/routes/v1/ai-chat.ts(71,7): error TS2353: Object literal may only specify known properties, and 'maxSteps' does not exist in type 'CallSettings & { system?: string | undefined; } & { messages: ModelMessage[]; prompt?: undefined; } & { model: LanguageModel; tools?: { listCategories: Tool<...>; ... 9 more ...; getSpendingSummary: Tool<...>; } | undefined; ... 18 more ...; _internal?: { ...; } | undefined; }'.
src/test/globalSetup.ts(9,5): error TS2578: Unused '@ts-expect-error' directive.
src/test/globalSetup.ts(15,5): error TS2578: Unused '@ts-expect-error' directive.
src/test/healthcare-global-setup.ts(1,10): error TS2305: Module '"vitest/node"' has no exported member 'setup'.
src/test/healthcare/brazilian-financial-compliance.test.ts(221,23): error TS2345: Argument of type '{ recommendations: string[]; riskFactors: string[]; riskLevel: string; }' is not assignable to parameter of type 'SetStateAction<{ recommendations: never[]; riskFactors: never[]; riskLevel: string; }>'.
  Type '{ recommendations: string[]; riskFactors: string[]; riskLevel: string; }' is not assignable to type '{ recommendations: never[]; riskFactors: never[]; riskLevel: string; }'.
    Types of property 'recommendations' are incompatible.
      Type 'string[]' is not assignable to type 'never[]'.
        Type 'string' is not assignable to type 'never'.
src/test/healthcare/brazilian-financial-compliance.test.ts(320,82): error TS2339: Property 'value' does not exist on type 'EventTarget'.
src/test/healthcare/brazilian-financial-compliance.test.ts(347,84): error TS2339: Property 'value' does not exist on type 'EventTarget'.
src/test/healthcare/brazilian-financial-compliance.test.ts(369,78): error TS2339: Property 'value' does not exist on type 'EventTarget'.
src/test/healthcare/healthcare-data-protection.test.ts(109,11): error TS2322: Type 'string' is not assignable to type 'null'.
src/test/healthcare/healthcare-data-protection.test.ts(150,11): error TS7053: Element implicitly has an 'any' type because expression of type 'string' can't be used to index type '{ allergies: string; appointmentDate: string; doctorNotes: string; healthCondition: string; medicalHistory: string; medication: string; patientId: string; patientName: string; }'.
  No index signature with a parameter of type 'string' was found on type '{ allergies: string; appointmentDate: string; doctorNotes: string; healthCondition: string; medicalHistory: string; medication: string; patientId: string; patientName: string; }'.
src/test/healthcare/healthcare-data-protection.test.ts(153,15): error TS7053: Element implicitly has an 'any' type because expression of type 'string' can't be used to index type '{ allergies: string; appointmentDate: string; doctorNotes: string; healthCondition: string; medicalHistory: string; medication: string; patientId: string; patientName: string; }'.
  No index signature with a parameter of type 'string' was found on type '{ allergies: string; appointmentDate: string; doctorNotes: string; healthCondition: string; medicalHistory: string; medication: string; patientId: string; patientName: string; }'.
src/test/healthcare/healthcare-data-protection.test.ts(373,85): error TS2339: Property 'value' does not exist on type 'EventTarget'.
src/test/healthcare/healthcare-data-protection.test.ts(403,81): error TS2339: Property 'value' does not exist on type 'EventTarget'.
src/test/healthcare/lgpd-compliance.test.tsx(232,25): error TS2339: Property 'toBeLGPDCompliant' does not exist on type 'Assertion<string>'.
src/test/healthcare/lgpd-compliance.test.tsx(234,29): error TS2339: Property 'toBeLGPDCompliant' does not exist on type 'Assertion<string>'.
src/test/healthcare/supabase-rls.test.ts(18,11): error TS2322: Type 'string | undefined' is not assignable to type 'string'.
  Type 'undefined' is not assignable to type 'string'.
src/test/healthcare/supabase-rls.test.ts(118,21): error TS2345: Argument of type 'string' is not assignable to parameter of type '("id" extends keyof (Omit<Database, "__InternalSupabase">[SchemaNameOrClientOptions extends string & Exclude<keyof Database, "__InternalSupabase"> ? SchemaNameOrClientOptions : "public" extends Exclude<...> ? "public" : string & Exclude<...>] extends GenericSchema ? Omit<...>[SchemaNameOrClientOptions extends string...'.
src/test/healthcare/supabase-rls.test.ts(134,12): error TS2769: No overload matches this call.
  Overload 1 of 2, '(values: (Omit<Database, "__InternalSupabase">[SchemaNameOrClientOptions extends string & Exclude<keyof Database, "__InternalSupabase"> ? SchemaNameOrClientOptions : "public" extends Exclude<...> ? "public" : string & Exclude<...>] extends GenericSchema ? Omit<...>[SchemaNameOrClientOptions extends string & Exclude<...> ? SchemaNameOrClientOptions : "public" extends Exclude<...> ? "public" : string & Exclude<...>] : never)["Tables"][string] extends { ...; } ? (Omit<...>[SchemaNameOrClientOptions extends string & Exclude<...> ? SchemaNameOrClientOptions : "public" extends Exclude<...> ? "public" : string & Exclude<...>] extends GenericSchema ? Omit<...>[SchemaNameOrClientOptions extends string & Exclude<...> ? SchemaNameOrClientOptions : "public" extends Exclude<...> ? "public" : string & Exclude<...>] : never)["Tables"][string]["Insert"] : never, options?: { ...; } | undefined): PostgrestFilterBuilder<...>', gave the following error.
    Argument of type '{ test_field: string; }' is not assignable to parameter of type '(Omit<Database, "__InternalSupabase">[SchemaNameOrClientOptions extends string & Exclude<keyof Database, "__InternalSupabase"> ? SchemaNameOrClientOptions : "public" extends Exclude<...> ? "public" : string & Exclude<...>] extends GenericSchema ? Omit<...>[SchemaNameOrClientOptions extends string & Exclude<...> ? Sc...'.
  Overload 2 of 2, '(values: ((Omit<Database, "__InternalSupabase">[SchemaNameOrClientOptions extends string & Exclude<keyof Database, "__InternalSupabase"> ? SchemaNameOrClientOptions : "public" extends Exclude<...> ? "public" : string & Exclude<...>] extends GenericSchema ? Omit<...>[SchemaNameOrClientOptions extends string & Exclude<...> ? SchemaNameOrClientOptions : "public" extends Exclude<...> ? "public" : string & Exclude<...>] : never)["Tables"][string] extends { ...; } ? (Omit<...>[SchemaNameOrClientOptions extends string & Exclude<...> ? SchemaNameOrClientOptions : "public" extends Exclude<...> ? "public" : string & Exclude<...>] extends GenericSchema ? Omit<...>[SchemaNameOrClientOptions extends string & Exclude<...> ? SchemaNameOrClientOptions : "public" extends Exclude<...> ? "public" : string & Exclude<...>] : never)["Tables"][string]["Insert"] : never)[], options?: { ...; } | undefined): PostgrestFilterBuilder<...>', gave the following error.
    Object literal may only specify known properties, and 'test_field' does not exist in type '((Omit<Database, "__InternalSupabase">[SchemaNameOrClientOptions extends string & Exclude<keyof Database, "__InternalSupabase"> ? SchemaNameOrClientOptions : "public" extends Exclude<...> ? "public" : string & Exclude<...>] extends GenericSchema ? Omit<...>[SchemaNameOrClientOptions extends string & Exclude<...> ? S...'.
src/test/healthcare/supabase-rls.test.ts(151,19): error TS2345: Argument of type '{ test_field: string; }' is not assignable to parameter of type '(Omit<Database, "__InternalSupabase">[SchemaNameOrClientOptions extends string & Exclude<keyof Database, "__InternalSupabase"> ? SchemaNameOrClientOptions : "public" extends Exclude<...> ? "public" : string & Exclude<...>] extends GenericSchema ? Omit<...>[SchemaNameOrClientOptions extends string & Exclude<...> ? Sc...'.
src/test/healthcare/supabase-rls.test.ts(152,21): error TS2345: Argument of type 'string' is not assignable to parameter of type '("id" extends keyof (Omit<Database, "__InternalSupabase">[SchemaNameOrClientOptions extends string & Exclude<keyof Database, "__InternalSupabase"> ? SchemaNameOrClientOptions : "public" extends Exclude<...> ? "public" : string & Exclude<...>] extends GenericSchema ? Omit<...>[SchemaNameOrClientOptions extends string...'.
src/test/healthcare/supabase-rls.test.ts(167,85): error TS2345: Argument of type 'string' is not assignable to parameter of type '("id" extends keyof (Omit<Database, "__InternalSupabase">[SchemaNameOrClientOptions extends string & Exclude<keyof Database, "__InternalSupabase"> ? SchemaNameOrClientOptions : "public" extends Exclude<...> ? "public" : string & Exclude<...>] extends GenericSchema ? Omit<...>[SchemaNameOrClientOptions extends string...'.
src/test/healthcare/supabase-rls.test.ts(443,19): error TS2345: Argument of type 'string' is not assignable to parameter of type '("id" extends keyof (Omit<Database, "__InternalSupabase">[SchemaNameOrClientOptions extends string & Exclude<keyof Database, "__InternalSupabase"> ? SchemaNameOrClientOptions : "public" extends Exclude<...> ? "public" : string & Exclude<...>] extends GenericSchema ? Omit<...>[SchemaNameOrClientOptions extends string...'.
src/test/healthcare/supabase-rls.test.ts(466,19): error TS2345: Argument of type 'string' is not assignable to parameter of type '("id" extends keyof (Omit<Database, "__InternalSupabase">[SchemaNameOrClientOptions extends string & Exclude<keyof Database, "__InternalSupabase"> ? SchemaNameOrClientOptions : "public" extends Exclude<...> ? "public" : string & Exclude<...>] extends GenericSchema ? Omit<...>[SchemaNameOrClientOptions extends string...'.
src/test/healthcare/voice-interface.test.ts(227,25): error TS2349: This expression is not callable.
  Type 'never' has no call signatures.
src/test/healthcare/voice-interface.test.ts(285,34): error TS2349: This expression is not callable.
  Type 'never' has no call signatures.
src/test/healthcare/voice-interface.test.ts(368,26): error TS2349: This expression is not callable.
  Type 'never' has no call signatures.
src/test/healthcare/voice-interface.test.ts(412,26): error TS2349: This expression is not callable.
  Type 'never' has no call signatures.
src/test/integration/bank-accounts.test.ts(134,60): error TS2769: No overload matches this call.
  Overload 1 of 2, '(values: { account_holder_name?: string | null | undefined; account_mask: string; account_number?: string | null | undefined; account_type: string; available_balance?: number | null | undefined; ... 13 more ...; user_id: string; }, options?: { ...; } | undefined): PostgrestFilterBuilder<...>', gave the following error.
    Argument of type '{ belvo_account_id: string; institution_name: string; institution_id: string; account_mask: string; user_id: string; }' is not assignable to parameter of type '{ account_holder_name?: string | null | undefined; account_mask: string; account_number?: string | null | undefined; account_type: string; available_balance?: number | null | undefined; ... 13 more ...; user_id: string; }'.
      Property 'account_type' is missing in type '{ belvo_account_id: string; institution_name: string; institution_id: string; account_mask: string; user_id: string; }' but required in type '{ account_holder_name?: string | null | undefined; account_mask: string; account_number?: string | null | undefined; account_type: string; available_balance?: number | null | undefined; ... 13 more ...; user_id: string; }'.
  Overload 2 of 2, '(values: { account_holder_name?: string | null | undefined; account_mask: string; account_number?: string | null | undefined; account_type: string; available_balance?: number | null | undefined; ... 13 more ...; user_id: string; }[], options?: { ...; } | undefined): PostgrestFilterBuilder<...>', gave the following error.
    Object literal may only specify known properties, and 'belvo_account_id' does not exist in type '{ account_holder_name?: string | null | undefined; account_mask: string; account_number?: string | null | undefined; account_type: string; available_balance?: number | null | undefined; ... 13 more ...; user_id: string; }[]'.
src/test/integration/compliance.test.ts(350,10): error TS2769: No overload matches this call.
  Overload 1 of 2, '(values: { action: string; context?: Json | undefined; created_at?: string | null | undefined; event_type: string; geo_location?: Json | undefined; id?: string | undefined; ip_address?: unknown; ... 11 more ...; user_id?: string | ... 1 more ... | undefined; }, options?: { ...; } | undefined): PostgrestFilterBuilder<...>', gave the following error.
    Object literal may only specify known properties, and 'description' does not exist in type '{ action: string; context?: Json | undefined; created_at?: string | null | undefined; event_type: string; geo_location?: Json | undefined; id?: string | undefined; ip_address?: unknown; ... 11 more ...; user_id?: string | ... 1 more ... | undefined; }'.
  Overload 2 of 2, '(values: { action: string; context?: Json | undefined; created_at?: string | null | undefined; event_type: string; geo_location?: Json | undefined; id?: string | undefined; ip_address?: unknown; ... 11 more ...; user_id?: string | ... 1 more ... | undefined; }[], options?: { ...; } | undefined): PostgrestFilterBuilder<...>', gave the following error.
    Object literal may only specify known properties, and 'user_id' does not exist in type '{ action: string; context?: Json | undefined; created_at?: string | null | undefined; event_type: string; geo_location?: Json | undefined; id?: string | undefined; ip_address?: unknown; ... 11 more ...; user_id?: string | ... 1 more ... | undefined; }[]'.
src/test/integration/compliance.test.ts(364,19): error TS2339: Property 'description' does not exist on type '{ action: string; context: Json; created_at: string | null; event_type: string; geo_location: Json; id: string; ip_address: unknown; new_value: Json; old_value: Json; request_id: string | null; ... 8 more ...; user_id: string | null; }'.
src/test/integration/compliance.test.ts(369,59): error TS2769: No overload matches this call.
  Overload 1 of 2, '(values: { action: string; context?: Json | undefined; created_at?: string | null | undefined; event_type: string; geo_location?: Json | undefined; id?: string | undefined; ip_address?: unknown; ... 11 more ...; user_id?: string | ... 1 more ... | undefined; }, options?: { ...; } | undefined): PostgrestFilterBuilder<...>', gave the following error.
    Argument of type '{ user_id: string; event_type: string; description: string; }[]' is not assignable to parameter of type '{ action: string; context?: Json | undefined; created_at?: string | null | undefined; event_type: string; geo_location?: Json | undefined; id?: string | undefined; ip_address?: unknown; ... 11 more ...; user_id?: string | ... 1 more ... | undefined; }'.
      Type '{ user_id: string; event_type: string; description: string; }[]' is missing the following properties from type '{ action: string; context?: Json | undefined; created_at?: string | null | undefined; event_type: string; geo_location?: Json | undefined; id?: string | undefined; ip_address?: unknown; ... 11 more ...; user_id?: string | ... 1 more ... | undefined; }': action, event_type
src/test/integration/financial-events.test.ts(208,7): error TS2322: Type 'Date' is not assignable to type 'string'.
src/test/mocks/handlers.ts(135,15): error TS2554: Expected 2-3 arguments, but got 1.
src/test/mocks/handlers.ts(321,7): error TS2698: Spread types may only be created from object types.
src/test/mocks/handlers.ts(409,7): error TS2698: Spread types may only be created from object types.
src/test/mocks/handlers.ts(421,7): error TS2698: Spread types may only be created from object types.
src/test/mocks/supabase-mock.ts(114,7): error TS2322: Type '"user_profiles"' is not assignable to type '"users" | "bank_connections" | "scheduled_payments" | "financial_categories" | "financial_events" | "chat_conversations" | "contacts" | "event_types" | "payment_rules" | ... 57 more ... | "voice_transcriptions"'.
src/test/mocks/supabase-mock.ts(119,7): error TS2322: Type '"calendar_events"' is not assignable to type '"users" | "bank_connections" | "scheduled_payments" | "financial_categories" | "financial_events" | "chat_conversations" | "contacts" | "event_types" | "payment_rules" | ... 57 more ... | "voice_transcriptions"'.
src/test/mocks/supabase-mock.ts(121,7): error TS2820: Type '"chat_sessions"' is not assignable to type '"users" | "bank_connections" | "scheduled_payments" | "financial_categories" | "financial_events" | "chat_conversations" | "contacts" | "event_types" | "payment_rules" | ... 57 more ... | "voice_transcriptions"'. Did you mean '"auth_sessions"'?
src/test/mocks/supabase-mock.ts(123,7): error TS2820: Type '"nlu_training_data"' is not assignable to type '"users" | "bank_connections" | "scheduled_payments" | "financial_categories" | "financial_events" | "chat_conversations" | "contacts" | "event_types" | "payment_rules" | ... 57 more ... | "voice_transcriptions"'. Did you mean '"nlu_learning_data"'?
src/test/mocks/supabase-mock.ts(124,7): error TS2322: Type '"nlu_intent_patterns"' is not assignable to type '"users" | "bank_connections" | "scheduled_payments" | "financial_categories" | "financial_events" | "chat_conversations" | "contacts" | "event_types" | "payment_rules" | ... 57 more ... | "voice_transcriptions"'.
src/test/mocks/supabase-mock.ts(125,7): error TS2322: Type '"security_logs"' is not assignable to type '"users" | "bank_connections" | "scheduled_payments" | "financial_categories" | "financial_events" | "chat_conversations" | "contacts" | "event_types" | "payment_rules" | ... 57 more ... | "voice_transcriptions"'.
src/test/mocks/supabase-mock.ts(126,7): error TS2322: Type '"device_fingerprints"' is not assignable to type '"users" | "bank_connections" | "scheduled_payments" | "financial_categories" | "financial_events" | "chat_conversations" | "contacts" | "event_types" | "payment_rules" | ... 57 more ... | "voice_transcriptions"'.
src/test/mocks/supabase-mock.ts(127,7): error TS2322: Type '"ip_reputations"' is not assignable to type '"users" | "bank_connections" | "scheduled_payments" | "financial_categories" | "financial_events" | "chat_conversations" | "contacts" | "event_types" | "payment_rules" | ... 57 more ... | "voice_transcriptions"'.
src/test/mocks/supabase-mock.ts(128,7): error TS2322: Type '"failed_logins"' is not assignable to type '"users" | "bank_connections" | "scheduled_payments" | "financial_categories" | "financial_events" | "chat_conversations" | "contacts" | "event_types" | "payment_rules" | ... 57 more ... | "voice_transcriptions"'.
src/test/mocks/supabase-mock.ts(144,18): error TS2339: Property 'id' does not exist on type '{ action_suggested?: string | null | undefined; action_url?: string | null | undefined; amount?: number | null | undefined; category?: string | null | undefined; comparison_period?: string | ... 1 more ... | undefined; ... 17 more ...; user_id: string; } | ... 65 more ... | { ...; }'.
  Property 'id' does not exist on type '{ auto_sync_interval_minutes?: number | null | undefined; channel_expiry_at?: string | null | undefined; created_at?: string | null | undefined; google_channel_id?: string | null | undefined; ... 9 more ...; webhook_secret?: string | ... 1 more ... | undefined; }'.
src/test/mocks/supabase-mock.ts(145,26): error TS2339: Property 'created_at' does not exist on type '{ action_suggested?: string | null | undefined; action_url?: string | null | undefined; amount?: number | null | undefined; category?: string | null | undefined; comparison_period?: string | ... 1 more ... | undefined; ... 17 more ...; user_id: string; } | ... 65 more ... | { ...; }'.
  Property 'created_at' does not exist on type '{ action: string; audio_id: string; id?: string | undefined; metadata?: Json | undefined; timestamp?: string | null | undefined; user_id: string; }'.
src/test/mocks/supabase-mock.ts(146,26): error TS2339: Property 'updated_at' does not exist on type '{ action_suggested?: string | null | undefined; action_url?: string | null | undefined; amount?: number | null | undefined; category?: string | null | undefined; comparison_period?: string | ... 1 more ... | undefined; ... 17 more ...; user_id: string; } | ... 65 more ... | { ...; }'.
  Property 'updated_at' does not exist on type '{ action: string; created_at?: string | null | undefined; details?: Json | undefined; error_message?: string | null | undefined; id?: string | undefined; ip_address?: unknown; new_values?: Json | undefined; ... 6 more ...; user_id?: string | ... 1 more ... | undefined; }'.
src/test/mocks/supabase-mock.ts(207,17): error TS2345: Argument of type '"user_profiles"' is not assignable to parameter of type '"users" | "bank_connections" | "scheduled_payments" | "financial_categories" | "financial_events" | "chat_conversations" | "contacts" | "event_types" | "payment_rules" | ... 57 more ... | "voice_transcriptions"'.
src/test/mocks/supabase-mock.ts(210,36): error TS7006: Parameter 'account' implicitly has an 'any' type.
src/test/mocks/supabase-mock.ts(215,31): error TS7006: Parameter 'pixKey' implicitly has an 'any' type.
src/test/mocks/supabase-mock.ts(220,36): error TS7006: Parameter 'transaction' implicitly has an 'any' type.
src/test/mocks/supabase-mock.ts(225,39): error TS7006: Parameter 'event' implicitly has an 'any' type.
src/test/mocks/supabase-mock.ts(494,25): error TS2345: Argument of type '"user_profiles"' is not assignable to parameter of type '"users" | "bank_connections" | "scheduled_payments" | "financial_categories" | "financial_events" | "chat_conversations" | "contacts" | "event_types" | "payment_rules" | ... 57 more ... | "voice_transcriptions"'.
src/test/mocks/supabase-mock.ts(495,42): error TS2345: Argument of type '{ id: `${string}-${string}-${string}-${string}-${string}`; user_id: string; bank_name: string; bank_code: string; account_type: string; account_number: string; balance: number; currency: string; status: string; is_primary: boolean; created_at: string; updated_at: string; }' is not assignable to parameter of type '{ account_holder_name?: string | null | undefined; account_mask: string; account_number?: string | null | undefined; account_type: string; available_balance?: number | null | undefined; ... 13 more ...; user_id: string; }'.
  Type '{ id: `${string}-${string}-${string}-${string}-${string}`; user_id: string; bank_name: string; bank_code: string; account_type: string; account_number: string; balance: number; currency: string; status: string; is_primary: boolean; created_at: string; updated_at: string; }' is missing the following properties from type '{ account_holder_name?: string | null | undefined; account_mask: string; account_number?: string | null | undefined; account_type: string; available_balance?: number | null | undefined; ... 13 more ...; user_id: string; }': account_mask, belvo_account_id, institution_id, institution_name
src/test/mocks/supabase-mock.ts(531,25): error TS2345: Argument of type '"user_profiles"' is not assignable to parameter of type '"users" | "bank_connections" | "scheduled_payments" | "financial_categories" | "financial_events" | "chat_conversations" | "contacts" | "event_types" | "payment_rules" | ... 57 more ... | "voice_transcriptions"'.
src/test/mocks/supabase-mock.ts(532,42): error TS2345: Argument of type '{ id: `${string}-${string}-${string}-${string}-${string}`; user_id: string; bank_name: string; bank_code: string; account_type: string; account_number: string; balance: number; currency: string; status: string; is_primary: boolean; created_at: string; updated_at: string; }' is not assignable to parameter of type '{ account_holder_name?: string | null | undefined; account_mask: string; account_number?: string | null | undefined; account_type: string; available_balance?: number | null | undefined; ... 13 more ...; user_id: string; }'.
  Type '{ id: `${string}-${string}-${string}-${string}-${string}`; user_id: string; bank_name: string; bank_code: string; account_type: string; account_number: string; balance: number; currency: string; status: string; is_primary: boolean; created_at: string; updated_at: string; }' is missing the following properties from type '{ account_holder_name?: string | null | undefined; account_mask: string; account_number?: string | null | undefined; account_type: string; available_balance?: number | null | undefined; ... 13 more ...; user_id: string; }': account_mask, belvo_account_id, institution_id, institution_name
src/test/nlu/utterancesDataset.test.ts(129,28): error TS7053: Element implicitly has an 'any' type because expression of type 'string' can't be used to index type '{ check_balance: { count: number; utterances: { text: string; region: string; confidence: number; }[]; }; check_budget: { count: number; utterances: { text: string; region: string; confidence: number; }[]; }; pay_bill: { ...; }; check_income: { ...; }; financial_projection: { ...; }; transfer_money: { ...; }; }'.
  No index signature with a parameter of type 'string' was found on type '{ check_balance: { count: number; utterances: { text: string; region: string; confidence: number; }[]; }; check_budget: { count: number; utterances: { text: string; region: string; confidence: number; }[]; }; pay_bill: { ...; }; check_income: { ...; }; financial_projection: { ...; }; transfer_money: { ...; }; }'.
src/test/nlu/utterancesDataset.test.ts(130,39): error TS7006: Parameter 'u' implicitly has an 'any' type.
src/test/quality-control/component-export-problems.test.ts(130,40): error TS2339: Property 'default' does not exist on type 'typeof import("D:/Coders/aegiswallet/src/components/ui/button")'.
src/test/quality-control/lgpd-compliance-issues.test.ts(15,9): error TS2578: Unused '@ts-expect-error' directive.
src/test/quality-control/lgpd-compliance-issues.test.ts(29,9): error TS2578: Unused '@ts-expect-error' directive.
src/test/quality-control/lgpd-compliance-issues.test.ts(45,9): error TS2578: Unused '@ts-expect-error' directive.
src/test/quality-control/lgpd-compliance-issues.test.ts(65,9): error TS2578: Unused '@ts-expect-error' directive.
src/test/quality-control/lgpd-compliance-issues.test.ts(79,9): error TS2578: Unused '@ts-expect-error' directive.
src/test/quality-control/lgpd-compliance-issues.test.ts(94,9): error TS2578: Unused '@ts-expect-error' directive.
src/test/quality-control/lgpd-compliance-issues.test.ts(113,9): error TS2578: Unused '@ts-expect-error' directive.
src/test/quality-control/lgpd-compliance-issues.test.ts(134,9): error TS2578: Unused '@ts-expect-error' directive.
src/test/quality-control/lgpd-compliance-issues.test.ts(152,11): error TS2578: Unused '@ts-expect-error' directive.
src/test/quality-control/lgpd-compliance-issues.test.ts(169,9): error TS2578: Unused '@ts-expect-error' directive.
src/test/quality-control/lgpd-compliance-issues.test.ts(188,9): error TS2578: Unused '@ts-expect-error' directive.
src/test/quality-control/lgpd-compliance-issues.test.ts(201,9): error TS2578: Unused '@ts-expect-error' directive.
src/test/quality-control/lgpd-compliance-issues.test.ts(218,9): error TS2578: Unused '@ts-expect-error' directive.
src/test/security/voiceConfirmation.test.ts(21,30): error TS2341: Property 'calculateSimilarity' is private and only accessible within class 'VoiceRecognitionService'.
src/test/security/voiceConfirmation.test.ts(29,30): error TS2341: Property 'calculateSimilarity' is private and only accessible within class 'VoiceRecognitionService'.
src/test/security/voiceConfirmation.test.ts(37,30): error TS2341: Property 'calculateSimilarity' is private and only accessible within class 'VoiceRecognitionService'.
src/test/security/voiceConfirmation.test.ts(42,30): error TS2341: Property 'calculateSimilarity' is private and only accessible within class 'VoiceRecognitionService'.
src/test/security/voiceConfirmation.test.ts(47,30): error TS2341: Property 'calculateSimilarity' is private and only accessible within class 'VoiceRecognitionService'.
src/test/security/voiceConfirmation.test.ts(54,32): error TS2341: Property 'levenshteinDistance' is private and only accessible within class 'VoiceRecognitionService'.
src/test/security/voiceConfirmation.test.ts(59,32): error TS2341: Property 'levenshteinDistance' is private and only accessible within class 'VoiceRecognitionService'.
src/test/security/voiceConfirmation.test.ts(64,32): error TS2341: Property 'levenshteinDistance' is private and only accessible within class 'VoiceRecognitionService'.
src/test/security/voiceConfirmation.test.ts(69,32): error TS2341: Property 'levenshteinDistance' is private and only accessible within class 'VoiceRecognitionService'.
src/test/security/voiceConfirmation.test.ts(208,36): error TS2554: Expected 2 arguments, but got 1.
src/test/security/voiceConfirmation.test.ts(213,36): error TS2554: Expected 2 arguments, but got 1.
src/test/security/voiceConfirmation.test.ts(218,36): error TS2554: Expected 2 arguments, but got 1.
src/test/security/voiceConfirmation.test.ts(224,36): error TS2554: Expected 2 arguments, but got 1.
src/test/security/voiceConfirmation.test.ts(230,36): error TS2554: Expected 2 arguments, but got 1.
src/test/security/voiceConfirmation.test.ts(238,36): error TS2554: Expected 3 arguments, but got 2.
src/test/security/voiceConfirmation.test.ts(243,36): error TS2554: Expected 3 arguments, but got 2.
src/test/security/voiceConfirmation.test.ts(249,36): error TS2554: Expected 3 arguments, but got 2.
src/test/security/voiceConfirmation.test.ts(255,36): error TS2554: Expected 3 arguments, but got 2.
src/test/security/voiceConfirmation.test.ts(263,36): error TS2554: Expected 2 arguments, but got 1.
src/test/security/voiceConfirmation.test.ts(269,36): error TS2554: Expected 3 arguments, but got 2.
src/test/setup.ts(49,5): error TS2687: All declarations of 'SpeechRecognition' must have identical modifiers.
src/test/setup.ts(50,5): error TS2687: All declarations of 'webkitSpeechRecognition' must have identical modifiers.
src/test/setup.ts(86,3): error TS2322: Type 'DOMWindow' is not assignable to type 'Window & typeof globalThis'.
  Type 'DOMWindow' is not assignable to type 'Window'.
    Types of property 'self' are incompatible.
      Type 'DOMWindow' is not assignable to type 'Window & typeof globalThis'.
        Type 'DOMWindow' is missing the following properties from type 'typeof globalThis': AnalyserNode, Animation, AnimationEffect, AnimationEvent, and 497 more.
src/test/setup.ts(94,3): error TS2322: Type 'DOMWindow' is not assignable to type 'Window & typeof globalThis'.
  Type 'DOMWindow' is not assignable to type 'Window'.
    Types of property 'self' are incompatible.
      Type 'DOMWindow' is not assignable to type 'Window & typeof globalThis'.
        Type 'DOMWindow' is missing the following properties from type 'typeof globalThis': AnalyserNode, Animation, AnimationEffect, AnimationEvent, and 497 more.
src/test/stt/speechToTextService.test.ts(21,19): error TS2749: 'SpeechToTextService' refers to a value, but is being used as a type here. Did you mean 'typeof SpeechToTextService'?
src/test/stt/speechToTextService.test.ts(166,15): error TS18046: 'init' is of type 'unknown'.
src/test/stt/speechToTextService.test.ts(167,13): error TS18046: 'init' is of type 'unknown'.
src/test/ui/LGPDConsentFormDemo.tsx(59,13): error TS2322: Type '(values: LGPDConsentValues) => Promise<void>' is not assignable to type '(values: LGPDConsentState) => void | Promise<void>'.
  Types of parameters 'values' and 'values' are incompatible.
    Type 'LGPDConsentState' is missing the following properties from type 'LGPDConsentValues': personalization, communication, voiceProcessing, biometrics
src/test/utils/async-test-utils.ts(112,9): error TS2694: Namespace 'global.jest' has no exported member 'MockedFunction'.
src/test/utils/async-test-utils.ts(123,25): error TS2694: Namespace 'global.jest' has no exported member 'MockedFunction'.
src/test/utils/async-test-utils.ts(132,9): error TS2694: Namespace 'global.jest' has no exported member 'MockedFunction'.
src/test/utils/async-test-utils.ts(143,25): error TS2694: Namespace 'global.jest' has no exported member 'MockedFunction'.
src/test/utils/async-test-utils.ts(151,9): error TS2694: Namespace 'global.jest' has no exported member 'MockedFunction'.
src/test/utils/async-test-utils.ts(171,25): error TS2694: Namespace 'global.jest' has no exported member 'MockedFunction'.
src/test/utils/quality-control-integration.ts(58,10): error TS2339: Property 'testUtils' does not exist on type 'QualityControlTestingFramework'.
src/test/utils/quality-control-integration.ts(233,46): error TS2339: Property 'sources' does not exist on type '{ sources: { type: "context7" | "tavily" | "archon" | "project_memory"; query: string; result: unknown; confidence: number; }[]; recommendations: string[]; bestPractices: string[]; } | undefined'.
src/test/utils/quality-control-integration.ts(265,12): error TS7053: Element implicitly has an 'any' type because expression of type '"security" | "compliance" | "performance" | "code_quality"' can't be used to index type '{ code_quality: { confidence: number; query: string; result: { examples: string[]; solution: string; }; type: "context7"; }; performance: { confidence: number; query: string; result: { examples: string[]; solution: string; }; type: "archon"; }; security: { ...; }; }'.
  Property 'compliance' does not exist on type '{ code_quality: { confidence: number; query: string; result: { examples: string[]; solution: string; }; type: "context7"; }; performance: { confidence: number; query: string; result: { examples: string[]; solution: string; }; type: "archon"; }; security: { ...; }; }'.
src/test/utils/quality-control-integration.ts(321,34): error TS2339: Property 'atomicTasks' does not exist on type '{ atomicTasks: { id: string; name: string; estimatedTime: number; priority: "P0" | "P1" | "P2" | "P3"; dependencies: string[]; validationCriteria: string[]; }[]; } | undefined'.
src/test/utils/quality-control-integration.ts(382,69): error TS2339: Property 'atomicTasks' does not exist on type '{ atomicTasks: { id: string; name: string; estimatedTime: number; priority: "P0" | "P1" | "P2" | "P3"; dependencies: string[]; validationCriteria: string[]; }[]; } | undefined'.
src/test/utils/quality-control-integration.ts(426,46): error TS2339: Property 'recommendations' does not exist on type 'QualityControlPhase'.
src/test/utils/test-dom-setup.ts(82,9): error TS2322: Type '() => { bottom: number; height: number; left: number; right: number; top: number; width: number; x: number; y: number; }' is not assignable to type '() => DOMRect'.
  Property 'toJSON' is missing in type '{ bottom: number; height: number; left: number; right: number; top: number; width: number; x: number; y: number; }' but required in type 'DOMRect'.
src/test/utils/test-utils.ts(40,69): error TS2769: No overload matches this call.
  The last overload gave the following error.
    Argument of type '{ queryClient: QueryClient; }' is not assignable to parameter of type 'Attributes & { children: ReactNode; queryClient?: QueryClient | undefined; }'.
      Property 'children' is missing in type '{ queryClient: QueryClient; }' but required in type '{ children: ReactNode; queryClient?: QueryClient | undefined; }'.
