$ bunx tsc --noEmit
src/hooks/useFinancialEvents.ts(85,8): error TS6133: '_transactionType' is declared but its value is never read.
src/hooks/useFinancialEvents.ts(89,6): error TS6133: '_metadata' is declared but its value is never read.
src/hooks/useFinancialEvents.ts(92,6): error TS6133: '_installmentInfo' is declared but its value is never read.
src/lib/ai/tools/enhanced/insights.ts(396,8): error TS6133: '_secondCategory' is declared but its value is never read.
src/lib/ai/tools/enhanced/multimodal.ts(49,10): error TS6133: '_isValidBrazilianFinancialData' is declared but its value is never read.
src/lib/ai/tools/enhanced/multimodal.ts(769,10): error TS6133: '_getTrendDescription' is declared but its value is never read.
src/lib/debug.ts(43,9): error TS6133: '_formattedMessage' is declared but its value is never read.
src/lib/logging.ts(70,9): error TS6133: '_formattedMessage' is declared but its value is never read.
src/lib/logging/secure-logger.ts(242,10): error TS6133: '_formattedMessage' is declared but its value is never read.
src/lib/logging/secure-logger.ts(243,10): error TS6133: '_logContext' is declared but its value is never read.
src/lib/logging/secure-logger.ts(295,11): error TS6133: '_formattedMessage' is declared but its value is never read.
src/lib/logging/simplified-logger.ts(129,9): error TS6133: '_formattedMessage' is declared but its value is never read.
src/lib/security/audioEncryption.ts(290,8): error TS6133: '_key' is declared but its value is never read.
src/lib/security/secure-storage.ts(424,12): error TS6133: '_storageKey' is declared but its value is never read.
src/lib/speech/SpeechRecognitionService.ts(22,11): error TS6196: 'SpeechRecognitionEventMap' is declared but never used.
src/lib/tts/textToSpeechService.ts(143,10): error TS6133: 'currentUtterance' is declared but its value is never read.
src/routes/components/QuickActionModal.tsx(132,10): error TS6133: '_date' is declared but its value is never read.
src/routes/dashboard.lazy.tsx(50,8): error TS6133: '_navigate' is declared but its value is never read.
src/server/routes/v1/ai-chat.ts(45,10): error TS6133: '_isLGPDCompliantMessage' is declared but its value is never read.
src/server/routes/v1/voice.ts(21,7): error TS6133: '_MIN_AUTOMATION_CONFIDENCE' is declared but its value is never read.
src/test/ai-chat/useChatController.test.ts(163,9): error TS6133: 'firstResponse' is declared but its value is never read.
src/test/healthcare/api-security-validation.test.ts(455,9): error TS6133: '_apiCall' is declared but its value is never read.
src/test/healthcare/brazilian-financial-compliance.test.ts(271,9): error TS6133: '_transaction' is declared but its value is never read.
src/test/healthcare/healthcare-data-protection.test.ts(359,9): error TS6133: '_protectedRecord' is declared but its value is never read.
src/test/healthcare/healthcare-data-protection.test.ts(665,10): error TS6133: '_mockEncrypt' is declared but its value is never read.
src/test/healthcare/healthcare-data-protection.test.ts(894,10): error TS6133: '_voiceData' is declared but its value is never read.
src/test/healthcare/voice-interface.test.ts(485,10): error TS6133: 'onCommand' is declared but its value is never read.
src/test/healthcare/voice-interface.test.ts(486,10): error TS6133: 'retryCount' is declared but its value is never read.
src/test/healthcare/voice-interface.test.ts(530,10): error TS6133: 'onCommand' is declared but its value is never read.
src/test/matchers/lgpd-matchers.ts(11,11): error TS6196: 'LGPDDataAssessment' is declared but never used.
src/test/performance/database-performance.test.ts(103,10): error TS6133: 'executionTime' is declared but its value is never read.
src/test/performance/voiceCommandPerformance.test.ts(16,5): error TS6133: 'mockSpeechRecognitionInstance' is declared but its value is never read.
src/test/utils/api-test-utils.tsx(53,8): error TS6133: 'client' is declared but its value is never read.
src/test/utils/quality-control-integration.ts(49,10): error TS6133: '_testUtils' is declared but its value is never read.
